TN:
SF:src/__tests__/jest.setup.js
FNF:0
FNH:0
DA:2,0
DA:3,0
DA:4,0
LF:3
LH:0
BRDA:2,0,0,0
BRDA:2,0,1,0
BRDA:3,1,0,0
BRDA:3,1,1,0
BRDA:4,2,0,0
BRDA:4,2,1,0
BRF:6
BRH:0
end_of_record
TN:
SF:src/config/cacheStrategy.js
FN:10,(anonymous_0)
FN:27,(anonymous_1)
FN:31,(anonymous_2)
FN:33,(anonymous_3)
FN:46,(anonymous_4)
FN:54,(anonymous_5)
FN:79,(anonymous_6)
FN:88,(anonymous_7)
FN:97,(anonymous_8)
FN:107,(anonymous_9)
FN:115,(anonymous_10)
FN:123,(anonymous_11)
FN:142,(anonymous_12)
FN:157,(anonymous_13)
FN:169,(anonymous_14)
FN:185,(anonymous_15)
FN:200,(anonymous_16)
FNF:17
FNH:0
FNDA:0,(anonymous_0)
FNDA:0,(anonymous_1)
FNDA:0,(anonymous_2)
FNDA:0,(anonymous_3)
FNDA:0,(anonymous_4)
FNDA:0,(anonymous_5)
FNDA:0,(anonymous_6)
FNDA:0,(anonymous_7)
FNDA:0,(anonymous_8)
FNDA:0,(anonymous_9)
FNDA:0,(anonymous_10)
FNDA:0,(anonymous_11)
FNDA:0,(anonymous_12)
FNDA:0,(anonymous_13)
FNDA:0,(anonymous_14)
FNDA:0,(anonymous_15)
FNDA:0,(anonymous_16)
DA:6,0
DA:7,0
DA:11,0
DA:12,0
DA:28,0
DA:29,0
DA:31,0
DA:33,0
DA:38,0
DA:39,0
DA:42,0
DA:44,0
DA:46,0
DA:48,0
DA:49,0
DA:51,0
DA:54,0
DA:55,0
DA:57,0
DA:59,0
DA:62,0
DA:63,0
DA:65,0
DA:67,0
DA:69,0
DA:70,0
DA:71,0
DA:80,0
DA:81,0
DA:89,0
DA:90,0
DA:100,0
DA:108,0
DA:109,0
DA:116,0
DA:117,0
DA:124,0
DA:125,0
DA:127,0
DA:128,0
DA:129,0
DA:132,0
DA:135,0
DA:143,0
DA:144,0
DA:146,0
DA:147,0
DA:149,0
DA:150,0
DA:158,0
DA:159,0
DA:160,0
DA:162,0
DA:170,0
DA:171,0
DA:173,0
DA:174,0
DA:175,0
DA:178,0
DA:186,0
DA:187,0
DA:189,0
DA:190,0
DA:192,0
DA:193,0
DA:201,0
DA:202,0
DA:203,0
DA:204,0
DA:206,0
DA:211,0
LF:71
LH:0
BRDA:30,0,0,0
BRDA:30,0,1,0
BRDA:38,1,0,0
BRDA:38,1,1,0
BRDA:38,2,0,0
BRDA:38,2,1,0
BRDA:48,3,0,0
BRDA:48,3,1,0
BRDA:51,4,0,0
BRDA:51,4,1,0
BRDA:55,5,0,0
BRDA:55,5,1,0
BRDA:65,6,0,0
BRDA:65,6,1,0
BRDA:123,7,0,0
BRDA:125,8,0,0
BRDA:125,8,1,0
BRDA:128,9,0,0
BRDA:128,9,1,0
BRDA:144,10,0,0
BRDA:144,10,1,0
BRDA:147,11,0,0
BRDA:147,11,1,0
BRDA:159,12,0,0
BRDA:159,12,1,0
BRDA:171,13,0,0
BRDA:171,13,1,0
BRDA:174,14,0,0
BRDA:174,14,1,0
BRDA:187,15,0,0
BRDA:187,15,1,0
BRDA:202,16,0,0
BRDA:202,16,1,0
BRF:33
BRH:0
end_of_record
TN:
SF:src/config/databasePool.js
FN:13,(anonymous_0)
FN:44,(anonymous_1)
FN:48,(anonymous_2)
FN:58,(anonymous_3)
FN:63,(anonymous_4)
FN:75,(anonymous_5)
FN:93,(anonymous_6)
FN:104,(anonymous_7)
FN:116,(anonymous_8)
FNF:9
FNH:0
FNDA:0,(anonymous_0)
FNDA:0,(anonymous_1)
FNDA:0,(anonymous_2)
FNDA:0,(anonymous_3)
FNDA:0,(anonymous_4)
FNDA:0,(anonymous_5)
FNDA:0,(anonymous_6)
FNDA:0,(anonymous_7)
FNDA:0,(anonymous_8)
DA:6,0
DA:7,0
DA:14,0
DA:15,0
DA:17,0
DA:41,0
DA:44,0
DA:45,0
DA:48,0
DA:50,0
DA:52,0
DA:54,0
DA:55,0
DA:58,0
DA:59,0
DA:63,0
DA:64,0
DA:65,0
DA:66,0
DA:69,0
DA:78,0
DA:79,0
DA:80,0
DA:81,0
DA:83,0
DA:86,0
DA:87,0
DA:90,0
DA:91,0
DA:92,0
DA:93,0
DA:98,0
DA:105,0
DA:117,0
DA:118,0
DA:119,0
DA:125,0
DA:134,0
LF:38
LH:0
BRDA:19,0,0,0
BRDA:19,0,1,0
BRDA:19,1,0,0
BRDA:19,1,1,0
BRDA:20,2,0,0
BRDA:20,2,1,0
BRDA:20,3,0,0
BRDA:20,3,1,0
BRDA:23,4,0,0
BRDA:23,4,1,0
BRDA:24,5,0,0
BRDA:24,5,1,0
BRDA:25,6,0,0
BRDA:25,6,1,0
BRDA:31,7,0,0
BRDA:31,7,1,0
BRDA:31,8,0,0
BRDA:31,8,1,0
BRDA:34,9,0,0
BRDA:34,9,1,0
BRDA:50,10,0,0
BRDA:50,10,1,0
BRDA:75,11,0,0
BRDA:86,12,0,0
BRDA:86,12,1,0
BRDA:86,13,0,0
BRDA:86,13,1,0
BRDA:90,14,0,0
BRDA:90,14,1,0
BRDA:109,15,0,0
BRDA:109,15,1,0
BRF:31
BRH:0
end_of_record
TN:
SF:src/config/envConfig.js
FN:9,readSecret
FN:122,validateOrigin
FN:149,(anonymous_2)
FN:159,(anonymous_3)
FNF:4
FNH:0
FNDA:0,readSecret
FNDA:0,validateOrigin
FNDA:0,(anonymous_2)
FNDA:0,(anonymous_3)
DA:6,0
DA:7,0
DA:11,0
DA:13,0
DA:14,0
DA:16,0
DA:17,0
DA:18,0
DA:21,0
DA:100,0
DA:103,0
DA:104,0
DA:105,0
DA:108,0
DA:109,0
DA:112,0
DA:113,0
DA:123,0
DA:126,0
DA:127,0
DA:128,0
DA:132,0
DA:135,0
DA:149,0
DA:159,0
LF:25
LH:0
BRDA:7,0,0,0
BRDA:7,0,1,0
BRDA:11,1,0,0
BRDA:11,1,1,0
BRDA:14,2,0,0
BRDA:14,2,1,0
BRDA:14,3,0,0
BRDA:14,3,1,0
BRDA:17,4,0,0
BRDA:17,4,1,0
BRDA:33,5,0,0
BRDA:33,5,1,0
BRDA:48,6,0,0
BRDA:48,6,1,0
BRDA:49,7,0,0
BRDA:49,7,1,0
BRDA:56,8,0,0
BRDA:56,8,1,0
BRDA:56,8,2,0
BRDA:73,9,0,0
BRDA:73,9,1,0
BRDA:74,10,0,0
BRDA:74,10,1,0
BRDA:82,11,0,0
BRDA:82,11,1,0
BRDA:86,12,0,0
BRDA:86,12,1,0
BRDA:100,13,0,0
BRDA:100,13,1,0
BRDA:103,14,0,0
BRDA:103,14,1,0
BRDA:104,15,0,0
BRDA:104,15,1,0
BRDA:104,16,0,0
BRDA:104,16,1,0
BRDA:108,17,0,0
BRDA:108,17,1,0
BRDA:112,18,0,0
BRDA:112,18,1,0
BRDA:112,19,0,0
BRDA:112,19,1,0
BRDA:123,20,0,0
BRDA:123,20,1,0
BRDA:126,21,0,0
BRDA:126,21,1,0
BRDA:127,22,0,0
BRDA:127,22,1,0
BRDA:127,23,0,0
BRDA:127,23,1,0
BRDA:153,24,0,0
BRDA:153,24,1,0
BRF:51
BRH:0
end_of_record
TN:
SF:src/config/envValidator.js
FN:10,(anonymous_0)
FN:79,validateEnv
FN:90,(anonymous_2)
FNF:3
FNH:0
FNDA:0,(anonymous_0)
FNDA:0,validateEnv
FNDA:0,(anonymous_2)
DA:6,0
DA:9,0
DA:12,0
DA:13,0
DA:16,0
DA:17,0
DA:18,0
DA:20,0
DA:25,0
DA:80,0
DA:81,0
DA:83,0
DA:86,0
DA:88,0
DA:89,0
DA:90,0
DA:91,0
DA:95,0
DA:96,0
DA:108,0
DA:109,0
DA:120,0
DA:124,0
LF:23
LH:0
BRDA:12,0,0,0
BRDA:12,0,1,0
BRDA:12,1,0,0
BRDA:12,1,1,0
BRDA:12,1,2,0
BRDA:83,2,0,0
BRDA:83,2,1,0
BRDA:89,3,0,0
BRDA:89,3,1,0
BRDA:95,4,0,0
BRDA:95,4,1,0
BRDA:108,5,0,0
BRDA:108,5,1,0
BRDA:108,6,0,0
BRDA:108,6,1,0
BRDA:110,7,0,0
BRDA:110,7,1,0
BRDA:111,8,0,0
BRDA:111,8,1,0
BRDA:112,9,0,0
BRDA:112,9,1,0
BRDA:113,10,0,0
BRDA:113,10,1,0
BRDA:114,11,0,0
BRDA:114,11,1,0
BRDA:115,12,0,0
BRDA:115,12,1,0
BRF:27
BRH:0
end_of_record
TN:
SF:src/config/prometheus.js
FN:90,metricsMiddleware
FN:94,(anonymous_1)
FN:117,(anonymous_2)
FN:122,(anonymous_3)
FN:126,(anonymous_4)
FN:130,(anonymous_5)
FN:134,(anonymous_6)
FN:138,(anonymous_7)
FN:146,metricsEndpoint
FNF:9
FNH:0
FNDA:0,metricsMiddleware
FNDA:0,(anonymous_1)
FNDA:0,(anonymous_2)
FNDA:0,(anonymous_3)
FNDA:0,(anonymous_4)
FNDA:0,(anonymous_5)
FNDA:0,(anonymous_6)
FNDA:0,(anonymous_7)
FNDA:0,metricsEndpoint
DA:6,0
DA:16,0
DA:24,0
DA:31,0
DA:38,0
DA:45,0
DA:52,0
DA:59,0
DA:66,0
DA:73,0
DA:80,0
DA:91,0
DA:92,0
DA:94,0
DA:95,0
DA:96,0
DA:97,0
DA:100,0
DA:101,0
DA:103,0
DA:104,0
DA:107,0
DA:110,0
DA:116,0
DA:118,0
DA:119,0
DA:123,0
DA:127,0
DA:131,0
DA:135,0
DA:139,0
DA:147,0
DA:148,0
DA:151,0
LF:34
LH:0
BRDA:96,0,0,0
BRDA:96,0,1,0
BRDA:103,1,0,0
BRDA:103,1,1,0
BRDA:104,2,0,0
BRDA:104,2,1,0
BRDA:117,3,0,0
BRDA:122,4,0,0
BRDA:130,5,0,0
BRDA:134,6,0,0
BRF:10
BRH:0
end_of_record
TN:
SF:src/config/sentry.js
FN:9,initializeSentry
FN:36,(anonymous_1)
FN:82,captureException
FN:92,captureMessage
FN:98,startTransaction
FNF:5
FNH:0
FNDA:0,initializeSentry
FNDA:0,(anonymous_1)
FNDA:0,captureException
FNDA:0,captureMessage
FNDA:0,startTransaction
DA:6,0
DA:7,0
DA:10,0
DA:11,0
DA:13,0
DA:14,0
DA:15,0
DA:18,0
DA:21,0
DA:38,0
DA:40,0
DA:41,0
DA:43,0
DA:44,0
DA:49,0
DA:54,0
DA:55,0
DA:58,0
DA:72,0
DA:73,0
DA:76,0
DA:78,0
DA:79,0
DA:83,0
DA:85,0
DA:93,0
DA:95,0
DA:99,0
DA:101,0
DA:107,0
LF:30
LH:0
BRDA:11,0,0,0
BRDA:11,0,1,0
BRDA:13,1,0,0
BRDA:13,1,1,0
BRDA:14,2,0,0
BRDA:14,2,1,0
BRDA:30,3,0,0
BRDA:30,3,1,0
BRDA:31,4,0,0
BRDA:31,4,1,0
BRDA:35,5,0,0
BRDA:35,5,1,0
BRDA:38,6,0,0
BRDA:38,6,1,0
BRDA:40,7,0,0
BRDA:40,7,1,0
BRDA:43,8,0,0
BRDA:43,8,1,0
BRDA:43,9,0,0
BRDA:43,9,1,0
BRDA:49,10,0,0
BRDA:49,10,1,0
BRDA:50,11,0,0
BRDA:50,11,1,0
BRDA:50,11,2,0
BRDA:78,12,0,0
BRDA:78,12,1,0
BRDA:82,13,0,0
BRDA:83,14,0,0
BRDA:83,14,1,0
BRDA:92,15,0,0
BRDA:92,16,0,0
BRDA:93,17,0,0
BRDA:93,17,1,0
BRDA:98,18,0,0
BRDA:99,19,0,0
BRDA:99,19,1,0
BRF:37
BRH:0
end_of_record
TN:
SF:src/config/swagger.js
FN:116,initializeSwagger
FN:124,(anonymous_1)
FNF:2
FNH:0
FNDA:0,initializeSwagger
FNDA:0,(anonymous_1)
DA:6,0
DA:7,0
DA:12,0
DA:111,0
DA:118,0
DA:124,0
DA:125,0
DA:126,0
DA:130,0
DA:133,0
LF:10
LH:0
BRF:0
BRH:0
end_of_record
TN:
SF:src/controllers/AdminController.js
FN:11,(anonymous_0)
FN:12,(anonymous_1)
FN:13,(anonymous_2)
FN:14,(anonymous_3)
FN:21,(anonymous_4)
FN:22,(anonymous_5)
FN:23,(anonymous_6)
FN:34,(anonymous_7)
FN:102,(anonymous_8)
FN:144,(anonymous_9)
FN:200,(anonymous_10)
FN:224,(anonymous_11)
FN:252,(anonymous_12)
FN:287,(anonymous_13)
FNF:14
FNH:5
FNDA:7,(anonymous_0)
FNDA:7,(anonymous_1)
FNDA:7,(anonymous_2)
FNDA:7,(anonymous_3)
FNDA:0,(anonymous_4)
FNDA:0,(anonymous_5)
FNDA:0,(anonymous_6)
FNDA:7,(anonymous_7)
FNDA:0,(anonymous_8)
FNDA:0,(anonymous_9)
FNDA:0,(anonymous_10)
FNDA:0,(anonymous_11)
FNDA:0,(anonymous_12)
FNDA:0,(anonymous_13)
DA:6,1
DA:7,1
DA:9,1
DA:11,7
DA:12,1
DA:13,7
DA:14,7
DA:15,7
DA:16,0
DA:21,1
DA:22,0
DA:23,0
DA:24,0
DA:25,0
DA:35,7
DA:36,7
DA:37,7
DA:40,7
DA:49,0
DA:52,0
DA:60,0
DA:63,0
DA:77,0
DA:80,0
DA:88,0
DA:90,0
DA:91,0
DA:93,7
DA:94,7
DA:95,7
DA:103,0
DA:104,0
DA:105,0
DA:108,0
DA:109,0
DA:110,0
DA:111,0
DA:112,0
DA:113,0
DA:115,0
DA:116,0
DA:119,0
DA:131,0
DA:132,0
DA:133,0
DA:135,0
DA:136,0
DA:137,0
DA:145,0
DA:146,0
DA:147,0
DA:149,0
DA:167,0
DA:169,0
DA:170,0
DA:171,0
DA:174,0
DA:175,0
DA:176,0
DA:179,0
DA:180,0
DA:181,0
DA:184,0
DA:185,0
DA:187,0
DA:188,0
DA:189,0
DA:191,0
DA:192,0
DA:193,0
DA:201,0
DA:202,0
DA:203,0
DA:212,0
DA:213,0
DA:215,0
DA:216,0
DA:217,0
DA:225,0
DA:226,0
DA:227,0
DA:240,0
DA:241,0
DA:243,0
DA:244,0
DA:245,0
DA:253,0
DA:254,0
DA:255,0
DA:275,0
DA:276,0
DA:278,0
DA:279,0
DA:280,0
DA:288,0
DA:289,0
DA:290,0
DA:292,0
DA:308,0
DA:309,0
DA:310,0
DA:311,0
DA:314,0
DA:316,0
DA:317,0
DA:318,0
DA:320,0
DA:321,0
DA:322,0
DA:327,1
LF:110
LH:17
BRDA:12,0,0,7
BRDA:15,1,0,7
BRDA:15,1,1,0
BRDA:21,2,0,0
BRDA:24,3,0,0
BRDA:24,3,1,0
BRDA:25,4,0,0
BRDA:25,4,1,0
BRDA:105,5,0,0
BRDA:108,6,0,0
BRDA:108,6,1,0
BRDA:111,7,0,0
BRDA:111,7,1,0
BRDA:147,8,0,0
BRDA:147,9,0,0
BRDA:169,10,0,0
BRDA:169,10,1,0
BRDA:174,11,0,0
BRDA:174,11,1,0
BRDA:179,12,0,0
BRDA:179,12,1,0
BRDA:309,13,0,0
BRDA:309,13,1,0
BRF:23
BRH:2
end_of_record
TN:
SF:src/controllers/AdminDashboardController.js
FN:9,(anonymous_0)
FN:17,(anonymous_1)
FN:65,(anonymous_2)
FN:87,(anonymous_3)
FN:110,(anonymous_4)
FN:131,(anonymous_5)
FN:154,(anonymous_6)
FNF:7
FNH:0
FNDA:0,(anonymous_0)
FNDA:0,(anonymous_1)
FNDA:0,(anonymous_2)
FNDA:0,(anonymous_3)
FNDA:0,(anonymous_4)
FNDA:0,(anonymous_5)
FNDA:0,(anonymous_6)
DA:6,0
DA:10,0
DA:18,0
DA:19,0
DA:22,0
DA:23,0
DA:30,0
DA:38,0
DA:53,0
DA:54,0
DA:66,0
DA:67,0
DA:68,0
DA:70,0
DA:75,0
DA:76,0
DA:88,0
DA:89,0
DA:90,0
DA:92,0
DA:98,0
DA:99,0
DA:111,0
DA:112,0
DA:114,0
DA:119,0
DA:120,0
DA:132,0
DA:133,0
DA:134,0
DA:136,0
DA:142,0
DA:143,0
DA:155,0
DA:156,0
DA:157,0
DA:159,0
DA:165,0
DA:166,0
DA:174,0
LF:40
LH:0
BRDA:19,0,0,0
BRDA:22,1,0,0
BRDA:22,1,1,0
BRDA:56,2,0,0
BRDA:56,2,1,0
BRDA:67,3,0,0
BRDA:89,4,0,0
BRDA:133,5,0,0
BRDA:156,6,0,0
BRF:9
BRH:0
end_of_record
TN:
SF:src/controllers/Advanced2FAController.js
FN:36,(anonymous_0)
FN:77,(anonymous_1)
FN:117,(anonymous_2)
FN:155,(anonymous_3)
FN:195,(anonymous_4)
FN:236,(anonymous_5)
FN:275,(anonymous_6)
FN:313,(anonymous_7)
FN:354,(anonymous_8)
FN:390,(anonymous_9)
FN:430,(anonymous_10)
FN:467,(anonymous_11)
FNF:12
FNH:0
FNDA:0,(anonymous_0)
FNDA:0,(anonymous_1)
FNDA:0,(anonymous_2)
FNDA:0,(anonymous_3)
FNDA:0,(anonymous_4)
FNDA:0,(anonymous_5)
FNDA:0,(anonymous_6)
FNDA:0,(anonymous_7)
FNDA:0,(anonymous_8)
FNDA:0,(anonymous_9)
FNDA:0,(anonymous_10)
FNDA:0,(anonymous_11)
DA:6,0
DA:7,0
DA:8,0
DA:10,0
DA:36,0
DA:37,0
DA:38,0
DA:40,0
DA:41,0
DA:44,0
DA:46,0
DA:48,0
DA:49,0
DA:77,0
DA:78,0
DA:79,0
DA:81,0
DA:82,0
DA:85,0
DA:87,0
DA:89,0
DA:90,0
DA:117,0
DA:118,0
DA:119,0
DA:121,0
DA:122,0
DA:125,0
DA:127,0
DA:129,0
DA:130,0
DA:155,0
DA:156,0
DA:157,0
DA:159,0
DA:160,0
DA:163,0
DA:165,0
DA:167,0
DA:168,0
DA:195,0
DA:196,0
DA:197,0
DA:199,0
DA:200,0
DA:203,0
DA:205,0
DA:207,0
DA:208,0
DA:236,0
DA:237,0
DA:238,0
DA:240,0
DA:241,0
DA:244,0
DA:246,0
DA:248,0
DA:249,0
DA:275,0
DA:276,0
DA:277,0
DA:279,0
DA:280,0
DA:283,0
DA:285,0
DA:287,0
DA:288,0
DA:313,0
DA:314,0
DA:315,0
DA:317,0
DA:318,0
DA:321,0
DA:323,0
DA:325,0
DA:326,0
DA:354,0
DA:355,0
DA:356,0
DA:358,0
DA:359,0
DA:362,0
DA:364,0
DA:366,0
DA:367,0
DA:390,0
DA:391,0
DA:392,0
DA:394,0
DA:395,0
DA:398,0
DA:400,0
DA:402,0
DA:403,0
DA:430,0
DA:431,0
DA:432,0
DA:433,0
DA:435,0
DA:436,0
DA:439,0
DA:441,0
DA:443,0
DA:444,0
DA:467,0
DA:468,0
DA:469,0
DA:471,0
DA:472,0
DA:475,0
DA:477,0
DA:479,0
DA:480,0
DA:484,0
LF:114
LH:0
BRDA:40,0,0,0
BRDA:40,0,1,0
BRDA:40,1,0,0
BRDA:40,1,1,0
BRDA:81,2,0,0
BRDA:81,2,1,0
BRDA:81,3,0,0
BRDA:81,3,1,0
BRDA:119,4,0,0
BRDA:121,5,0,0
BRDA:121,5,1,0
BRDA:159,6,0,0
BRDA:159,6,1,0
BRDA:159,7,0,0
BRDA:159,7,1,0
BRDA:199,8,0,0
BRDA:199,8,1,0
BRDA:240,9,0,0
BRDA:240,9,1,0
BRDA:240,10,0,0
BRDA:240,10,1,0
BRDA:279,11,0,0
BRDA:279,11,1,0
BRDA:317,12,0,0
BRDA:317,12,1,0
BRDA:317,13,0,0
BRDA:317,13,1,0
BRDA:358,14,0,0
BRDA:358,14,1,0
BRDA:358,15,0,0
BRDA:358,15,1,0
BRDA:394,16,0,0
BRDA:394,16,1,0
BRDA:435,17,0,0
BRDA:435,17,1,0
BRDA:471,18,0,0
BRDA:471,18,1,0
BRF:37
BRH:0
end_of_record
TN:
SF:src/controllers/AdvancedEmailController.js
FN:38,(anonymous_0)
FN:69,(anonymous_1)
FN:103,(anonymous_2)
FN:139,(anonymous_3)
FN:181,(anonymous_4)
FN:227,(anonymous_5)
FN:267,(anonymous_6)
FN:298,(anonymous_7)
FN:327,(anonymous_8)
FN:369,(anonymous_9)
FN:417,(anonymous_10)
FN:453,(anonymous_11)
FN:486,(anonymous_12)
FN:524,(anonymous_13)
FN:559,(anonymous_14)
FN:591,(anonymous_15)
FNF:16
FNH:0
FNDA:0,(anonymous_0)
FNDA:0,(anonymous_1)
FNDA:0,(anonymous_2)
FNDA:0,(anonymous_3)
FNDA:0,(anonymous_4)
FNDA:0,(anonymous_5)
FNDA:0,(anonymous_6)
FNDA:0,(anonymous_7)
FNDA:0,(anonymous_8)
FNDA:0,(anonymous_9)
FNDA:0,(anonymous_10)
FNDA:0,(anonymous_11)
FNDA:0,(anonymous_12)
FNDA:0,(anonymous_13)
FNDA:0,(anonymous_14)
FNDA:0,(anonymous_15)
DA:6,0
DA:7,0
DA:8,0
DA:10,0
DA:38,0
DA:39,0
DA:40,0
DA:42,0
DA:43,0
DA:46,0
DA:48,0
DA:50,0
DA:51,0
DA:69,0
DA:70,0
DA:71,0
DA:72,0
DA:74,0
DA:75,0
DA:103,0
DA:104,0
DA:105,0
DA:106,0
DA:108,0
DA:110,0
DA:111,0
DA:139,0
DA:140,0
DA:141,0
DA:143,0
DA:144,0
DA:147,0
DA:149,0
DA:151,0
DA:152,0
DA:181,0
DA:182,0
DA:183,0
DA:185,0
DA:186,0
DA:189,0
DA:196,0
DA:198,0
DA:199,0
DA:227,0
DA:228,0
DA:229,0
DA:231,0
DA:232,0
DA:235,0
DA:237,0
DA:239,0
DA:240,0
DA:267,0
DA:268,0
DA:269,0
DA:271,0
DA:272,0
DA:275,0
DA:277,0
DA:279,0
DA:280,0
DA:298,0
DA:299,0
DA:300,0
DA:301,0
DA:303,0
DA:304,0
DA:327,0
DA:328,0
DA:329,0
DA:331,0
DA:333,0
DA:335,0
DA:336,0
DA:369,0
DA:370,0
DA:371,0
DA:372,0
DA:374,0
DA:375,0
DA:378,0
DA:385,0
DA:387,0
DA:388,0
DA:417,0
DA:418,0
DA:419,0
DA:421,0
DA:422,0
DA:425,0
DA:427,0
DA:429,0
DA:430,0
DA:453,0
DA:454,0
DA:455,0
DA:457,0
DA:459,0
DA:461,0
DA:462,0
DA:486,0
DA:487,0
DA:488,0
DA:490,0
DA:491,0
DA:494,0
DA:496,0
DA:498,0
DA:499,0
DA:524,0
DA:525,0
DA:526,0
DA:528,0
DA:529,0
DA:532,0
DA:534,0
DA:536,0
DA:537,0
DA:559,0
DA:560,0
DA:561,0
DA:563,0
DA:565,0
DA:567,0
DA:568,0
DA:591,0
DA:592,0
DA:593,0
DA:595,0
DA:597,0
DA:599,0
DA:600,0
DA:604,0
LF:134
LH:0
BRDA:40,0,0,0
BRDA:40,1,0,0
BRDA:42,2,0,0
BRDA:42,2,1,0
BRDA:42,3,0,0
BRDA:42,3,1,0
BRDA:42,3,2,0
BRDA:141,4,0,0
BRDA:143,5,0,0
BRDA:143,5,1,0
BRDA:143,6,0,0
BRDA:143,6,1,0
BRDA:183,7,0,0
BRDA:185,8,0,0
BRDA:185,8,1,0
BRDA:185,9,0,0
BRDA:185,9,1,0
BRDA:185,9,2,0
BRDA:229,10,0,0
BRDA:231,11,0,0
BRDA:231,11,1,0
BRDA:231,12,0,0
BRDA:231,12,1,0
BRDA:269,13,0,0
BRDA:271,14,0,0
BRDA:271,14,1,0
BRDA:372,15,0,0
BRDA:374,16,0,0
BRDA:374,16,1,0
BRDA:374,17,0,0
BRDA:374,17,1,0
BRDA:419,18,0,0
BRDA:421,19,0,0
BRDA:421,19,1,0
BRDA:421,20,0,0
BRDA:421,20,1,0
BRDA:421,20,2,0
BRDA:490,21,0,0
BRDA:490,21,1,0
BRDA:528,22,0,0
BRDA:528,22,1,0
BRDA:528,23,0,0
BRDA:528,23,1,0
BRDA:561,24,0,0
BRF:44
BRH:0
end_of_record
TN:
SF:src/controllers/AdvancedPaymentController.js
FN:36,(anonymous_0)
FN:77,(anonymous_1)
FN:118,(anonymous_2)
FN:160,(anonymous_3)
FN:204,(anonymous_4)
FN:248,(anonymous_5)
FN:290,(anonymous_6)
FN:331,(anonymous_7)
FN:369,(anonymous_8)
FN:402,(anonymous_9)
FN:429,(anonymous_10)
FNF:11
FNH:0
FNDA:0,(anonymous_0)
FNDA:0,(anonymous_1)
FNDA:0,(anonymous_2)
FNDA:0,(anonymous_3)
FNDA:0,(anonymous_4)
FNDA:0,(anonymous_5)
FNDA:0,(anonymous_6)
FNDA:0,(anonymous_7)
FNDA:0,(anonymous_8)
FNDA:0,(anonymous_9)
FNDA:0,(anonymous_10)
DA:6,0
DA:7,0
DA:8,0
DA:10,0
DA:36,0
DA:37,0
DA:38,0
DA:40,0
DA:41,0
DA:44,0
DA:46,0
DA:48,0
DA:49,0
DA:77,0
DA:78,0
DA:79,0
DA:81,0
DA:82,0
DA:85,0
DA:87,0
DA:89,0
DA:90,0
DA:118,0
DA:119,0
DA:120,0
DA:122,0
DA:123,0
DA:126,0
DA:128,0
DA:130,0
DA:131,0
DA:160,0
DA:161,0
DA:162,0
DA:164,0
DA:165,0
DA:168,0
DA:170,0
DA:172,0
DA:173,0
DA:204,0
DA:205,0
DA:206,0
DA:207,0
DA:209,0
DA:210,0
DA:213,0
DA:215,0
DA:217,0
DA:218,0
DA:248,0
DA:249,0
DA:250,0
DA:252,0
DA:253,0
DA:256,0
DA:264,0
DA:266,0
DA:267,0
DA:290,0
DA:291,0
DA:292,0
DA:294,0
DA:296,0
DA:297,0
DA:300,0
DA:302,0
DA:303,0
DA:331,0
DA:332,0
DA:333,0
DA:334,0
DA:336,0
DA:338,0
DA:339,0
DA:369,0
DA:370,0
DA:371,0
DA:372,0
DA:374,0
DA:376,0
DA:378,0
DA:379,0
DA:402,0
DA:403,0
DA:404,0
DA:406,0
DA:408,0
DA:410,0
DA:411,0
DA:429,0
DA:430,0
DA:431,0
DA:432,0
DA:434,0
DA:435,0
DA:439,0
LF:97
LH:0
BRDA:40,0,0,0
BRDA:40,0,1,0
BRDA:40,1,0,0
BRDA:40,1,1,0
BRDA:40,1,2,0
BRDA:81,2,0,0
BRDA:81,2,1,0
BRDA:81,3,0,0
BRDA:81,3,1,0
BRDA:81,3,2,0
BRDA:122,4,0,0
BRDA:122,4,1,0
BRDA:122,5,0,0
BRDA:122,5,1,0
BRDA:122,5,2,0
BRDA:164,6,0,0
BRDA:164,6,1,0
BRDA:164,7,0,0
BRDA:164,7,1,0
BRDA:164,7,2,0
BRDA:164,7,3,0
BRDA:209,8,0,0
BRDA:209,8,1,0
BRDA:250,9,0,0
BRDA:252,10,0,0
BRDA:252,10,1,0
BRDA:252,11,0,0
BRDA:252,11,1,0
BRDA:252,11,2,0
BRDA:252,11,3,0
BRDA:296,12,0,0
BRDA:296,12,1,0
BRF:32
BRH:0
end_of_record
TN:
SF:src/controllers/AnalyticsController.js
FN:11,(anonymous_0)
FN:21,(anonymous_1)
FN:28,(anonymous_2)
FN:35,(anonymous_3)
FN:41,(anonymous_4)
FN:47,(anonymous_5)
FN:53,(anonymous_6)
FN:59,(anonymous_7)
FNF:8
FNH:0
FNDA:0,(anonymous_0)
FNDA:0,(anonymous_1)
FNDA:0,(anonymous_2)
FNDA:0,(anonymous_3)
FNDA:0,(anonymous_4)
FNDA:0,(anonymous_5)
FNDA:0,(anonymous_6)
FNDA:0,(anonymous_7)
DA:6,0
DA:7,0
DA:8,0
DA:11,0
DA:12,0
DA:13,0
DA:14,0
DA:16,0
DA:21,0
DA:22,0
DA:23,0
DA:24,0
DA:28,0
DA:29,0
DA:30,0
DA:31,0
DA:35,0
DA:36,0
DA:37,0
DA:41,0
DA:42,0
DA:43,0
DA:47,0
DA:48,0
DA:49,0
DA:53,0
DA:54,0
DA:55,0
DA:59,0
DA:60,0
DA:61,0
DA:62,0
DA:65,0
LF:33
LH:0
BRDA:22,0,0,0
BRDA:29,1,0,0
BRF:2
BRH:0
end_of_record
TN:
SF:src/controllers/AuthController.js
FN:12,validateCNPJ
FN:57,(anonymous_1)
FN:183,(anonymous_2)
FN:184,(anonymous_3)
FN:247,(anonymous_4)
FN:332,(anonymous_5)
FN:347,(anonymous_6)
FN:348,(anonymous_7)
FN:358,(anonymous_8)
FN:359,(anonymous_9)
FN:395,(anonymous_10)
FN:407,(anonymous_11)
FNF:12
FNH:6
FNDA:0,validateCNPJ
FNDA:13,(anonymous_1)
FNDA:1,(anonymous_2)
FNDA:1,(anonymous_3)
FNDA:9,(anonymous_4)
FNDA:0,(anonymous_5)
FNDA:0,(anonymous_6)
FNDA:0,(anonymous_7)
FNDA:0,(anonymous_8)
FNDA:0,(anonymous_9)
FNDA:2,(anonymous_10)
FNDA:3,(anonymous_11)
DA:6,1
DA:7,1
DA:8,1
DA:9,1
DA:13,0
DA:16,0
DA:18,0
DA:21,0
DA:22,0
DA:25,0
DA:26,0
DA:27,0
DA:29,0
DA:31,0
DA:32,0
DA:33,0
DA:36,0
DA:37,0
DA:38,0
DA:40,0
DA:44,1
DA:45,1
DA:46,1
DA:48,1
DA:49,0
DA:50,0
DA:58,13
DA:80,13
DA:83,12
DA:84,6
DA:90,6
DA:91,6
DA:92,1
DA:98,5
DA:99,5
DA:100,0
DA:106,5
DA:107,1
DA:108,1
DA:109,0
DA:115,1
DA:116,0
DA:117,0
DA:126,5
DA:131,4
DA:132,0
DA:139,4
DA:142,4
DA:143,0
DA:144,0
DA:149,0
DA:150,0
DA:157,4
DA:164,4
DA:167,1
DA:168,1
DA:169,1
DA:170,1
DA:171,1
DA:172,1
DA:173,1
DA:174,1
DA:175,1
DA:176,1
DA:177,1
DA:178,1
DA:179,1
DA:181,1
DA:182,1
DA:183,1
DA:184,1
DA:186,1
DA:187,1
DA:197,1
DA:208,1
DA:214,1
DA:235,5
DA:237,5
DA:248,9
DA:249,9
DA:251,9
DA:252,1
DA:258,8
DA:263,4
DA:264,2
DA:269,2
DA:270,2
DA:276,0
DA:277,0
DA:278,0
DA:284,0
DA:295,0
DA:301,0
DA:322,4
DA:323,4
DA:333,0
DA:334,0
DA:335,0
DA:338,0
DA:346,0
DA:347,0
DA:348,0
DA:351,0
DA:352,0
DA:357,0
DA:358,0
DA:359,0
DA:361,0
DA:367,0
DA:369,0
DA:385,0
DA:386,0
DA:398,2
DA:408,3
DA:409,3
DA:411,3
DA:412,0
DA:417,3
DA:422,2
DA:424,2
DA:425,2
DA:430,0
DA:441,0
DA:447,1
DA:448,1
DA:455,1
LF:126
LH:73
BRDA:13,0,0,0
BRDA:13,0,1,0
BRDA:16,1,0,0
BRDA:16,1,1,0
BRDA:26,2,0,0
BRDA:26,2,1,0
BRDA:29,3,0,0
BRDA:29,3,1,0
BRDA:37,4,0,0
BRDA:37,4,1,0
BRDA:44,5,0,1
BRDA:44,5,1,1
BRDA:45,6,0,1
BRDA:45,6,1,1
BRDA:48,7,0,0
BRDA:48,7,1,1
BRDA:48,8,0,1
BRDA:48,8,1,0
BRDA:48,8,2,0
BRDA:65,9,0,11
BRDA:83,10,0,6
BRDA:83,10,1,6
BRDA:83,11,0,12
BRDA:83,11,1,8
BRDA:83,11,2,6
BRDA:83,11,3,6
BRDA:91,12,0,1
BRDA:91,12,1,5
BRDA:99,13,0,0
BRDA:99,13,1,5
BRDA:106,14,0,1
BRDA:106,14,1,4
BRDA:108,15,0,0
BRDA:108,15,1,1
BRDA:115,16,0,0
BRDA:115,16,1,1
BRDA:116,17,0,0
BRDA:116,17,1,0
BRDA:131,18,0,0
BRDA:131,18,1,4
BRDA:142,19,0,0
BRDA:142,19,1,4
BRDA:143,20,0,0
BRDA:143,20,1,0
BRDA:143,21,0,0
BRDA:143,21,1,0
BRDA:149,22,0,0
BRDA:149,22,1,0
BRDA:149,23,0,0
BRDA:149,23,1,0
BRDA:164,24,0,4
BRDA:164,24,1,0
BRDA:164,24,2,0
BRDA:164,24,3,0
BRDA:164,24,4,0
BRDA:164,24,5,0
BRDA:169,25,0,1
BRDA:169,25,1,0
BRDA:170,26,0,0
BRDA:170,26,1,1
BRDA:171,27,0,0
BRDA:171,27,1,1
BRDA:172,28,0,0
BRDA:172,28,1,1
BRDA:173,29,0,0
BRDA:173,29,1,1
BRDA:174,30,0,0
BRDA:174,30,1,1
BRDA:175,31,0,0
BRDA:175,31,1,1
BRDA:176,32,0,0
BRDA:176,32,1,1
BRDA:177,33,0,0
BRDA:177,33,1,1
BRDA:178,34,0,0
BRDA:178,34,1,1
BRDA:179,35,0,0
BRDA:179,35,1,1
BRDA:182,36,0,1
BRDA:182,36,1,0
BRDA:182,37,0,1
BRDA:182,37,1,1
BRDA:235,38,0,5
BRDA:235,38,1,0
BRDA:239,39,0,0
BRDA:239,39,1,5
BRDA:239,40,0,0
BRDA:239,40,1,0
BRDA:251,41,0,1
BRDA:251,41,1,8
BRDA:251,42,0,9
BRDA:251,42,1,9
BRDA:263,43,0,2
BRDA:263,43,1,2
BRDA:269,44,0,2
BRDA:269,44,1,0
BRDA:277,45,0,0
BRDA:277,45,1,0
BRDA:351,46,0,0
BRDA:351,46,1,0
BRDA:411,47,0,0
BRDA:411,47,1,3
BRDA:424,48,0,2
BRDA:424,48,1,0
BRF:104
BRH:48
end_of_record
TN:
SF:src/controllers/AutoPlaceholderController.js
FN:8,(anonymous_0)
FN:11,(anonymous_1)
FN:14,(anonymous_2)
FN:17,(anonymous_3)
FN:20,(anonymous_4)
FN:24,(anonymous_5)
FNF:6
FNH:0
FNDA:0,(anonymous_0)
FNDA:0,(anonymous_1)
FNDA:0,(anonymous_2)
FNDA:0,(anonymous_3)
FNDA:0,(anonymous_4)
FNDA:0,(anonymous_5)
DA:7,0
DA:9,0
DA:12,0
DA:15,0
DA:18,0
DA:21,0
DA:25,0
LF:7
LH:0
BRF:0
BRH:0
end_of_record
TN:
SF:src/controllers/AutoSchedulingController.js
FN:11,(anonymous_0)
FN:27,(anonymous_1)
FN:38,(anonymous_2)
FN:49,(anonymous_3)
FN:59,(anonymous_4)
FN:69,(anonymous_5)
FN:84,(anonymous_6)
FN:95,(anonymous_7)
FNF:8
FNH:0
FNDA:0,(anonymous_0)
FNDA:0,(anonymous_1)
FNDA:0,(anonymous_2)
FNDA:0,(anonymous_3)
FNDA:0,(anonymous_4)
FNDA:0,(anonymous_5)
FNDA:0,(anonymous_6)
FNDA:0,(anonymous_7)
DA:6,0
DA:7,0
DA:8,0
DA:11,0
DA:12,0
DA:13,0
DA:14,0
DA:20,0
DA:22,0
DA:27,0
DA:28,0
DA:29,0
DA:30,0
DA:31,0
DA:33,0
DA:38,0
DA:39,0
DA:40,0
DA:41,0
DA:42,0
DA:44,0
DA:49,0
DA:50,0
DA:51,0
DA:52,0
DA:54,0
DA:59,0
DA:60,0
DA:61,0
DA:62,0
DA:64,0
DA:69,0
DA:70,0
DA:71,0
DA:72,0
DA:77,0
DA:79,0
DA:84,0
DA:85,0
DA:86,0
DA:87,0
DA:90,0
DA:91,0
DA:95,0
DA:96,0
DA:97,0
DA:99,0
DA:103,0
LF:48
LH:0
BRDA:87,0,0,0
BRDA:87,0,1,0
BRDA:90,1,0,0
BRDA:90,1,1,0
BRDA:90,2,0,0
BRDA:90,2,1,0
BRDA:90,2,2,0
BRDA:96,3,0,0
BRDA:96,3,1,0
BRF:9
BRH:0
end_of_record
TN:
SF:src/controllers/BackgroundJobController.js
FN:9,(anonymous_0)
FN:22,(anonymous_1)
FN:35,(anonymous_2)
FN:48,(anonymous_3)
FN:62,(anonymous_4)
FN:75,(anonymous_5)
FN:92,(anonymous_6)
FNF:7
FNH:0
FNDA:0,(anonymous_0)
FNDA:0,(anonymous_1)
FNDA:0,(anonymous_2)
FNDA:0,(anonymous_3)
FNDA:0,(anonymous_4)
FNDA:0,(anonymous_5)
FNDA:0,(anonymous_6)
DA:1,0
DA:2,0
DA:10,0
DA:11,0
DA:12,0
DA:14,0
DA:23,0
DA:24,0
DA:25,0
DA:27,0
DA:36,0
DA:37,0
DA:38,0
DA:40,0
DA:49,0
DA:50,0
DA:51,0
DA:52,0
DA:54,0
DA:63,0
DA:64,0
DA:65,0
DA:67,0
DA:76,0
DA:77,0
DA:78,0
DA:79,0
DA:81,0
DA:84,0
DA:93,0
DA:94,0
DA:95,0
DA:96,0
DA:98,0
DA:101,0
DA:106,0
LF:36
LH:0
BRDA:50,0,0,0
BRDA:50,0,1,0
BRDA:77,1,0,0
BRDA:77,1,1,0
BRDA:94,2,0,0
BRDA:94,2,1,0
BRF:6
BRH:0
end_of_record
TN:
SF:src/controllers/BackupController.js
FN:11,(anonymous_0)
FN:22,(anonymous_1)
FN:32,(anonymous_2)
FN:47,(anonymous_3)
FN:58,(anonymous_4)
FN:69,(anonymous_5)
FN:83,(anonymous_6)
FN:93,(anonymous_7)
FN:103,(anonymous_8)
FNF:9
FNH:0
FNDA:0,(anonymous_0)
FNDA:0,(anonymous_1)
FNDA:0,(anonymous_2)
FNDA:0,(anonymous_3)
FNDA:0,(anonymous_4)
FNDA:0,(anonymous_5)
FNDA:0,(anonymous_6)
FNDA:0,(anonymous_7)
FNDA:0,(anonymous_8)
DA:6,0
DA:7,0
DA:8,0
DA:11,0
DA:12,0
DA:13,0
DA:14,0
DA:15,0
DA:17,0
DA:22,0
DA:23,0
DA:24,0
DA:25,0
DA:27,0
DA:32,0
DA:33,0
DA:34,0
DA:35,0
DA:40,0
DA:42,0
DA:47,0
DA:48,0
DA:49,0
DA:50,0
DA:51,0
DA:53,0
DA:58,0
DA:59,0
DA:60,0
DA:61,0
DA:62,0
DA:64,0
DA:69,0
DA:70,0
DA:71,0
DA:72,0
DA:76,0
DA:78,0
DA:83,0
DA:84,0
DA:85,0
DA:86,0
DA:88,0
DA:93,0
DA:94,0
DA:95,0
DA:96,0
DA:98,0
DA:103,0
DA:104,0
DA:105,0
DA:106,0
DA:108,0
DA:112,0
LF:54
LH:0
BRDA:60,0,0,0
BRF:1
BRH:0
end_of_record
TN:
SF:src/controllers/BookingController.js
FN:21,(anonymous_0)
FN:217,(anonymous_1)
FN:228,(anonymous_2)
FN:239,(anonymous_3)
FN:259,(anonymous_4)
FN:334,(anonymous_5)
FN:393,(anonymous_6)
FN:438,(anonymous_7)
FN:474,(anonymous_8)
FNF:9
FNH:0
FNDA:0,(anonymous_0)
FNDA:0,(anonymous_1)
FNDA:0,(anonymous_2)
FNDA:0,(anonymous_3)
FNDA:0,(anonymous_4)
FNDA:0,(anonymous_5)
FNDA:0,(anonymous_6)
FNDA:0,(anonymous_7)
FNDA:0,(anonymous_8)
DA:7,0
DA:8,0
DA:9,0
DA:10,0
DA:11,0
DA:12,0
DA:13,0
DA:14,0
DA:22,0
DA:36,0
DA:39,0
DA:50,0
DA:52,0
DA:55,0
DA:56,0
DA:57,0
DA:58,0
DA:64,0
DA:65,0
DA:66,0
DA:67,0
DA:74,0
DA:78,0
DA:79,0
DA:80,0
DA:87,0
DA:102,0
DA:103,0
DA:104,0
DA:105,0
DA:106,0
DA:107,0
DA:110,0
DA:111,0
DA:112,0
DA:116,0
DA:140,0
DA:143,0
DA:147,0
DA:155,0
DA:156,0
DA:157,0
DA:169,0
DA:171,0
DA:179,0
DA:186,0
DA:190,0
DA:195,0
DA:196,0
DA:202,0
DA:206,0
DA:218,0
DA:219,0
DA:220,0
DA:221,0
DA:229,0
DA:230,0
DA:231,0
DA:232,0
DA:234,0
DA:240,0
DA:241,0
DA:242,0
DA:245,0
DA:247,0
DA:248,0
DA:250,0
DA:251,0
DA:252,0
DA:260,0
DA:261,0
DA:262,0
DA:263,0
DA:265,0
DA:266,0
DA:267,0
DA:273,0
DA:278,0
DA:279,0
DA:280,0
DA:283,0
DA:284,0
DA:285,0
DA:288,0
DA:289,0
DA:290,0
DA:294,0
DA:303,0
DA:304,0
DA:318,0
DA:319,0
DA:325,0
DA:326,0
DA:327,0
DA:335,0
DA:336,0
DA:337,0
DA:338,0
DA:340,0
DA:341,0
DA:342,0
DA:343,0
DA:348,0
DA:349,0
DA:351,0
DA:352,0
DA:353,0
DA:356,0
DA:357,0
DA:358,0
DA:361,0
DA:362,0
DA:363,0
DA:366,0
DA:367,0
DA:369,0
DA:371,0
DA:374,0
DA:376,0
DA:377,0
DA:384,0
DA:385,0
DA:386,0
DA:394,0
DA:395,0
DA:396,0
DA:397,0
DA:400,0
DA:401,0
DA:402,0
DA:403,0
DA:407,0
DA:408,0
DA:409,0
DA:410,0
DA:413,0
DA:414,0
DA:416,0
DA:419,0
DA:421,0
DA:422,0
DA:429,0
DA:430,0
DA:431,0
DA:439,0
DA:440,0
DA:441,0
DA:443,0
DA:445,0
DA:446,0
DA:447,0
DA:450,0
DA:452,0
DA:453,0
DA:465,0
DA:466,0
DA:467,0
DA:475,0
DA:476,0
DA:477,0
DA:478,0
DA:480,0
DA:481,0
DA:482,0
DA:483,0
DA:488,0
DA:491,0
DA:492,0
DA:494,0
DA:495,0
DA:502,0
DA:503,0
DA:504,0
DA:509,0
LF:174
LH:0
BRDA:31,0,0,0
BRDA:32,1,0,0
BRDA:33,2,0,0
BRDA:34,3,0,0
BRDA:35,4,0,0
BRDA:50,5,0,0
BRDA:50,5,1,0
BRDA:56,6,0,0
BRDA:56,6,1,0
BRDA:65,7,0,0
BRDA:65,7,1,0
BRDA:78,8,0,0
BRDA:78,8,1,0
BRDA:95,9,0,0
BRDA:95,9,1,0
BRDA:96,10,0,0
BRDA:96,10,1,0
BRDA:97,11,0,0
BRDA:97,11,1,0
BRDA:110,12,0,0
BRDA:110,12,1,0
BRDA:110,13,0,0
BRDA:110,13,1,0
BRDA:110,13,2,0
BRDA:155,14,0,0
BRDA:155,14,1,0
BRDA:159,15,0,0
BRDA:159,15,1,0
BRDA:195,16,0,0
BRDA:195,16,1,0
BRDA:265,17,0,0
BRDA:265,17,1,0
BRDA:265,18,0,0
BRDA:265,18,1,0
BRDA:265,18,2,0
BRDA:274,19,0,0
BRDA:274,19,1,0
BRDA:278,20,0,0
BRDA:278,20,1,0
BRDA:283,21,0,0
BRDA:283,21,1,0
BRDA:288,22,0,0
BRDA:288,22,1,0
BRDA:288,23,0,0
BRDA:288,23,1,0
BRDA:306,24,0,0
BRDA:306,24,1,0
BRDA:341,25,0,0
BRDA:341,25,1,0
BRDA:341,26,0,0
BRDA:341,26,1,0
BRDA:351,27,0,0
BRDA:351,27,1,0
BRDA:356,28,0,0
BRDA:356,28,1,0
BRDA:361,29,0,0
BRDA:361,29,1,0
BRDA:400,30,0,0
BRDA:400,30,1,0
BRDA:400,30,2,0
BRDA:400,30,3,0
BRDA:401,31,0,0
BRDA:401,31,1,0
BRDA:408,32,0,0
BRDA:408,32,1,0
BRDA:413,33,0,0
BRDA:413,33,1,0
BRDA:445,34,0,0
BRDA:445,34,1,0
BRDA:456,35,0,0
BRDA:456,35,1,0
BRDA:457,36,0,0
BRDA:457,36,1,0
BRDA:458,37,0,0
BRDA:458,37,1,0
BRDA:459,38,0,0
BRDA:459,38,1,0
BRDA:481,39,0,0
BRDA:481,39,1,0
BRF:79
BRH:0
end_of_record
TN:
SF:src/controllers/CDNAssetController.js
FN:14,(anonymous_0)
FN:46,(anonymous_1)
FN:79,(anonymous_2)
FN:104,(anonymous_3)
FN:122,(anonymous_4)
FN:141,(anonymous_5)
FN:166,(anonymous_6)
FN:191,(anonymous_7)
FN:208,(anonymous_8)
FN:229,(anonymous_9)
FNF:10
FNH:0
FNDA:0,(anonymous_0)
FNDA:0,(anonymous_1)
FNDA:0,(anonymous_2)
FNDA:0,(anonymous_3)
FNDA:0,(anonymous_4)
FNDA:0,(anonymous_5)
FNDA:0,(anonymous_6)
FNDA:0,(anonymous_7)
FNDA:0,(anonymous_8)
FNDA:0,(anonymous_9)
DA:6,0
DA:7,0
DA:15,0
DA:16,0
DA:18,0
DA:19,0
DA:22,0
DA:27,0
DA:37,0
DA:38,0
DA:47,0
DA:48,0
DA:50,0
DA:51,0
DA:54,0
DA:56,0
DA:70,0
DA:71,0
DA:80,0
DA:81,0
DA:83,0
DA:84,0
DA:87,0
DA:89,0
DA:95,0
DA:96,0
DA:105,0
DA:106,0
DA:108,0
DA:113,0
DA:114,0
DA:123,0
DA:124,0
DA:125,0
DA:127,0
DA:132,0
DA:133,0
DA:142,0
DA:143,0
DA:144,0
DA:146,0
DA:157,0
DA:158,0
DA:167,0
DA:168,0
DA:170,0
DA:171,0
DA:174,0
DA:176,0
DA:182,0
DA:183,0
DA:192,0
DA:193,0
DA:194,0
DA:196,0
DA:197,0
DA:199,0
DA:200,0
DA:209,0
DA:210,0
DA:211,0
DA:213,0
DA:215,0
DA:220,0
DA:221,0
DA:230,0
DA:231,0
DA:233,0
DA:238,0
DA:239,0
DA:244,0
LF:71
LH:0
BRDA:18,0,0,0
BRDA:18,0,1,0
BRDA:50,1,0,0
BRDA:50,1,1,0
BRDA:62,2,0,0
BRDA:62,2,1,0
BRDA:66,3,0,0
BRDA:66,3,1,0
BRDA:83,4,0,0
BRDA:83,4,1,0
BRDA:124,5,0,0
BRDA:124,5,1,0
BRDA:143,6,0,0
BRDA:170,7,0,0
BRDA:170,7,1,0
BRDA:193,8,0,0
BRDA:193,8,1,0
BRF:17
BRH:0
end_of_record
TN:
SF:src/controllers/CachedController.js
FN:4,(anonymous_0)
FN:6,(anonymous_1)
FN:23,(anonymous_2)
FNF:3
FNH:0
FNDA:0,(anonymous_0)
FNDA:0,(anonymous_1)
FNDA:0,(anonymous_2)
DA:1,0
DA:2,0
DA:4,0
DA:5,0
DA:6,0
DA:8,0
DA:13,0
DA:16,0
DA:18,0
DA:19,0
DA:23,0
DA:24,0
DA:25,0
DA:26,0
DA:28,0
DA:32,0
LF:16
LH:0
BRF:0
BRH:0
end_of_record
TN:
SF:src/controllers/ChatController.js
FN:14,(anonymous_0)
FN:80,(anonymous_1)
FN:118,(anonymous_2)
FN:161,(anonymous_3)
FN:215,(anonymous_4)
FN:269,(anonymous_5)
FN:303,(anonymous_6)
FNF:7
FNH:0
FNDA:0,(anonymous_0)
FNDA:0,(anonymous_1)
FNDA:0,(anonymous_2)
FNDA:0,(anonymous_3)
FNDA:0,(anonymous_4)
FNDA:0,(anonymous_5)
FNDA:0,(anonymous_6)
DA:6,0
DA:7,0
DA:15,0
DA:16,0
DA:17,0
DA:20,0
DA:21,0
DA:26,0
DA:27,0
DA:33,0
DA:34,0
DA:35,0
DA:41,0
DA:44,0
DA:58,0
DA:60,0
DA:67,0
DA:71,0
DA:72,0
DA:81,0
DA:82,0
DA:83,0
DA:84,0
DA:86,0
DA:87,0
DA:93,0
DA:94,0
DA:95,0
DA:105,0
DA:118,0
DA:119,0
DA:120,0
DA:126,0
DA:132,0
DA:133,0
DA:141,0
DA:143,0
DA:149,0
DA:153,0
DA:162,0
DA:163,0
DA:164,0
DA:166,0
DA:167,0
DA:170,0
DA:171,0
DA:175,0
DA:176,0
DA:179,0
DA:180,0
DA:181,0
DA:185,0
DA:187,0
DA:189,0
DA:202,0
DA:206,0
DA:207,0
DA:216,0
DA:217,0
DA:218,0
DA:219,0
DA:221,0
DA:222,0
DA:228,0
DA:237,0
DA:240,0
DA:247,0
DA:249,0
DA:250,0
DA:254,0
DA:256,0
DA:260,0
DA:261,0
DA:270,0
DA:271,0
DA:272,0
DA:277,0
DA:284,0
DA:286,0
DA:294,0
DA:295,0
DA:304,0
DA:305,0
DA:306,0
DA:312,0
DA:314,0
DA:319,0
DA:320,0
DA:321,0
DA:326,0
LF:90
LH:0
BRDA:20,0,0,0
BRDA:20,0,1,0
BRDA:20,1,0,0
BRDA:20,1,1,0
BRDA:20,1,2,0
BRDA:26,2,0,0
BRDA:26,2,1,0
BRDA:34,3,0,0
BRDA:34,3,1,0
BRDA:86,4,0,0
BRDA:86,4,1,0
BRDA:94,5,0,0
BRDA:94,5,1,0
BRDA:166,6,0,0
BRDA:166,6,1,0
BRDA:170,7,0,0
BRDA:170,7,1,0
BRDA:175,8,0,0
BRDA:175,8,1,0
BRDA:180,9,0,0
BRDA:180,9,1,0
BRDA:221,10,0,0
BRDA:221,10,1,0
BRF:23
BRH:0
end_of_record
TN:
SF:src/controllers/DatabaseOptimizationController.js
FN:14,(anonymous_0)
FN:31,(anonymous_1)
FN:50,(anonymous_2)
FN:82,(anonymous_3)
FN:106,(anonymous_4)
FN:124,(anonymous_5)
FN:142,(anonymous_6)
FN:160,(anonymous_7)
FN:178,(anonymous_8)
FN:196,(anonymous_9)
FN:226,(anonymous_10)
FNF:11
FNH:0
FNDA:0,(anonymous_0)
FNDA:0,(anonymous_1)
FNDA:0,(anonymous_2)
FNDA:0,(anonymous_3)
FNDA:0,(anonymous_4)
FNDA:0,(anonymous_5)
FNDA:0,(anonymous_6)
FNDA:0,(anonymous_7)
FNDA:0,(anonymous_8)
FNDA:0,(anonymous_9)
FNDA:0,(anonymous_10)
DA:6,0
DA:7,0
DA:15,0
DA:16,0
DA:17,0
DA:22,0
DA:23,0
DA:32,0
DA:33,0
DA:34,0
DA:36,0
DA:41,0
DA:42,0
DA:51,0
DA:52,0
DA:54,0
DA:55,0
DA:58,0
DA:60,0
DA:73,0
DA:74,0
DA:83,0
DA:84,0
DA:86,0
DA:97,0
DA:98,0
DA:107,0
DA:108,0
DA:110,0
DA:115,0
DA:116,0
DA:125,0
DA:126,0
DA:128,0
DA:133,0
DA:134,0
DA:143,0
DA:144,0
DA:146,0
DA:151,0
DA:152,0
DA:161,0
DA:162,0
DA:164,0
DA:169,0
DA:170,0
DA:179,0
DA:180,0
DA:182,0
DA:187,0
DA:188,0
DA:197,0
DA:198,0
DA:199,0
DA:200,0
DA:201,0
DA:202,0
DA:204,0
DA:217,0
DA:218,0
DA:227,0
DA:228,0
DA:230,0
DA:235,0
DA:236,0
DA:241,0
LF:66
LH:0
BRDA:33,0,0,0
BRDA:54,1,0,0
BRDA:54,1,1,0
BRDA:58,2,0,0
BRDA:58,2,1,0
BRDA:91,3,0,0
BRDA:91,3,1,0
BRDA:207,4,0,0
BRDA:207,4,1,0
BRF:9
BRH:0
end_of_record
TN:
SF:src/controllers/HealthCheckController.js
FN:14,(anonymous_0)
FN:36,(anonymous_1)
FN:56,(anonymous_2)
FN:75,(anonymous_3)
FN:94,(anonymous_4)
FNF:5
FNH:0
FNDA:0,(anonymous_0)
FNDA:0,(anonymous_1)
FNDA:0,(anonymous_2)
FNDA:0,(anonymous_3)
FNDA:0,(anonymous_4)
DA:6,0
DA:7,0
DA:15,0
DA:16,0
DA:18,0
DA:21,0
DA:23,0
DA:24,0
DA:37,0
DA:38,0
DA:39,0
DA:44,0
DA:45,0
DA:57,0
DA:58,0
DA:59,0
DA:64,0
DA:65,0
DA:76,0
DA:77,0
DA:78,0
DA:80,0
DA:82,0
DA:83,0
DA:95,0
DA:96,0
DA:97,0
DA:100,0
DA:102,0
DA:103,0
DA:112,0
LF:31
LH:0
BRDA:18,0,0,0
BRDA:18,0,1,0
BRDA:19,1,0,0
BRDA:19,1,1,0
BRDA:39,2,0,0
BRDA:39,2,1,0
BRDA:40,3,0,0
BRDA:40,3,1,0
BRDA:59,4,0,0
BRDA:59,4,1,0
BRDA:60,5,0,0
BRDA:60,5,1,0
BRDA:80,6,0,0
BRDA:80,6,1,0
BRDA:97,7,0,0
BRDA:97,7,1,0
BRDA:98,8,0,0
BRDA:98,8,1,0
BRF:18
BRH:0
end_of_record
TN:
SF:src/controllers/HourPricingController.js
FN:14,(anonymous_0)
FN:44,(anonymous_1)
FN:74,(anonymous_2)
FNF:3
FNH:0
FNDA:0,(anonymous_0)
FNDA:0,(anonymous_1)
FNDA:0,(anonymous_2)
DA:6,0
DA:7,0
DA:15,0
DA:16,0
DA:18,0
DA:19,0
DA:25,0
DA:27,0
DA:32,0
DA:33,0
DA:45,0
DA:46,0
DA:48,0
DA:49,0
DA:55,0
DA:57,0
DA:62,0
DA:63,0
DA:75,0
DA:76,0
DA:77,0
DA:82,0
DA:83,0
DA:91,0
LF:24
LH:0
BRDA:18,0,0,0
BRDA:18,0,1,0
BRDA:18,1,0,0
BRDA:18,1,1,0
BRDA:48,2,0,0
BRDA:48,2,1,0
BRDA:48,3,0,0
BRDA:48,3,1,0
BRF:8
BRH:0
end_of_record
TN:
SF:src/controllers/IntegrationController.js
FN:36,(anonymous_0)
FN:77,(anonymous_1)
FN:118,(anonymous_2)
FN:159,(anonymous_3)
FN:200,(anonymous_4)
FN:241,(anonymous_5)
FN:281,(anonymous_6)
FN:317,(anonymous_7)
FN:352,(anonymous_8)
FN:385,(anonymous_9)
FNF:10
FNH:0
FNDA:0,(anonymous_0)
FNDA:0,(anonymous_1)
FNDA:0,(anonymous_2)
FNDA:0,(anonymous_3)
FNDA:0,(anonymous_4)
FNDA:0,(anonymous_5)
FNDA:0,(anonymous_6)
FNDA:0,(anonymous_7)
FNDA:0,(anonymous_8)
FNDA:0,(anonymous_9)
DA:6,0
DA:7,0
DA:8,0
DA:10,0
DA:36,0
DA:37,0
DA:38,0
DA:40,0
DA:41,0
DA:44,0
DA:46,0
DA:48,0
DA:49,0
DA:77,0
DA:78,0
DA:79,0
DA:81,0
DA:82,0
DA:85,0
DA:87,0
DA:89,0
DA:90,0
DA:118,0
DA:119,0
DA:120,0
DA:122,0
DA:123,0
DA:126,0
DA:128,0
DA:130,0
DA:131,0
DA:159,0
DA:160,0
DA:161,0
DA:163,0
DA:164,0
DA:167,0
DA:169,0
DA:171,0
DA:172,0
DA:200,0
DA:201,0
DA:202,0
DA:204,0
DA:205,0
DA:208,0
DA:210,0
DA:212,0
DA:213,0
DA:241,0
DA:242,0
DA:243,0
DA:245,0
DA:246,0
DA:249,0
DA:251,0
DA:253,0
DA:254,0
DA:281,0
DA:282,0
DA:283,0
DA:285,0
DA:286,0
DA:289,0
DA:291,0
DA:293,0
DA:294,0
DA:317,0
DA:318,0
DA:319,0
DA:321,0
DA:323,0
DA:325,0
DA:326,0
DA:352,0
DA:353,0
DA:354,0
DA:355,0
DA:357,0
DA:359,0
DA:361,0
DA:362,0
DA:385,0
DA:386,0
DA:387,0
DA:389,0
DA:391,0
DA:393,0
DA:394,0
DA:398,0
LF:90
LH:0
BRDA:40,0,0,0
BRDA:40,0,1,0
BRDA:40,1,0,0
BRDA:40,1,1,0
BRDA:40,1,2,0
BRDA:81,2,0,0
BRDA:81,2,1,0
BRDA:81,3,0,0
BRDA:81,3,1,0
BRDA:81,3,2,0
BRDA:122,4,0,0
BRDA:122,4,1,0
BRDA:122,5,0,0
BRDA:122,5,1,0
BRDA:163,6,0,0
BRDA:163,6,1,0
BRDA:163,7,0,0
BRDA:163,7,1,0
BRDA:202,8,0,0
BRDA:204,9,0,0
BRDA:204,9,1,0
BRDA:204,10,0,0
BRDA:204,10,1,0
BRDA:243,11,0,0
BRDA:245,12,0,0
BRDA:245,12,1,0
BRDA:245,13,0,0
BRDA:245,13,1,0
BRDA:285,14,0,0
BRDA:285,14,1,0
BRDA:285,15,0,0
BRDA:285,15,1,0
BRDA:355,16,0,0
BRF:33
BRH:0
end_of_record
TN:
SF:src/controllers/NewsletterController.js
FN:15,(anonymous_0)
FN:97,(anonymous_1)
FN:150,(anonymous_2)
FN:159,(anonymous_3)
FN:213,(anonymous_4)
FN:284,(anonymous_5)
FNF:6
FNH:3
FNDA:2,(anonymous_0)
FNDA:1,(anonymous_1)
FNDA:7,(anonymous_2)
FNDA:0,(anonymous_3)
FNDA:0,(anonymous_4)
FNDA:0,(anonymous_5)
DA:6,1
DA:7,1
DA:8,1
DA:16,2
DA:17,2
DA:20,2
DA:21,2
DA:28,0
DA:29,0
DA:36,0
DA:37,0
DA:42,0
DA:43,0
DA:50,0
DA:51,0
DA:53,0
DA:65,0
DA:66,0
DA:67,0
DA:68,0
DA:70,0
DA:74,0
DA:85,0
DA:86,0
DA:98,1
DA:99,1
DA:101,1
DA:102,1
DA:108,0
DA:111,0
DA:116,0
DA:117,0
DA:124,0
DA:125,0
DA:132,0
DA:134,0
DA:139,0
DA:140,0
DA:151,7
DA:152,7
DA:160,0
DA:161,0
DA:163,0
DA:165,0
DA:167,0
DA:168,0
DA:170,0
DA:171,0
DA:172,0
DA:175,0
DA:176,0
DA:178,0
DA:181,0
DA:182,0
DA:183,0
DA:185,0
DA:190,0
DA:201,0
DA:202,0
DA:214,0
DA:215,0
DA:217,0
DA:218,0
DA:224,0
DA:227,0
DA:232,0
DA:233,0
DA:240,0
DA:241,0
DA:242,0
DA:244,0
DA:245,0
DA:246,0
DA:253,0
DA:255,0
DA:256,0
DA:260,0
DA:262,0
DA:272,0
DA:273,0
DA:285,0
DA:286,0
DA:288,0
DA:293,0
DA:298,0
DA:302,0
DA:307,0
DA:318,0
DA:319,0
DA:327,1
LF:90
LH:14
BRDA:20,0,0,2
BRDA:20,0,1,0
BRDA:20,1,0,2
BRDA:20,1,1,1
BRDA:28,2,0,0
BRDA:28,2,1,0
BRDA:28,3,0,0
BRDA:28,3,1,0
BRDA:42,4,0,0
BRDA:42,4,1,0
BRDA:58,5,0,0
BRDA:58,5,1,0
BRDA:80,6,0,0
BRDA:80,6,1,0
BRDA:101,7,0,1
BRDA:101,7,1,0
BRDA:101,8,0,1
BRDA:101,8,1,1
BRDA:116,9,0,0
BRDA:116,9,1,0
BRDA:161,10,0,0
BRDA:161,11,0,0
BRDA:161,12,0,0
BRDA:170,13,0,0
BRDA:170,13,1,0
BRDA:170,14,0,0
BRDA:170,14,1,0
BRDA:182,15,0,0
BRDA:182,15,1,0
BRDA:182,16,0,0
BRDA:182,16,1,0
BRDA:187,17,0,0
BRDA:187,17,1,0
BRDA:187,18,0,0
BRDA:187,18,1,0
BRDA:217,19,0,0
BRDA:217,19,1,0
BRDA:217,20,0,0
BRDA:217,20,1,0
BRDA:232,21,0,0
BRDA:232,21,1,0
BRDA:248,22,0,0
BRDA:248,22,1,0
BRF:43
BRH:6
end_of_record
TN:
SF:src/controllers/NotificationController.js
FN:10,(anonymous_0)
FN:34,(anonymous_1)
FN:55,(anonymous_2)
FN:75,(anonymous_3)
FN:96,(anonymous_4)
FN:109,(anonymous_5)
FN:122,(anonymous_6)
FNF:7
FNH:0
FNDA:0,(anonymous_0)
FNDA:0,(anonymous_1)
FNDA:0,(anonymous_2)
FNDA:0,(anonymous_3)
FNDA:0,(anonymous_4)
FNDA:0,(anonymous_5)
FNDA:0,(anonymous_6)
DA:11,0
DA:24,0
DA:26,0
DA:27,0
DA:35,0
DA:45,0
DA:47,0
DA:48,0
DA:56,0
DA:65,0
DA:67,0
DA:68,0
DA:76,0
DA:86,0
DA:88,0
DA:89,0
DA:97,0
DA:99,0
DA:101,0
DA:102,0
DA:110,0
DA:112,0
DA:114,0
DA:115,0
DA:123,0
DA:125,0
DA:127,0
DA:128,0
DA:133,1
LF:29
LH:1
BRF:0
BRH:0
end_of_record
TN:
SF:src/controllers/NotificationsController.js
FN:7,ensureFile
FN:13,loadSubs
FN:23,saveSubs
FN:28,ensureVapid
FN:42,(anonymous_4)
FN:47,(anonymous_5)
FN:59,(anonymous_6)
FN:64,(anonymous_7)
FN:73,(anonymous_8)
FN:81,(anonymous_9)
FN:81,(anonymous_10)
FN:85,(anonymous_11)
FN:101,(anonymous_12)
FNF:13
FNH:0
FNDA:0,ensureFile
FNDA:0,loadSubs
FNDA:0,saveSubs
FNDA:0,ensureVapid
FNDA:0,(anonymous_4)
FNDA:0,(anonymous_5)
FNDA:0,(anonymous_6)
FNDA:0,(anonymous_7)
FNDA:0,(anonymous_8)
FNDA:0,(anonymous_9)
FNDA:0,(anonymous_10)
FNDA:0,(anonymous_11)
FNDA:0,(anonymous_12)
DA:1,0
DA:2,0
DA:3,0
DA:5,0
DA:8,0
DA:9,0
DA:10,0
DA:14,0
DA:15,0
DA:16,0
DA:17,0
DA:19,0
DA:24,0
DA:25,0
DA:29,0
DA:30,0
DA:31,0
DA:33,0
DA:34,0
DA:35,0
DA:37,0
DA:38,0
DA:41,0
DA:43,0
DA:44,0
DA:45,0
DA:46,0
DA:47,0
DA:48,0
DA:49,0
DA:50,0
DA:52,0
DA:54,0
DA:55,0
DA:60,0
DA:61,0
DA:62,0
DA:63,0
DA:64,0
DA:65,0
DA:66,0
DA:68,0
DA:69,0
DA:74,0
DA:75,0
DA:76,0
DA:77,0
DA:79,0
DA:81,0
DA:84,0
DA:85,0
DA:86,0
DA:88,0
DA:90,0
DA:94,0
DA:99,0
DA:101,0
DA:103,0
DA:104,0
DA:109,0
LF:60
LH:0
BRDA:9,0,0,0
BRDA:9,0,1,0
BRDA:10,1,0,0
BRDA:10,1,1,0
BRDA:17,2,0,0
BRDA:17,2,1,0
BRDA:29,3,0,0
BRDA:29,3,1,0
BRDA:31,4,0,0
BRDA:31,4,1,0
BRDA:31,5,0,0
BRDA:31,5,1,0
BRDA:45,6,0,0
BRDA:45,6,1,0
BRDA:45,7,0,0
BRDA:45,7,1,0
BRDA:48,8,0,0
BRDA:48,8,1,0
BRDA:62,9,0,0
BRDA:62,9,1,0
BRDA:77,10,0,0
BRDA:77,10,1,0
BRDA:86,11,0,0
BRDA:86,11,1,0
BRDA:88,12,0,0
BRDA:88,12,1,0
BRDA:90,13,0,0
BRDA:90,13,1,0
BRDA:90,14,0,0
BRDA:90,14,1,0
BRDA:90,14,2,0
BRDA:90,14,3,0
BRF:32
BRH:0
end_of_record
TN:
SF:src/controllers/OAuthController.js
FN:52,(anonymous_0)
FN:97,(anonymous_1)
FN:140,(anonymous_2)
FN:198,(anonymous_3)
FN:266,(anonymous_4)
FN:328,(anonymous_5)
FN:382,(anonymous_6)
FNF:7
FNH:0
FNDA:0,(anonymous_0)
FNDA:0,(anonymous_1)
FNDA:0,(anonymous_2)
FNDA:0,(anonymous_3)
FNDA:0,(anonymous_4)
FNDA:0,(anonymous_5)
FNDA:0,(anonymous_6)
DA:6,0
DA:7,0
DA:8,0
DA:10,0
DA:52,0
DA:53,0
DA:54,0
DA:55,0
DA:57,0
DA:62,0
DA:63,0
DA:97,0
DA:98,0
DA:99,0
DA:100,0
DA:102,0
DA:107,0
DA:108,0
DA:140,0
DA:141,0
DA:142,0
DA:143,0
DA:145,0
DA:150,0
DA:151,0
DA:198,0
DA:199,0
DA:200,0
DA:202,0
DA:203,0
DA:209,0
DA:211,0
DA:216,0
DA:217,0
DA:266,0
DA:267,0
DA:268,0
DA:270,0
DA:271,0
DA:277,0
DA:279,0
DA:284,0
DA:285,0
DA:328,0
DA:329,0
DA:330,0
DA:332,0
DA:333,0
DA:339,0
DA:341,0
DA:347,0
DA:348,0
DA:382,0
DA:383,0
DA:384,0
DA:386,0
DA:391,0
DA:392,0
DA:399,0
LF:59
LH:0
BRDA:200,0,0,0
BRDA:202,1,0,0
BRDA:202,1,1,0
BRDA:270,2,0,0
BRDA:270,2,1,0
BRDA:270,3,0,0
BRDA:270,3,1,0
BRDA:332,4,0,0
BRDA:332,4,1,0
BRF:9
BRH:0
end_of_record
TN:
SF:src/controllers/PaymentController.js
FN:19,(anonymous_0)
FN:156,(anonymous_1)
FN:214,(anonymous_2)
FN:248,(anonymous_3)
FNF:4
FNH:2
FNDA:19,(anonymous_0)
FNDA:0,(anonymous_1)
FNDA:3,(anonymous_2)
FNDA:0,(anonymous_3)
DA:7,1
DA:8,1
DA:9,1
DA:10,1
DA:11,1
DA:12,1
DA:20,19
DA:21,19
DA:24,18
DA:25,18
DA:26,18
DA:33,0
DA:36,0
DA:37,0
DA:38,0
DA:39,0
DA:46,0
DA:47,0
DA:48,0
DA:55,0
DA:60,0
DA:61,0
DA:62,0
DA:71,0
DA:73,0
DA:79,0
DA:80,0
DA:81,0
DA:88,0
DA:89,0
DA:95,0
DA:109,0
DA:111,0
DA:112,0
DA:113,0
DA:120,0
DA:121,0
DA:128,0
DA:134,0
DA:136,0
DA:138,0
DA:145,1
DA:146,1
DA:157,0
DA:158,0
DA:160,0
DA:161,0
DA:164,0
DA:166,0
DA:167,0
DA:171,0
DA:173,0
DA:178,0
DA:180,0
DA:186,0
DA:191,0
DA:195,0
DA:202,0
DA:203,0
DA:215,3
DA:216,3
DA:219,3
DA:220,3
DA:223,0
DA:234,0
DA:236,0
DA:237,0
DA:249,0
DA:250,0
DA:253,0
DA:254,0
DA:258,0
DA:259,0
DA:260,0
DA:264,0
DA:265,0
DA:269,0
DA:274,0
DA:276,0
DA:278,0
DA:284,0
DA:285,0
DA:293,1
LF:83
LH:18
BRDA:24,0,0,18
BRDA:24,0,1,0
BRDA:24,1,0,18
BRDA:24,1,1,15
BRDA:24,1,2,13
BRDA:24,1,3,13
BRDA:37,2,0,0
BRDA:37,2,1,0
BRDA:37,3,0,0
BRDA:37,3,1,0
BRDA:37,3,2,0
BRDA:46,4,0,0
BRDA:46,4,1,0
BRDA:60,5,0,0
BRDA:60,5,1,0
BRDA:71,6,0,0
BRDA:71,6,1,0
BRDA:79,7,0,0
BRDA:79,7,1,0
BRDA:111,8,0,0
BRDA:111,8,1,0
BRDA:160,9,0,0
BRDA:160,9,1,0
BRDA:166,10,0,0
BRDA:166,10,1,0
BRDA:171,11,0,0
BRDA:171,11,1,0
BRDA:178,12,0,0
BRDA:178,12,1,0
BRDA:178,13,0,0
BRDA:178,13,1,0
BRDA:219,14,0,3
BRDA:219,14,1,0
BRDA:253,15,0,0
BRDA:253,15,1,0
BRDA:259,16,0,0
BRDA:259,16,1,0
BRDA:264,17,0,0
BRDA:264,17,1,0
BRDA:271,18,0,0
BRDA:271,18,1,0
BRF:41
BRH:6
end_of_record
TN:
SF:src/controllers/PaymentIntegrationController.js
FN:11,(anonymous_0)
FN:27,(anonymous_1)
FN:42,(anonymous_2)
FN:57,(anonymous_3)
FN:68,(anonymous_4)
FN:78,(anonymous_5)
FN:89,(anonymous_6)
FNF:7
FNH:0
FNDA:0,(anonymous_0)
FNDA:0,(anonymous_1)
FNDA:0,(anonymous_2)
FNDA:0,(anonymous_3)
FNDA:0,(anonymous_4)
FNDA:0,(anonymous_5)
FNDA:0,(anonymous_6)
DA:6,0
DA:7,0
DA:8,0
DA:11,0
DA:12,0
DA:13,0
DA:14,0
DA:20,0
DA:22,0
DA:27,0
DA:28,0
DA:29,0
DA:30,0
DA:35,0
DA:37,0
DA:42,0
DA:43,0
DA:45,0
DA:46,0
DA:48,0
DA:49,0
DA:51,0
DA:52,0
DA:57,0
DA:58,0
DA:59,0
DA:60,0
DA:61,0
DA:63,0
DA:68,0
DA:69,0
DA:70,0
DA:71,0
DA:73,0
DA:78,0
DA:79,0
DA:80,0
DA:81,0
DA:82,0
DA:84,0
DA:89,0
DA:90,0
DA:91,0
DA:92,0
DA:94,0
DA:98,0
LF:46
LH:0
BRDA:46,0,0,0
BRDA:46,0,1,0
BRDA:80,1,0,0
BRF:3
BRH:0
end_of_record
TN:
SF:src/controllers/PhotosController.js
FN:14,(anonymous_0)
FN:61,(anonymous_1)
FN:81,(anonymous_2)
FN:82,(anonymous_3)
FN:95,(anonymous_4)
FN:137,(anonymous_5)
FNF:6
FNH:1
FNDA:0,(anonymous_0)
FNDA:0,(anonymous_1)
FNDA:0,(anonymous_2)
FNDA:0,(anonymous_3)
FNDA:0,(anonymous_4)
FNDA:1,(anonymous_5)
DA:6,1
DA:7,1
DA:8,1
DA:15,0
DA:16,0
DA:17,0
DA:18,0
DA:20,0
DA:21,0
DA:24,0
DA:26,0
DA:28,0
DA:29,0
DA:32,0
DA:38,0
DA:39,0
DA:47,0
DA:53,0
DA:54,0
DA:62,0
DA:63,0
DA:65,0
DA:77,0
DA:80,0
DA:81,0
DA:82,0
DA:85,0
DA:87,0
DA:88,0
DA:96,0
DA:97,0
DA:99,0
DA:122,0
DA:124,0
DA:129,0
DA:130,0
DA:138,1
DA:139,1
DA:140,1
DA:143,1
DA:150,1
DA:152,1
DA:153,1
DA:156,0
DA:157,0
DA:158,0
DA:162,0
DA:166,0
DA:168,0
DA:174,0
DA:175,0
DA:180,1
LF:52
LH:11
BRDA:18,0,0,0
BRDA:18,0,1,0
BRDA:20,1,0,0
BRDA:20,1,1,0
BRDA:97,2,0,0
BRDA:97,3,0,0
BRDA:152,4,0,1
BRDA:152,4,1,0
BRDA:157,5,0,0
BRDA:157,5,1,0
BRDA:157,6,0,0
BRDA:157,6,1,0
BRF:12
BRH:1
end_of_record
TN:
SF:src/controllers/PixPaymentController.js
FN:9,(anonymous_0)
FN:17,(anonymous_1)
FN:47,(anonymous_2)
FN:74,(anonymous_3)
FN:114,(anonymous_4)
FN:145,(anonymous_5)
FNF:6
FNH:0
FNDA:0,(anonymous_0)
FNDA:0,(anonymous_1)
FNDA:0,(anonymous_2)
FNDA:0,(anonymous_3)
FNDA:0,(anonymous_4)
FNDA:0,(anonymous_5)
DA:6,0
DA:10,0
DA:18,0
DA:19,0
DA:20,0
DA:23,0
DA:24,0
DA:31,0
DA:33,0
DA:35,0
DA:36,0
DA:48,0
DA:49,0
DA:51,0
DA:52,0
DA:58,0
DA:60,0
DA:62,0
DA:63,0
DA:75,0
DA:77,0
DA:78,0
DA:79,0
DA:81,0
DA:82,0
DA:86,0
DA:87,0
DA:88,0
DA:89,0
DA:92,0
DA:93,0
DA:94,0
DA:98,0
DA:101,0
DA:103,0
DA:105,0
DA:115,0
DA:116,0
DA:117,0
DA:119,0
DA:120,0
DA:129,0
DA:131,0
DA:133,0
DA:134,0
DA:146,0
DA:147,0
DA:149,0
DA:151,0
DA:153,0
DA:154,0
DA:162,0
LF:52
LH:0
BRDA:23,0,0,0
BRDA:23,0,1,0
BRDA:23,1,0,0
BRDA:23,1,1,0
BRDA:23,1,2,0
BRDA:38,2,0,0
BRDA:38,2,1,0
BRDA:51,3,0,0
BRDA:51,3,1,0
BRDA:65,4,0,0
BRDA:65,4,1,0
BRDA:77,5,0,0
BRDA:77,5,1,0
BRDA:78,6,0,0
BRDA:78,6,1,0
BRDA:79,7,0,0
BRDA:79,7,1,0
BRDA:81,8,0,0
BRDA:81,8,1,0
BRDA:87,9,0,0
BRDA:87,9,1,0
BRDA:87,10,0,0
BRDA:87,10,1,0
BRDA:88,11,0,0
BRDA:88,11,1,0
BRDA:89,12,0,0
BRDA:89,12,1,0
BRDA:93,13,0,0
BRDA:93,13,1,0
BRDA:93,14,0,0
BRDA:93,14,1,0
BRDA:119,15,0,0
BRDA:119,15,1,0
BRF:33
BRH:0
end_of_record
TN:
SF:src/controllers/PixWebhookController.js
FN:31,(anonymous_0)
FN:82,(anonymous_1)
FN:107,(anonymous_2)
FN:149,(anonymous_3)
FN:176,(anonymous_4)
FN:200,(anonymous_5)
FNF:6
FNH:0
FNDA:0,(anonymous_0)
FNDA:0,(anonymous_1)
FNDA:0,(anonymous_2)
FNDA:0,(anonymous_3)
FNDA:0,(anonymous_4)
FNDA:0,(anonymous_5)
DA:6,0
DA:7,0
DA:8,0
DA:32,0
DA:33,0
DA:34,0
DA:35,0
DA:38,0
DA:39,0
DA:40,0
DA:47,0
DA:53,0
DA:54,0
DA:55,0
DA:58,0
DA:64,0
DA:70,0
DA:71,0
DA:83,0
DA:84,0
DA:86,0
DA:88,0
DA:89,0
DA:92,0
DA:94,0
DA:95,0
DA:108,0
DA:109,0
DA:110,0
DA:112,0
DA:113,0
DA:120,0
DA:125,0
DA:126,0
DA:129,0
DA:134,0
DA:136,0
DA:137,0
DA:150,0
DA:151,0
DA:153,0
DA:157,0
DA:158,0
DA:161,0
DA:163,0
DA:164,0
DA:177,0
DA:178,0
DA:180,0
DA:181,0
DA:184,0
DA:186,0
DA:188,0
DA:189,0
DA:201,0
DA:202,0
DA:204,0
DA:206,0
DA:207,0
DA:210,0
DA:212,0
DA:213,0
DA:221,0
LF:63
LH:0
BRDA:38,0,0,0
BRDA:38,0,1,0
BRDA:38,1,0,0
BRDA:38,1,1,0
BRDA:53,2,0,0
BRDA:53,2,1,0
BRDA:88,3,0,0
BRDA:88,3,1,0
BRDA:112,4,0,0
BRDA:112,4,1,0
BRDA:125,5,0,0
BRDA:125,5,1,0
BRDA:151,6,0,0
BRDA:151,6,1,0
BRDA:157,7,0,0
BRDA:157,7,1,0
BRDA:180,8,0,0
BRDA:180,8,1,0
BRDA:206,9,0,0
BRDA:206,9,1,0
BRF:20
BRH:0
end_of_record
TN:
SF:src/controllers/PriceHistoryController.js
FN:11,(anonymous_0)
FN:22,(anonymous_1)
FN:29,(anonymous_2)
FN:40,(anonymous_3)
FN:46,(anonymous_4)
FN:52,(anonymous_5)
FN:58,(anonymous_6)
FNF:7
FNH:0
FNDA:0,(anonymous_0)
FNDA:0,(anonymous_1)
FNDA:0,(anonymous_2)
FNDA:0,(anonymous_3)
FNDA:0,(anonymous_4)
FNDA:0,(anonymous_5)
FNDA:0,(anonymous_6)
DA:6,0
DA:7,0
DA:8,0
DA:11,0
DA:12,0
DA:13,0
DA:14,0
DA:15,0
DA:17,0
DA:22,0
DA:23,0
DA:24,0
DA:25,0
DA:29,0
DA:30,0
DA:31,0
DA:32,0
DA:33,0
DA:35,0
DA:40,0
DA:41,0
DA:42,0
DA:46,0
DA:47,0
DA:48,0
DA:52,0
DA:53,0
DA:54,0
DA:58,0
DA:59,0
DA:60,0
DA:63,0
LF:32
LH:0
BRDA:23,0,0,0
BRF:1
BRH:0
end_of_record
TN:
SF:src/controllers/PricingController.js
FN:12,(anonymous_0)
FN:20,(anonymous_1)
FN:21,(anonymous_2)
FN:26,(anonymous_3)
FN:30,(anonymous_4)
FN:34,(anonymous_5)
FN:38,(anonymous_6)
FN:59,(anonymous_7)
FN:103,(anonymous_8)
FN:115,(anonymous_9)
FN:116,(anonymous_10)
FN:132,(anonymous_11)
FN:156,(anonymous_12)
FN:205,(anonymous_13)
FN:218,(anonymous_14)
FNF:15
FNH:0
FNDA:0,(anonymous_0)
FNDA:0,(anonymous_1)
FNDA:0,(anonymous_2)
FNDA:0,(anonymous_3)
FNDA:0,(anonymous_4)
FNDA:0,(anonymous_5)
FNDA:0,(anonymous_6)
FNDA:0,(anonymous_7)
FNDA:0,(anonymous_8)
FNDA:0,(anonymous_9)
FNDA:0,(anonymous_10)
FNDA:0,(anonymous_11)
FNDA:0,(anonymous_12)
FNDA:0,(anonymous_13)
FNDA:0,(anonymous_14)
DA:7,0
DA:8,0
DA:9,0
DA:13,0
DA:14,0
DA:15,0
DA:16,0
DA:21,0
DA:22,0
DA:23,0
DA:27,0
DA:31,0
DA:35,0
DA:39,0
DA:40,0
DA:41,0
DA:60,0
DA:61,0
DA:64,0
DA:65,0
DA:69,0
DA:70,0
DA:72,0
DA:73,0
DA:77,0
DA:78,0
DA:79,0
DA:80,0
DA:82,0
DA:83,0
DA:87,0
DA:88,0
DA:90,0
DA:91,0
DA:93,0
DA:94,0
DA:97,0
DA:98,0
DA:99,0
DA:103,0
DA:104,0
DA:106,0
DA:107,0
DA:114,0
DA:115,0
DA:116,0
DA:129,0
DA:132,0
DA:147,0
DA:148,0
DA:157,0
DA:158,0
DA:160,0
DA:161,0
DA:163,0
DA:164,0
DA:167,0
DA:168,0
DA:169,0
DA:171,0
DA:173,0
DA:174,0
DA:177,0
DA:187,0
DA:197,0
DA:198,0
DA:206,0
DA:207,0
DA:208,0
DA:210,0
DA:211,0
DA:219,0
DA:221,0
DA:222,0
DA:223,0
DA:225,0
DA:226,0
DA:227,0
DA:228,0
DA:229,0
DA:230,0
DA:232,0
DA:237,0
LF:83
LH:0
BRDA:21,0,0,0
BRDA:21,0,1,0
BRDA:23,1,0,0
BRDA:23,1,1,0
BRDA:39,2,0,0
BRDA:39,2,1,0
BRDA:39,3,0,0
BRDA:39,3,1,0
BRDA:39,3,2,0
BRDA:41,4,0,0
BRDA:41,4,1,0
BRDA:61,5,0,0
BRDA:61,6,0,0
BRDA:61,7,0,0
BRDA:64,8,0,0
BRDA:64,8,1,0
BRDA:64,9,0,0
BRDA:64,9,1,0
BRDA:64,9,2,0
BRDA:69,10,0,0
BRDA:69,10,1,0
BRDA:72,11,0,0
BRDA:72,11,1,0
BRDA:79,12,0,0
BRDA:79,12,1,0
BRDA:79,13,0,0
BRDA:79,13,1,0
BRDA:82,14,0,0
BRDA:82,14,1,0
BRDA:87,15,0,0
BRDA:87,15,1,0
BRDA:90,16,0,0
BRDA:90,16,1,0
BRDA:93,17,0,0
BRDA:93,17,1,0
BRDA:98,18,0,0
BRDA:98,18,1,0
BRDA:98,19,0,0
BRDA:98,19,1,0
BRDA:106,20,0,0
BRDA:106,20,1,0
BRDA:115,21,0,0
BRDA:115,21,1,0
BRDA:124,22,0,0
BRDA:124,22,1,0
BRDA:143,23,0,0
BRDA:143,23,1,0
BRDA:147,24,0,0
BRDA:147,24,1,0
BRDA:160,25,0,0
BRDA:160,25,1,0
BRDA:160,26,0,0
BRDA:160,26,1,0
BRDA:160,26,2,0
BRDA:163,27,0,0
BRDA:163,27,1,0
BRDA:163,28,0,0
BRDA:163,28,1,0
BRDA:169,29,0,0
BRDA:169,29,1,0
BRDA:173,30,0,0
BRDA:173,30,1,0
BRDA:183,31,0,0
BRDA:183,31,1,0
BRDA:197,32,0,0
BRDA:197,32,1,0
BRDA:208,33,0,0
BRDA:208,33,1,0
BRDA:210,34,0,0
BRDA:210,34,1,0
BRDA:222,35,0,0
BRDA:222,35,1,0
BRDA:222,36,0,0
BRDA:222,36,1,0
BRDA:226,37,0,0
BRDA:226,37,1,0
BRF:76
BRH:0
end_of_record
TN:
SF:src/controllers/ProfileController.js
FN:14,(anonymous_0)
FN:46,(anonymous_1)
FN:76,(anonymous_2)
FN:113,(anonymous_3)
FN:135,(anonymous_4)
FN:161,(anonymous_5)
FN:185,(anonymous_6)
FNF:7
FNH:0
FNDA:0,(anonymous_0)
FNDA:0,(anonymous_1)
FNDA:0,(anonymous_2)
FNDA:0,(anonymous_3)
FNDA:0,(anonymous_4)
FNDA:0,(anonymous_5)
FNDA:0,(anonymous_6)
DA:6,1
DA:7,1
DA:8,1
DA:15,0
DA:16,0
DA:17,0
DA:20,0
DA:21,0
DA:22,0
DA:25,0
DA:32,0
DA:38,0
DA:39,0
DA:47,0
DA:48,0
DA:49,0
DA:50,0
DA:53,0
DA:55,0
DA:62,0
DA:68,0
DA:69,0
DA:77,0
DA:78,0
DA:79,0
DA:80,0
DA:83,0
DA:85,0
DA:86,0
DA:90,0
DA:100,0
DA:105,0
DA:106,0
DA:114,0
DA:115,0
DA:116,0
DA:117,0
DA:120,0
DA:122,0
DA:127,0
DA:128,0
DA:136,0
DA:137,0
DA:140,0
DA:142,0
DA:145,0
DA:148,0
DA:153,0
DA:154,0
DA:162,0
DA:163,0
DA:164,0
DA:167,0
DA:169,0
DA:171,0
DA:177,0
DA:178,0
DA:186,0
DA:187,0
DA:188,0
DA:191,0
DA:193,0
DA:198,0
DA:199,0
DA:204,1
LF:65
LH:4
BRDA:16,0,0,0
BRDA:16,0,1,0
BRDA:20,1,0,0
BRDA:20,1,1,0
BRDA:21,2,0,0
BRDA:21,2,1,0
BRDA:39,3,0,0
BRDA:39,3,1,0
BRDA:49,4,0,0
BRDA:49,4,1,0
BRDA:69,5,0,0
BRDA:69,5,1,0
BRDA:78,6,0,0
BRDA:78,6,1,0
BRDA:79,7,0,0
BRDA:79,7,1,0
BRDA:85,8,0,0
BRDA:85,8,1,0
BRDA:85,9,0,0
BRDA:85,9,1,0
BRDA:92,10,0,0
BRDA:92,10,1,0
BRDA:93,11,0,0
BRDA:93,11,1,0
BRDA:94,12,0,0
BRDA:94,12,1,0
BRDA:95,13,0,0
BRDA:95,13,1,0
BRDA:96,14,0,0
BRDA:96,14,1,0
BRDA:97,15,0,0
BRDA:97,15,1,0
BRDA:106,16,0,0
BRDA:106,16,1,0
BRDA:116,17,0,0
BRDA:116,17,1,0
BRDA:128,18,0,0
BRDA:128,18,1,0
BRDA:140,19,0,0
BRDA:140,19,1,0
BRDA:154,20,0,0
BRDA:154,20,1,0
BRDA:163,21,0,0
BRDA:163,21,1,0
BRDA:178,22,0,0
BRDA:178,22,1,0
BRDA:187,23,0,0
BRDA:187,23,1,0
BRDA:199,24,0,0
BRDA:199,24,1,0
BRF:50
BRH:0
end_of_record
TN:
SF:src/controllers/PublicReviewsController.js
FN:12,(anonymous_0)
FN:68,(anonymous_1)
FN:126,(anonymous_2)
FN:177,(anonymous_3)
FN:215,(anonymous_4)
FNF:5
FNH:0
FNDA:0,(anonymous_0)
FNDA:0,(anonymous_1)
FNDA:0,(anonymous_2)
FNDA:0,(anonymous_3)
FNDA:0,(anonymous_4)
DA:6,0
DA:13,0
DA:14,0
DA:16,0
DA:38,0
DA:48,0
DA:53,0
DA:60,0
DA:61,0
DA:69,0
DA:70,0
DA:85,0
DA:88,0
DA:89,0
DA:91,0
DA:118,0
DA:119,0
DA:127,0
DA:128,0
DA:130,0
DA:148,0
DA:158,0
DA:163,0
DA:169,0
DA:170,0
DA:178,0
DA:179,0
DA:180,0
DA:181,0
DA:184,0
DA:185,0
DA:188,0
DA:195,0
DA:197,0
DA:198,0
DA:201,0
DA:207,0
DA:208,0
DA:216,0
DA:217,0
DA:219,0
DA:236,0
DA:237,0
DA:239,0
DA:240,0
DA:241,0
DA:242,0
DA:245,0
DA:246,0
DA:247,0
DA:248,0
DA:251,0
DA:252,0
DA:253,0
DA:254,0
DA:257,0
DA:258,0
DA:260,0
DA:262,0
DA:267,0
DA:268,0
DA:273,0
LF:62
LH:0
BRDA:14,0,0,0
BRDA:14,1,0,0
BRDA:14,2,0,0
BRDA:184,3,0,0
BRDA:184,3,1,0
BRDA:197,4,0,0
BRDA:197,4,1,0
BRDA:217,5,0,0
BRDA:217,6,0,0
BRDA:239,7,0,0
BRDA:239,7,1,0
BRDA:245,8,0,0
BRDA:245,8,1,0
BRDA:251,9,0,0
BRDA:251,9,1,0
BRF:15
BRH:0
end_of_record
TN:
SF:src/controllers/PushNotificationController.js
FN:11,(anonymous_0)
FN:22,(anonymous_1)
FN:40,(anonymous_2)
FN:55,(anonymous_3)
FN:66,(anonymous_4)
FN:76,(anonymous_5)
FN:86,(anonymous_6)
FN:96,(anonymous_7)
FNF:8
FNH:0
FNDA:0,(anonymous_0)
FNDA:0,(anonymous_1)
FNDA:0,(anonymous_2)
FNDA:0,(anonymous_3)
FNDA:0,(anonymous_4)
FNDA:0,(anonymous_5)
FNDA:0,(anonymous_6)
FNDA:0,(anonymous_7)
DA:6,0
DA:7,0
DA:8,0
DA:11,0
DA:12,0
DA:13,0
DA:14,0
DA:15,0
DA:17,0
DA:22,0
DA:23,0
DA:24,0
DA:25,0
DA:33,0
DA:35,0
DA:40,0
DA:41,0
DA:42,0
DA:43,0
DA:48,0
DA:50,0
DA:55,0
DA:56,0
DA:57,0
DA:58,0
DA:59,0
DA:61,0
DA:66,0
DA:67,0
DA:68,0
DA:69,0
DA:71,0
DA:76,0
DA:77,0
DA:78,0
DA:79,0
DA:81,0
DA:86,0
DA:87,0
DA:88,0
DA:89,0
DA:91,0
DA:96,0
DA:97,0
DA:98,0
DA:99,0
DA:101,0
DA:105,0
LF:48
LH:0
BRDA:57,0,0,0
BRF:1
BRH:0
end_of_record
TN:
SF:src/controllers/RecommendationController.js
FN:11,(anonymous_0)
FN:21,(anonymous_1)
FN:27,(anonymous_2)
FN:33,(anonymous_3)
FN:39,(anonymous_4)
FN:45,(anonymous_5)
FN:56,(anonymous_6)
FNF:7
FNH:0
FNDA:0,(anonymous_0)
FNDA:0,(anonymous_1)
FNDA:0,(anonymous_2)
FNDA:0,(anonymous_3)
FNDA:0,(anonymous_4)
FNDA:0,(anonymous_5)
FNDA:0,(anonymous_6)
DA:6,0
DA:7,0
DA:8,0
DA:11,0
DA:12,0
DA:13,0
DA:14,0
DA:16,0
DA:21,0
DA:22,0
DA:23,0
DA:27,0
DA:28,0
DA:29,0
DA:33,0
DA:34,0
DA:35,0
DA:39,0
DA:40,0
DA:41,0
DA:45,0
DA:46,0
DA:47,0
DA:48,0
DA:49,0
DA:51,0
DA:56,0
DA:57,0
DA:58,0
DA:61,0
LF:30
LH:0
BRF:0
BRH:0
end_of_record
TN:
SF:src/controllers/RecurringBookingController.js
FN:11,(anonymous_0)
FN:30,(anonymous_1)
FN:36,(anonymous_2)
FN:43,(anonymous_3)
FN:49,(anonymous_4)
FN:55,(anonymous_5)
FNF:6
FNH:0
FNDA:0,(anonymous_0)
FNDA:0,(anonymous_1)
FNDA:0,(anonymous_2)
FNDA:0,(anonymous_3)
FNDA:0,(anonymous_4)
FNDA:0,(anonymous_5)
DA:6,0
DA:7,0
DA:8,0
DA:11,0
DA:12,0
DA:13,0
DA:14,0
DA:23,0
DA:25,0
DA:30,0
DA:31,0
DA:32,0
DA:36,0
DA:37,0
DA:38,0
DA:39,0
DA:43,0
DA:44,0
DA:45,0
DA:49,0
DA:50,0
DA:51,0
DA:55,0
DA:56,0
DA:57,0
DA:60,0
LF:26
LH:0
BRF:0
BRH:0
end_of_record
TN:
SF:src/controllers/ReferralController.js
FN:11,(anonymous_0)
FN:22,(anonymous_1)
FN:33,(anonymous_2)
FN:43,(anonymous_3)
FN:53,(anonymous_4)
FN:64,(anonymous_5)
FNF:6
FNH:0
FNDA:0,(anonymous_0)
FNDA:0,(anonymous_1)
FNDA:0,(anonymous_2)
FNDA:0,(anonymous_3)
FNDA:0,(anonymous_4)
FNDA:0,(anonymous_5)
DA:6,0
DA:7,0
DA:8,0
DA:11,0
DA:12,0
DA:13,0
DA:14,0
DA:15,0
DA:17,0
DA:22,0
DA:23,0
DA:24,0
DA:25,0
DA:26,0
DA:28,0
DA:33,0
DA:34,0
DA:35,0
DA:36,0
DA:38,0
DA:43,0
DA:44,0
DA:45,0
DA:46,0
DA:48,0
DA:53,0
DA:54,0
DA:55,0
DA:56,0
DA:57,0
DA:59,0
DA:64,0
DA:65,0
DA:66,0
DA:67,0
DA:68,0
DA:70,0
DA:74,0
LF:38
LH:0
BRDA:55,0,0,0
BRF:1
BRH:0
end_of_record
TN:
SF:src/controllers/ReportsController.js
FN:11,(anonymous_0)
FN:22,(anonymous_1)
FN:33,(anonymous_2)
FN:44,(anonymous_3)
FN:54,(anonymous_4)
FN:64,(anonymous_5)
FN:81,(anonymous_6)
FN:97,(anonymous_7)
FN:108,(anonymous_8)
FN:119,(anonymous_9)
FNF:10
FNH:0
FNDA:0,(anonymous_0)
FNDA:0,(anonymous_1)
FNDA:0,(anonymous_2)
FNDA:0,(anonymous_3)
FNDA:0,(anonymous_4)
FNDA:0,(anonymous_5)
FNDA:0,(anonymous_6)
FNDA:0,(anonymous_7)
FNDA:0,(anonymous_8)
FNDA:0,(anonymous_9)
DA:6,0
DA:7,0
DA:8,0
DA:11,0
DA:12,0
DA:13,0
DA:14,0
DA:15,0
DA:17,0
DA:22,0
DA:23,0
DA:24,0
DA:25,0
DA:26,0
DA:28,0
DA:33,0
DA:34,0
DA:35,0
DA:36,0
DA:37,0
DA:39,0
DA:44,0
DA:45,0
DA:46,0
DA:47,0
DA:49,0
DA:54,0
DA:55,0
DA:56,0
DA:57,0
DA:59,0
DA:64,0
DA:65,0
DA:66,0
DA:67,0
DA:74,0
DA:76,0
DA:81,0
DA:82,0
DA:83,0
DA:84,0
DA:90,0
DA:92,0
DA:97,0
DA:98,0
DA:99,0
DA:100,0
DA:101,0
DA:103,0
DA:108,0
DA:109,0
DA:110,0
DA:111,0
DA:112,0
DA:114,0
DA:119,0
DA:120,0
DA:121,0
DA:122,0
DA:129,0
DA:131,0
DA:135,0
LF:62
LH:0
BRDA:13,0,0,0
BRDA:99,1,0,0
BRDA:99,2,0,0
BRDA:110,3,0,0
BRF:4
BRH:0
end_of_record
TN:
SF:src/controllers/ReviewController.js
FN:19,(anonymous_0)
FN:80,(anonymous_1)
FN:137,(anonymous_2)
FN:160,(anonymous_3)
FN:176,(anonymous_4)
FNF:5
FNH:1
FNDA:9,(anonymous_0)
FNDA:0,(anonymous_1)
FNDA:0,(anonymous_2)
FNDA:0,(anonymous_3)
FNDA:0,(anonymous_4)
DA:7,1
DA:8,1
DA:9,1
DA:10,1
DA:11,1
DA:12,1
DA:13,1
DA:20,9
DA:21,9
DA:22,9
DA:25,9
DA:26,3
DA:27,3
DA:31,6
DA:34,0
DA:35,0
DA:38,0
DA:41,0
DA:42,0
DA:43,0
DA:44,0
DA:54,0
DA:57,0
DA:64,0
DA:65,0
DA:71,6
DA:72,6
DA:73,6
DA:81,0
DA:82,0
DA:83,0
DA:84,0
DA:86,0
DA:87,0
DA:88,0
DA:89,0
DA:90,0
DA:95,0
DA:96,0
DA:100,0
DA:101,0
DA:103,0
DA:111,0
DA:114,0
DA:117,0
DA:118,0
DA:128,0
DA:129,0
DA:130,0
DA:138,0
DA:139,0
DA:141,0
DA:146,0
DA:152,0
DA:160,0
DA:161,0
DA:164,0
DA:165,0
DA:167,0
DA:168,0
DA:169,0
DA:177,0
DA:178,0
DA:179,0
DA:180,0
DA:182,0
DA:184,0
DA:186,0
DA:187,0
DA:189,0
DA:190,0
DA:191,0
DA:196,1
LF:73
LH:18
BRDA:25,0,0,3
BRDA:25,0,1,6
BRDA:25,1,0,9
BRDA:25,1,1,8
BRDA:25,1,2,7
BRDA:25,1,3,7
BRDA:32,2,0,6
BRDA:32,2,1,2
BRDA:43,3,0,0
BRDA:43,3,1,0
BRDA:43,4,0,0
BRDA:43,4,1,0
BRDA:46,5,0,0
BRDA:46,5,1,0
BRDA:51,6,0,0
BRDA:51,6,1,0
BRDA:83,7,0,0
BRDA:83,8,0,0
BRDA:83,9,0,0
BRDA:87,10,0,0
BRDA:87,10,1,0
BRDA:89,11,0,0
BRDA:89,11,1,0
BRDA:100,12,0,0
BRDA:100,12,1,0
BRDA:153,13,0,0
BRDA:153,13,1,0
BRF:27
BRH:8
end_of_record
TN:
SF:src/controllers/ReviewImageController.js
FN:16,(anonymous_0)
FN:26,(anonymous_1)
FN:44,(anonymous_2)
FN:54,(anonymous_3)
FN:64,(anonymous_4)
FN:75,(anonymous_5)
FN:86,(anonymous_6)
FN:96,(anonymous_7)
FNF:8
FNH:0
FNDA:0,(anonymous_0)
FNDA:0,(anonymous_1)
FNDA:0,(anonymous_2)
FNDA:0,(anonymous_3)
FNDA:0,(anonymous_4)
FNDA:0,(anonymous_5)
FNDA:0,(anonymous_6)
FNDA:0,(anonymous_7)
DA:6,0
DA:7,0
DA:8,0
DA:9,0
DA:12,0
DA:13,0
DA:17,0
DA:18,0
DA:20,0
DA:26,0
DA:27,0
DA:28,0
DA:29,0
DA:36,0
DA:37,0
DA:39,0
DA:44,0
DA:45,0
DA:46,0
DA:47,0
DA:49,0
DA:54,0
DA:55,0
DA:56,0
DA:57,0
DA:59,0
DA:64,0
DA:65,0
DA:66,0
DA:67,0
DA:68,0
DA:70,0
DA:75,0
DA:76,0
DA:77,0
DA:78,0
DA:79,0
DA:81,0
DA:86,0
DA:87,0
DA:88,0
DA:89,0
DA:91,0
DA:96,0
DA:97,0
DA:98,0
DA:99,0
DA:101,0
DA:105,0
LF:49
LH:0
BRDA:17,0,0,0
BRDA:17,0,1,0
BRDA:77,1,0,0
BRF:3
BRH:0
end_of_record
TN:
SF:src/controllers/SEOMarketingController.js
FN:11,(anonymous_0)
FN:29,(anonymous_1)
FN:40,(anonymous_2)
FN:55,(anonymous_3)
FN:74,(anonymous_4)
FN:84,(anonymous_5)
FN:95,(anonymous_6)
FN:106,(anonymous_7)
FNF:8
FNH:0
FNDA:0,(anonymous_0)
FNDA:0,(anonymous_1)
FNDA:0,(anonymous_2)
FNDA:0,(anonymous_3)
FNDA:0,(anonymous_4)
FNDA:0,(anonymous_5)
FNDA:0,(anonymous_6)
FNDA:0,(anonymous_7)
DA:6,0
DA:7,0
DA:8,0
DA:11,0
DA:12,0
DA:13,0
DA:14,0
DA:22,0
DA:24,0
DA:29,0
DA:30,0
DA:31,0
DA:32,0
DA:33,0
DA:35,0
DA:40,0
DA:41,0
DA:42,0
DA:47,0
DA:48,0
DA:50,0
DA:55,0
DA:56,0
DA:57,0
DA:58,0
DA:67,0
DA:69,0
DA:74,0
DA:75,0
DA:76,0
DA:77,0
DA:79,0
DA:84,0
DA:85,0
DA:86,0
DA:87,0
DA:88,0
DA:90,0
DA:95,0
DA:96,0
DA:97,0
DA:98,0
DA:99,0
DA:101,0
DA:106,0
DA:107,0
DA:108,0
DA:109,0
DA:111,0
DA:115,0
LF:50
LH:0
BRDA:87,0,0,0
BRDA:87,0,1,0
BRDA:98,1,0,0
BRDA:98,1,1,0
BRF:4
BRH:0
end_of_record
TN:
SF:src/controllers/SearchController.js
FN:11,(anonymous_0)
FN:25,(anonymous_1)
FN:32,(anonymous_2)
FN:38,(anonymous_3)
FN:44,(anonymous_4)
FN:51,(anonymous_5)
FN:57,(anonymous_6)
FNF:7
FNH:0
FNDA:0,(anonymous_0)
FNDA:0,(anonymous_1)
FNDA:0,(anonymous_2)
FNDA:0,(anonymous_3)
FNDA:0,(anonymous_4)
FNDA:0,(anonymous_5)
FNDA:0,(anonymous_6)
DA:6,0
DA:7,0
DA:8,0
DA:11,0
DA:12,0
DA:13,0
DA:14,0
DA:18,0
DA:20,0
DA:25,0
DA:26,0
DA:27,0
DA:28,0
DA:32,0
DA:33,0
DA:34,0
DA:38,0
DA:39,0
DA:40,0
DA:44,0
DA:45,0
DA:46,0
DA:47,0
DA:51,0
DA:52,0
DA:53,0
DA:57,0
DA:58,0
DA:59,0
DA:60,0
DA:63,0
LF:31
LH:0
BRDA:27,0,0,0
BRDA:27,0,1,0
BRDA:46,1,0,0
BRDA:46,1,1,0
BRF:4
BRH:0
end_of_record
TN:
SF:src/controllers/SmartFeaturesController.js
FN:18,(anonymous_0)
FN:58,(anonymous_1)
FN:84,(anonymous_2)
FN:119,(anonymous_3)
FN:152,(anonymous_4)
FN:181,(anonymous_5)
FN:210,(anonymous_6)
FN:239,(anonymous_7)
FN:267,(anonymous_8)
FN:291,(anonymous_9)
FN:315,(anonymous_10)
FN:345,(anonymous_11)
FNF:12
FNH:0
FNDA:0,(anonymous_0)
FNDA:0,(anonymous_1)
FNDA:0,(anonymous_2)
FNDA:0,(anonymous_3)
FNDA:0,(anonymous_4)
FNDA:0,(anonymous_5)
FNDA:0,(anonymous_6)
FNDA:0,(anonymous_7)
FNDA:0,(anonymous_8)
FNDA:0,(anonymous_9)
FNDA:0,(anonymous_10)
FNDA:0,(anonymous_11)
DA:6,0
DA:7,0
DA:8,0
DA:9,0
DA:10,0
DA:11,0
DA:19,0
DA:20,0
DA:22,0
DA:23,0
DA:29,0
DA:36,0
DA:50,0
DA:51,0
DA:59,0
DA:60,0
DA:62,0
DA:64,0
DA:65,0
DA:68,0
DA:75,0
DA:76,0
DA:85,0
DA:86,0
DA:88,0
DA:89,0
DA:94,0
DA:103,0
DA:110,0
DA:111,0
DA:120,0
DA:121,0
DA:123,0
DA:124,0
DA:129,0
DA:137,0
DA:144,0
DA:145,0
DA:153,0
DA:154,0
DA:156,0
DA:157,0
DA:160,0
DA:165,0
DA:172,0
DA:173,0
DA:182,0
DA:183,0
DA:185,0
DA:186,0
DA:189,0
DA:195,0
DA:202,0
DA:203,0
DA:211,0
DA:212,0
DA:214,0
DA:215,0
DA:218,0
DA:223,0
DA:230,0
DA:231,0
DA:240,0
DA:241,0
DA:244,0
DA:245,0
DA:248,0
DA:252,0
DA:259,0
DA:260,0
DA:268,0
DA:270,0
DA:271,0
DA:274,0
DA:276,0
DA:283,0
DA:284,0
DA:292,0
DA:294,0
DA:295,0
DA:298,0
DA:300,0
DA:307,0
DA:308,0
DA:316,0
DA:318,0
DA:319,0
DA:322,0
DA:323,0
DA:325,0
DA:330,0
DA:337,0
DA:338,0
DA:346,0
DA:347,0
DA:361,0
DA:362,0
DA:367,0
LF:98
LH:0
BRDA:20,0,0,0
BRDA:22,1,0,0
BRDA:22,1,1,0
BRDA:22,2,0,0
BRDA:22,2,1,0
BRDA:22,2,2,0
BRDA:42,3,0,0
BRDA:42,3,1,0
BRDA:64,4,0,0
BRDA:64,4,1,0
BRDA:86,5,0,0
BRDA:88,6,0,0
BRDA:88,6,1,0
BRDA:88,7,0,0
BRDA:88,7,1,0
BRDA:88,7,2,0
BRDA:111,8,0,0
BRDA:111,8,1,0
BRDA:121,9,0,0
BRDA:123,10,0,0
BRDA:123,10,1,0
BRDA:123,11,0,0
BRDA:123,11,1,0
BRDA:123,11,2,0
BRDA:154,12,0,0
BRDA:156,13,0,0
BRDA:156,13,1,0
BRDA:183,14,0,0
BRDA:185,15,0,0
BRDA:185,15,1,0
BRDA:212,16,0,0
BRDA:214,17,0,0
BRDA:214,17,1,0
BRDA:241,18,0,0
BRDA:244,19,0,0
BRDA:244,19,1,0
BRDA:270,20,0,0
BRDA:270,20,1,0
BRDA:294,21,0,0
BRDA:294,21,1,0
BRDA:318,22,0,0
BRDA:318,22,1,0
BRF:42
BRH:0
end_of_record
TN:
SF:src/controllers/SmartNotificationController.js
FN:11,(anonymous_0)
FN:22,(anonymous_1)
FN:33,(anonymous_2)
FN:43,(anonymous_3)
FN:58,(anonymous_4)
FN:72,(anonymous_5)
FN:83,(anonymous_6)
FN:93,(anonymous_7)
FNF:8
FNH:0
FNDA:0,(anonymous_0)
FNDA:0,(anonymous_1)
FNDA:0,(anonymous_2)
FNDA:0,(anonymous_3)
FNDA:0,(anonymous_4)
FNDA:0,(anonymous_5)
FNDA:0,(anonymous_6)
FNDA:0,(anonymous_7)
DA:6,0
DA:7,0
DA:8,0
DA:11,0
DA:12,0
DA:13,0
DA:14,0
DA:15,0
DA:17,0
DA:22,0
DA:23,0
DA:24,0
DA:25,0
DA:26,0
DA:28,0
DA:33,0
DA:34,0
DA:35,0
DA:36,0
DA:38,0
DA:43,0
DA:44,0
DA:45,0
DA:46,0
DA:51,0
DA:53,0
DA:58,0
DA:59,0
DA:60,0
DA:61,0
DA:65,0
DA:67,0
DA:72,0
DA:73,0
DA:74,0
DA:75,0
DA:76,0
DA:78,0
DA:83,0
DA:84,0
DA:85,0
DA:86,0
DA:88,0
DA:93,0
DA:94,0
DA:95,0
DA:96,0
DA:98,0
DA:102,0
LF:49
LH:0
BRDA:60,0,0,0
BRDA:74,1,0,0
BRF:2
BRH:0
end_of_record
TN:
SF:src/controllers/StaffAvailabilityController.js
FN:15,(anonymous_0)
FN:29,(anonymous_1)
FN:86,(anonymous_2)
FN:93,(anonymous_3)
FN:146,(anonymous_4)
FN:151,(anonymous_5)
FN:191,(anonymous_6)
FN:217,(anonymous_7)
FN:222,(anonymous_8)
FN:248,(anonymous_9)
FN:271,(anonymous_10)
FN:308,(anonymous_11)
FN:314,(anonymous_12)
FN:340,(anonymous_13)
FNF:14
FNH:0
FNDA:0,(anonymous_0)
FNDA:0,(anonymous_1)
FNDA:0,(anonymous_2)
FNDA:0,(anonymous_3)
FNDA:0,(anonymous_4)
FNDA:0,(anonymous_5)
FNDA:0,(anonymous_6)
FNDA:0,(anonymous_7)
FNDA:0,(anonymous_8)
FNDA:0,(anonymous_9)
FNDA:0,(anonymous_10)
FNDA:0,(anonymous_11)
FNDA:0,(anonymous_12)
FNDA:0,(anonymous_13)
DA:7,0
DA:8,0
DA:16,0
DA:17,0
DA:19,0
DA:20,0
DA:26,0
DA:29,0
DA:30,0
DA:87,0
DA:88,0
DA:93,0
DA:94,0
DA:95,0
DA:96,0
DA:97,0
DA:101,0
DA:106,0
DA:120,0
DA:134,0
DA:135,0
DA:147,0
DA:148,0
DA:149,0
DA:151,0
DA:152,0
DA:192,0
DA:193,0
DA:197,0
DA:198,0
DA:201,0
DA:208,0
DA:209,0
DA:218,0
DA:219,0
DA:220,0
DA:222,0
DA:223,0
DA:249,0
DA:250,0
DA:254,0
DA:262,0
DA:263,0
DA:272,0
DA:273,0
DA:274,0
DA:276,0
DA:277,0
DA:285,0
DA:287,0
DA:299,0
DA:300,0
DA:309,0
DA:310,0
DA:311,0
DA:314,0
DA:315,0
DA:341,0
DA:342,0
DA:346,0
DA:354,0
DA:355,0
DA:360,0
LF:63
LH:0
BRDA:17,0,0,0
BRDA:17,1,0,0
BRDA:19,2,0,0
BRDA:19,2,1,0
BRDA:19,3,0,0
BRDA:19,3,1,0
BRDA:87,4,0,0
BRDA:87,4,1,0
BRDA:88,5,0,0
BRDA:88,5,1,0
BRDA:110,6,0,0
BRDA:110,6,1,0
BRDA:111,7,0,0
BRDA:111,7,1,0
BRDA:112,8,0,0
BRDA:112,8,1,0
BRDA:114,9,0,0
BRDA:114,9,1,0
BRDA:115,10,0,0
BRDA:115,10,1,0
BRDA:126,11,0,0
BRDA:126,11,1,0
BRDA:192,12,0,0
BRDA:192,12,1,0
BRDA:197,13,0,0
BRDA:197,13,1,0
BRDA:249,14,0,0
BRDA:249,14,1,0
BRDA:250,15,0,0
BRDA:250,15,1,0
BRDA:274,16,0,0
BRDA:274,17,0,0
BRDA:276,18,0,0
BRDA:276,18,1,0
BRDA:294,19,0,0
BRDA:294,19,1,0
BRDA:341,20,0,0
BRDA:341,20,1,0
BRDA:342,21,0,0
BRDA:342,21,1,0
BRDA:349,22,0,0
BRDA:349,22,1,0
BRF:42
BRH:0
end_of_record
TN:
SF:src/controllers/StaffController.js
FN:12,(anonymous_0)
FN:111,(anonymous_1)
FN:173,(anonymous_2)
FN:202,(anonymous_3)
FN:235,(anonymous_4)
FN:263,(anonymous_5)
FNF:6
FNH:0
FNDA:0,(anonymous_0)
FNDA:0,(anonymous_1)
FNDA:0,(anonymous_2)
FNDA:0,(anonymous_3)
FNDA:0,(anonymous_4)
FNDA:0,(anonymous_5)
DA:6,1
DA:13,0
DA:14,0
DA:15,0
DA:17,0
DA:20,0
DA:29,0
DA:30,0
DA:33,0
DA:43,0
DA:44,0
DA:47,0
DA:68,0
DA:69,0
DA:72,0
DA:89,0
DA:90,0
DA:93,0
DA:98,0
DA:99,0
DA:101,0
DA:103,0
DA:104,0
DA:112,0
DA:113,0
DA:114,0
DA:116,0
DA:118,0
DA:138,0
DA:139,0
DA:141,0
DA:142,0
DA:143,0
DA:144,0
DA:147,0
DA:148,0
DA:149,0
DA:150,0
DA:153,0
DA:154,0
DA:155,0
DA:156,0
DA:159,0
DA:160,0
DA:162,0
DA:163,0
DA:165,0
DA:166,0
DA:174,0
DA:175,0
DA:176,0
DA:178,0
DA:191,0
DA:192,0
DA:194,0
DA:195,0
DA:203,0
DA:204,0
DA:205,0
DA:208,0
DA:211,0
DA:213,0
DA:214,0
DA:217,0
DA:224,0
DA:225,0
DA:227,0
DA:228,0
DA:236,0
DA:237,0
DA:238,0
DA:240,0
DA:247,0
DA:249,0
DA:250,0
DA:253,0
DA:255,0
DA:256,0
DA:264,0
DA:265,0
DA:266,0
DA:267,0
DA:269,0
DA:282,0
DA:283,0
DA:285,0
DA:286,0
DA:287,0
DA:288,0
DA:291,0
DA:292,0
DA:293,0
DA:294,0
DA:297,0
DA:298,0
DA:300,0
DA:301,0
DA:306,1
LF:98
LH:2
BRDA:14,0,0,0
BRDA:14,0,1,0
BRDA:15,1,0,0
BRDA:15,1,1,0
BRDA:113,2,0,0
BRDA:113,2,1,0
BRDA:114,3,0,0
BRDA:114,4,0,0
BRDA:116,5,0,0
BRDA:116,5,1,0
BRDA:141,6,0,0
BRDA:141,6,1,0
BRDA:147,7,0,0
BRDA:147,7,1,0
BRDA:153,8,0,0
BRDA:153,8,1,0
BRDA:175,9,0,0
BRDA:175,9,1,0
BRDA:176,10,0,0
BRDA:176,10,1,0
BRDA:213,11,0,0
BRDA:213,11,1,0
BRDA:213,12,0,0
BRDA:213,12,1,0
BRDA:249,13,0,0
BRDA:249,13,1,0
BRDA:265,14,0,0
BRDA:265,14,1,0
BRDA:266,15,0,0
BRDA:266,15,1,0
BRDA:285,16,0,0
BRDA:285,16,1,0
BRDA:291,17,0,0
BRDA:291,17,1,0
BRF:34
BRH:0
end_of_record
TN:
SF:src/controllers/WebhookController.js
FN:38,(anonymous_0)
FN:73,(anonymous_1)
FN:102,(anonymous_2)
FN:134,(anonymous_3)
FN:162,(anonymous_4)
FN:194,(anonymous_5)
FN:226,(anonymous_6)
FN:251,(anonymous_7)
FN:276,(anonymous_8)
FNF:9
FNH:0
FNDA:0,(anonymous_0)
FNDA:0,(anonymous_1)
FNDA:0,(anonymous_2)
FNDA:0,(anonymous_3)
FNDA:0,(anonymous_4)
FNDA:0,(anonymous_5)
FNDA:0,(anonymous_6)
FNDA:0,(anonymous_7)
FNDA:0,(anonymous_8)
DA:6,0
DA:7,0
DA:8,0
DA:10,0
DA:38,0
DA:39,0
DA:40,0
DA:41,0
DA:43,0
DA:44,0
DA:47,0
DA:53,0
DA:55,0
DA:56,0
DA:73,0
DA:74,0
DA:75,0
DA:76,0
DA:78,0
DA:80,0
DA:81,0
DA:102,0
DA:103,0
DA:104,0
DA:106,0
DA:107,0
DA:110,0
DA:112,0
DA:113,0
DA:134,0
DA:135,0
DA:136,0
DA:138,0
DA:140,0
DA:141,0
DA:162,0
DA:163,0
DA:164,0
DA:166,0
DA:167,0
DA:170,0
DA:172,0
DA:173,0
DA:194,0
DA:195,0
DA:196,0
DA:198,0
DA:200,0
DA:201,0
DA:226,0
DA:227,0
DA:228,0
DA:229,0
DA:231,0
DA:233,0
DA:234,0
DA:251,0
DA:252,0
DA:253,0
DA:254,0
DA:256,0
DA:258,0
DA:259,0
DA:276,0
DA:277,0
DA:278,0
DA:280,0
DA:282,0
DA:283,0
DA:287,0
LF:70
LH:0
BRDA:43,0,0,0
BRDA:43,0,1,0
BRDA:49,1,0,0
BRDA:49,1,1,0
BRDA:50,2,0,0
BRDA:50,2,1,0
BRDA:106,3,0,0
BRDA:106,3,1,0
BRDA:166,4,0,0
BRDA:166,4,1,0
BRDA:228,5,0,0
BRDA:228,5,1,0
BRDA:253,6,0,0
BRDA:253,6,1,0
BRF:14
BRH:0
end_of_record
TN:
SF:src/db/ensureSchema.js
FN:5,ensureSchema
FN:22,(anonymous_1)
FNF:2
FNH:0
FNDA:0,ensureSchema
FNDA:0,(anonymous_1)
DA:1,0
DA:2,0
DA:3,0
DA:7,0
DA:9,0
DA:11,0
DA:14,0
DA:15,0
DA:16,0
DA:17,0
DA:21,0
DA:22,0
DA:23,0
DA:24,0
DA:25,0
DA:26,0
DA:29,0
DA:32,0
DA:36,0
DA:37,0
DA:39,0
DA:40,0
DA:45,0
LF:23
LH:0
BRDA:15,0,0,0
BRDA:15,0,1,0
BRDA:15,1,0,0
BRDA:15,1,1,0
BRDA:22,2,0,0
BRDA:22,2,1,0
BRDA:23,3,0,0
BRDA:23,3,1,0
BRDA:39,4,0,0
BRDA:39,4,1,0
BRDA:39,5,0,0
BRDA:39,5,1,0
BRF:12
BRH:0
end_of_record
TN:
SF:src/db/factory.js
FN:13,initializeDB
FN:40,getDB
FN:50,closeDB
FNF:3
FNH:0
FNDA:0,initializeDB
FNDA:0,getDB
FNDA:0,closeDB
DA:6,0
DA:8,0
DA:14,0
DA:15,0
DA:17,0
DA:18,0
DA:19,0
DA:20,0
DA:21,0
DA:22,0
DA:23,0
DA:25,0
DA:26,0
DA:27,0
DA:28,0
DA:31,0
DA:32,0
DA:33,0
DA:41,0
DA:42,0
DA:44,0
DA:51,0
DA:52,0
DA:54,0
DA:57,0
LF:25
LH:0
BRDA:17,0,0,0
BRDA:17,0,1,0
BRDA:17,1,0,0
BRDA:17,1,1,0
BRDA:17,1,2,0
BRDA:41,2,0,0
BRDA:41,2,1,0
BRDA:51,3,0,0
BRDA:51,3,1,0
BRF:9
BRH:0
end_of_record
TN:
SF:src/db/postgres.js
FN:15,initializePool
FN:35,(anonymous_1)
FN:54,(anonymous_2)
FN:62,query
FN:78,queryOne
FN:86,execute
FN:105,getPool
FN:119,closePool
FN:130,healthCheck
FNF:9
FNH:0
FNDA:0,initializePool
FNDA:0,(anonymous_1)
FNDA:0,(anonymous_2)
FNDA:0,query
FNDA:0,queryOne
FNDA:0,execute
FNDA:0,getPool
FNDA:0,closePool
FNDA:0,healthCheck
DA:6,0
DA:7,0
DA:9,0
DA:10,0
DA:16,0
DA:17,0
DA:19,0
DA:21,0
DA:22,0
DA:23,0
DA:26,0
DA:27,0
DA:35,0
DA:37,0
DA:38,0
DA:42,0
DA:43,0
DA:46,0
DA:47,0
DA:49,0
DA:54,0
DA:55,0
DA:56,0
DA:63,0
DA:64,0
DA:65,0
DA:66,0
DA:68,0
DA:69,0
DA:71,0
DA:79,0
DA:80,0
DA:87,0
DA:88,0
DA:89,0
DA:90,0
DA:95,0
DA:96,0
DA:98,0
DA:106,0
DA:107,0
DA:108,0
DA:109,0
DA:111,0
DA:113,0
DA:120,0
DA:121,0
DA:122,0
DA:123,0
DA:131,0
DA:132,0
DA:133,0
DA:135,0
DA:139,0
LF:54
LH:0
BRDA:16,0,0,0
BRDA:16,0,1,0
BRDA:17,1,0,0
BRDA:17,1,1,0
BRDA:19,2,0,0
BRDA:19,2,1,0
BRDA:21,3,0,0
BRDA:21,3,1,0
BRDA:29,4,0,0
BRDA:29,4,1,0
BRDA:37,5,0,0
BRDA:37,5,1,0
BRDA:46,6,0,0
BRDA:46,6,1,0
BRDA:55,7,0,0
BRDA:55,7,1,0
BRDA:62,8,0,0
BRDA:78,9,0,0
BRDA:80,10,0,0
BRDA:80,10,1,0
BRDA:86,11,0,0
BRDA:106,12,0,0
BRDA:106,12,1,0
BRDA:108,13,0,0
BRDA:108,13,1,0
BRDA:120,14,0,0
BRDA:120,14,1,0
BRF:27
BRH:0
end_of_record
TN:
SF:src/db/runMigrations.js
FN:16,(anonymous_0)
FN:27,runMigrations
FN:28,(anonymous_2)
FN:29,(anonymous_3)
FN:41,(anonymous_4)
FN:45,(anonymous_5)
FN:50,(anonymous_6)
FN:58,(anonymous_7)
FN:60,(anonymous_8)
FN:67,(anonymous_9)
FN:77,(anonymous_10)
FN:100,(anonymous_11)
FNF:12
FNH:0
FNDA:0,(anonymous_0)
FNDA:0,runMigrations
FNDA:0,(anonymous_2)
FNDA:0,(anonymous_3)
FNDA:0,(anonymous_4)
FNDA:0,(anonymous_5)
FNDA:0,(anonymous_6)
FNDA:0,(anonymous_7)
FNDA:0,(anonymous_8)
FNDA:0,(anonymous_9)
FNDA:0,(anonymous_10)
FNDA:0,(anonymous_11)
DA:1,0
DA:2,0
DA:3,0
DA:5,0
DA:8,0
DA:16,0
DA:17,0
DA:18,0
DA:22,0
DA:23,0
DA:24,0
DA:28,0
DA:29,0
DA:30,0
DA:31,0
DA:32,0
DA:33,0
DA:36,0
DA:39,0
DA:43,0
DA:44,0
DA:45,0
DA:48,0
DA:50,0
DA:52,0
DA:54,0
DA:55,0
DA:58,0
DA:59,0
DA:60,0
DA:61,0
DA:62,0
DA:63,0
DA:65,0
DA:66,0
DA:67,0
DA:69,0
DA:70,0
DA:73,0
DA:76,0
DA:77,0
DA:78,0
DA:80,0
DA:82,0
DA:85,0
DA:87,0
DA:91,0
DA:96,0
DA:99,0
DA:100,0
DA:101,0
DA:102,0
LF:52
LH:0
BRDA:17,0,0,0
BRDA:17,0,1,0
BRDA:23,1,0,0
BRDA:23,1,1,0
BRDA:30,2,0,0
BRDA:30,2,1,0
BRDA:59,3,0,0
BRDA:59,3,1,0
BRDA:61,4,0,0
BRDA:61,4,1,0
BRDA:65,5,0,0
BRDA:65,5,1,0
BRDA:78,6,0,0
BRDA:78,6,1,0
BRDA:80,7,0,0
BRDA:80,7,1,0
BRDA:80,8,0,0
BRDA:80,8,1,0
BRDA:99,9,0,0
BRDA:99,9,1,0
BRF:20
BRH:0
end_of_record
TN:
SF:src/db/seed.js
FN:4,runSeed
FN:65,(anonymous_1)
FNF:2
FNH:0
FNDA:0,runSeed
FNDA:0,(anonymous_1)
DA:1,0
DA:2,0
DA:5,0
DA:8,0
DA:9,0
DA:20,0
DA:21,0
DA:32,0
DA:33,0
DA:44,0
DA:52,0
DA:61,0
DA:65,0
DA:67,0
LF:14
LH:0
BRDA:65,0,0,0
BRDA:65,0,1,0
BRF:2
BRH:0
end_of_record
TN:
SF:src/db/sqlite.js
FN:14,(anonymous_0)
FN:19,ensureDir
FN:24,promisifyDb
FN:26,(anonymous_3)
FN:27,(anonymous_4)
FN:28,(anonymous_5)
FN:34,(anonymous_6)
FN:35,(anonymous_7)
FN:36,(anonymous_8)
FN:42,(anonymous_9)
FN:43,(anonymous_10)
FN:44,(anonymous_11)
FN:50,(anonymous_12)
FN:51,(anonymous_13)
FN:52,(anonymous_14)
FN:58,(anonymous_15)
FN:59,(anonymous_16)
FN:60,(anonymous_17)
FN:66,getDb
FNF:19
FNH:13
FNDA:5,(anonymous_0)
FNDA:10,ensureDir
FNDA:10,promisifyDb
FNDA:6,(anonymous_3)
FNDA:6,(anonymous_4)
FNDA:6,(anonymous_5)
FNDA:0,(anonymous_6)
FNDA:0,(anonymous_7)
FNDA:0,(anonymous_8)
FNDA:1,(anonymous_9)
FNDA:1,(anonymous_10)
FNDA:1,(anonymous_11)
FNDA:0,(anonymous_12)
FNDA:0,(anonymous_13)
FNDA:0,(anonymous_14)
FNDA:9,(anonymous_15)
FNDA:9,(anonymous_16)
FNDA:9,(anonymous_17)
FNDA:10,getDb
DA:1,5
DA:2,5
DA:3,5
DA:6,5
DA:14,5
DA:15,5
DA:16,0
DA:20,10
DA:21,10
DA:25,10
DA:27,6
DA:28,6
DA:29,6
DA:30,0
DA:35,0
DA:36,0
DA:37,0
DA:38,0
DA:43,1
DA:44,1
DA:45,1
DA:46,1
DA:51,0
DA:52,0
DA:53,0
DA:54,0
DA:59,9
DA:60,9
DA:67,10
DA:68,10
DA:69,10
DA:72,10
DA:75,5
LF:33
LH:23
BRDA:15,0,0,0
BRDA:15,0,1,5
BRDA:21,1,0,0
BRDA:21,1,1,10
BRDA:29,2,0,6
BRDA:29,2,1,0
BRDA:37,3,0,0
BRDA:37,3,1,0
BRDA:45,4,0,0
BRDA:45,4,1,1
BRDA:53,5,0,0
BRDA:53,5,1,0
BRDA:60,6,0,0
BRDA:60,6,1,9
BRF:14
BRH:5
end_of_record
TN:
SF:src/db/migrations/migratePixPayments.js
FN:11,migratePixPayments
FN:17,(anonymous_1)
FNF:2
FNH:0
FNDA:0,migratePixPayments
FNDA:0,(anonymous_1)
DA:8,0
DA:9,0
DA:12,0
DA:13,0
DA:16,0
DA:17,0
DA:19,0
DA:32,0
DA:33,0
DA:34,0
DA:35,0
DA:36,0
DA:38,0
DA:43,0
DA:51,0
DA:52,0
DA:53,0
DA:54,0
DA:55,0
DA:57,0
DA:61,0
DA:62,0
DA:64,0
DA:65,0
DA:69,0
LF:25
LH:0
BRDA:33,0,0,0
BRDA:33,0,1,0
BRF:2
BRH:0
end_of_record
TN:
SF:src/middleware/asyncHandler.js
FN:12,(anonymous_0)
FN:12,(anonymous_1)
FN:22,(anonymous_2)
FN:22,(anonymous_3)
FN:27,(anonymous_4)
FN:55,(anonymous_5)
FN:55,(anonymous_6)
FN:80,(anonymous_7)
FN:80,(anonymous_8)
FN:83,(anonymous_9)
FN:141,sanitizeString
FN:145,(anonymous_11)
FN:163,(anonymous_12)
FN:163,(anonymous_13)
FN:166,(anonymous_14)
FN:170,(anonymous_15)
FN:174,(anonymous_16)
FN:194,(anonymous_17)
FN:215,(anonymous_18)
FN:218,(anonymous_19)
FN:224,(anonymous_20)
FNF:21
FNH:0
FNDA:0,(anonymous_0)
FNDA:0,(anonymous_1)
FNDA:0,(anonymous_2)
FNDA:0,(anonymous_3)
FNDA:0,(anonymous_4)
FNDA:0,(anonymous_5)
FNDA:0,(anonymous_6)
FNDA:0,(anonymous_7)
FNDA:0,(anonymous_8)
FNDA:0,(anonymous_9)
FNDA:0,sanitizeString
FNDA:0,(anonymous_11)
FNDA:0,(anonymous_12)
FNDA:0,(anonymous_13)
FNDA:0,(anonymous_14)
FNDA:0,(anonymous_15)
FNDA:0,(anonymous_16)
FNDA:0,(anonymous_17)
FNDA:0,(anonymous_18)
FNDA:0,(anonymous_19)
FNDA:0,(anonymous_20)
DA:12,0
DA:13,0
DA:22,0
DA:23,0
DA:25,0
DA:26,0
DA:27,0
DA:28,0
DA:29,0
DA:33,0
DA:34,0
DA:44,0
DA:46,0
DA:55,0
DA:56,0
DA:57,0
DA:60,0
DA:61,0
DA:71,0
DA:80,0
DA:81,0
DA:83,0
DA:84,0
DA:87,0
DA:88,0
DA:89,0
DA:93,0
DA:94,0
DA:98,0
DA:99,0
DA:100,0
DA:104,0
DA:105,0
DA:106,0
DA:108,0
DA:109,0
DA:114,0
DA:115,0
DA:119,0
DA:120,0
DA:124,0
DA:125,0
DA:133,0
DA:142,0
DA:144,0
DA:146,0
DA:152,0
DA:163,0
DA:164,0
DA:166,0
DA:167,0
DA:168,0
DA:170,0
DA:171,0
DA:172,0
DA:173,0
DA:174,0
DA:175,0
DA:177,0
DA:181,0
DA:182,0
DA:184,0
DA:187,0
DA:194,0
DA:195,0
DA:197,0
DA:198,0
DA:206,0
DA:215,0
DA:216,0
DA:218,0
DA:219,0
DA:220,0
DA:221,0
DA:224,0
DA:226,0
DA:227,0
DA:235,0
DA:236,0
DA:238,0
DA:242,0
LF:81
LH:0
BRDA:22,0,0,0
BRDA:25,1,0,0
BRDA:25,1,1,0
BRDA:28,2,0,0
BRDA:28,2,1,0
BRDA:28,3,0,0
BRDA:28,3,1,0
BRDA:28,3,2,0
BRDA:33,4,0,0
BRDA:33,4,1,0
BRDA:87,5,0,0
BRDA:87,5,1,0
BRDA:87,6,0,0
BRDA:87,6,1,0
BRDA:87,6,2,0
BRDA:87,6,3,0
BRDA:93,7,0,0
BRDA:93,7,1,0
BRDA:93,8,0,0
BRDA:93,8,1,0
BRDA:93,8,2,0
BRDA:93,8,3,0
BRDA:98,9,0,0
BRDA:98,9,1,0
BRDA:98,10,0,0
BRDA:98,10,1,0
BRDA:104,11,0,0
BRDA:104,11,1,0
BRDA:105,12,0,0
BRDA:105,12,1,0
BRDA:105,13,0,0
BRDA:105,13,1,0
BRDA:108,14,0,0
BRDA:108,14,1,0
BRDA:108,15,0,0
BRDA:108,15,1,0
BRDA:114,16,0,0
BRDA:114,16,1,0
BRDA:114,17,0,0
BRDA:114,17,1,0
BRDA:119,18,0,0
BRDA:119,18,1,0
BRDA:119,19,0,0
BRDA:119,19,1,0
BRDA:124,20,0,0
BRDA:124,20,1,0
BRDA:142,21,0,0
BRDA:142,21,1,0
BRDA:163,22,0,0
BRDA:167,23,0,0
BRDA:167,23,1,0
BRDA:167,24,0,0
BRDA:167,24,1,0
BRDA:171,25,0,0
BRDA:171,25,1,0
BRDA:173,26,0,0
BRDA:173,26,1,0
BRDA:173,27,0,0
BRDA:173,27,1,0
BRDA:197,28,0,0
BRDA:197,28,1,0
BRDA:215,29,0,0
BRDA:215,30,0,0
BRDA:221,31,0,0
BRDA:221,31,1,0
BRDA:226,32,0,0
BRDA:226,32,1,0
BRF:67
BRH:0
end_of_record
TN:
SF:src/middleware/auth.js
FN:21,(anonymous_0)
FN:30,(anonymous_1)
FN:38,(anonymous_2)
FN:79,(anonymous_3)
FN:80,(anonymous_4)
FN:89,(anonymous_5)
FNF:6
FNH:0
FNDA:0,(anonymous_0)
FNDA:0,(anonymous_1)
FNDA:0,(anonymous_2)
FNDA:0,(anonymous_3)
FNDA:0,(anonymous_4)
FNDA:0,(anonymous_5)
DA:6,0
DA:7,0
DA:10,0
DA:11,0
DA:14,0
DA:15,0
DA:16,0
DA:17,0
DA:21,0
DA:22,0
DA:30,0
DA:31,0
DA:38,0
DA:39,0
DA:40,0
DA:42,0
DA:43,0
DA:47,0
DA:48,0
DA:56,0
DA:57,0
DA:58,0
DA:62,0
DA:64,0
DA:65,0
DA:66,0
DA:68,0
DA:69,0
DA:72,0
DA:79,0
DA:80,0
DA:81,0
DA:82,0
DA:84,0
DA:89,0
DA:90,0
DA:91,0
DA:94,0
DA:103,0
DA:104,0
LF:40
LH:0
BRDA:14,0,0,0
BRDA:14,0,1,0
BRDA:14,1,0,0
BRDA:14,1,1,0
BRDA:21,2,0,0
BRDA:40,3,0,0
BRDA:40,3,1,0
BRDA:42,4,0,0
BRDA:42,4,1,0
BRDA:47,5,0,0
BRDA:47,5,1,0
BRDA:56,6,0,0
BRDA:56,6,1,0
BRDA:68,7,0,0
BRDA:68,7,1,0
BRDA:81,8,0,0
BRDA:81,8,1,0
BRDA:81,9,0,0
BRDA:81,9,1,0
BRDA:90,10,0,0
BRDA:90,10,1,0
BRF:21
BRH:0
end_of_record
TN:
SF:src/middleware/cacheMiddleware.js
FN:16,(anonymous_0)
FN:17,(anonymous_1)
FN:42,(anonymous_2)
FN:44,(anonymous_3)
FN:58,(anonymous_4)
FN:59,(anonymous_5)
FN:63,(anonymous_6)
FN:66,(anonymous_7)
FN:67,(anonymous_8)
FN:83,(anonymous_9)
FN:100,(anonymous_10)
FN:118,(anonymous_11)
FN:120,(anonymous_12)
FNF:13
FNH:0
FNDA:0,(anonymous_0)
FNDA:0,(anonymous_1)
FNDA:0,(anonymous_2)
FNDA:0,(anonymous_3)
FNDA:0,(anonymous_4)
FNDA:0,(anonymous_5)
FNDA:0,(anonymous_6)
FNDA:0,(anonymous_7)
FNDA:0,(anonymous_8)
FNDA:0,(anonymous_9)
FNDA:0,(anonymous_10)
FNDA:0,(anonymous_11)
FNDA:0,(anonymous_12)
DA:10,0
DA:11,0
DA:16,0
DA:17,0
DA:19,0
DA:20,0
DA:24,0
DA:26,0
DA:28,0
DA:30,0
DA:31,0
DA:32,0
DA:35,0
DA:40,0
DA:42,0
DA:44,0
DA:45,0
DA:48,0
DA:51,0
DA:58,0
DA:59,0
DA:61,0
DA:63,0
DA:65,0
DA:66,0
DA:67,0
DA:68,0
DA:73,0
DA:76,0
DA:83,0
DA:84,0
DA:86,0
DA:87,0
DA:88,0
DA:89,0
DA:91,0
DA:94,0
DA:100,0
DA:101,0
DA:102,0
DA:105,0
DA:107,0
DA:108,0
DA:109,0
DA:110,0
DA:113,0
DA:116,0
DA:118,0
DA:120,0
DA:121,0
DA:124,0
DA:127,0
DA:130,0
LF:53
LH:0
BRDA:16,0,0,0
BRDA:19,1,0,0
BRDA:19,1,1,0
BRDA:24,2,0,0
BRDA:24,2,1,0
BRDA:30,3,0,0
BRDA:30,3,1,0
BRDA:58,4,0,0
BRDA:65,5,0,0
BRDA:65,5,1,0
BRDA:65,6,0,0
BRDA:65,6,1,0
BRDA:84,7,0,0
BRDA:84,7,1,0
BRDA:88,8,0,0
BRDA:88,8,1,0
BRDA:101,9,0,0
BRDA:101,9,1,0
BRDA:109,10,0,0
BRDA:109,10,1,0
BRF:20
BRH:0
end_of_record
TN:
SF:src/middleware/cdnMiddleware.js
FN:11,cdnCacheHeaders
FN:41,enableCompression
FN:56,assetSecurityHeaders
FN:69,logAssetDownload
FN:72,(anonymous_4)
FN:92,serveOptimizedAsset
FN:113,generateAssetETag
FN:116,(anonymous_7)
FNF:8
FNH:0
FNDA:0,cdnCacheHeaders
FNDA:0,enableCompression
FNDA:0,assetSecurityHeaders
FNDA:0,logAssetDownload
FNDA:0,(anonymous_4)
FNDA:0,serveOptimizedAsset
FNDA:0,generateAssetETag
FNDA:0,(anonymous_7)
DA:6,0
DA:13,0
DA:15,0
DA:17,0
DA:21,0
DA:23,0
DA:27,0
DA:29,0
DA:35,0
DA:43,0
DA:46,0
DA:47,0
DA:50,0
DA:57,0
DA:63,0
DA:70,0
DA:72,0
DA:73,0
DA:82,0
DA:85,0
DA:93,0
DA:95,0
DA:99,0
DA:107,0
DA:114,0
DA:116,0
DA:117,0
DA:119,0
DA:120,0
DA:125,0
DA:128,0
DA:131,0
DA:134,0
LF:33
LH:0
BRDA:15,0,0,0
BRDA:15,0,1,0
BRDA:21,1,0,0
BRDA:21,1,1,0
BRDA:27,2,0,0
BRDA:27,2,1,0
BRDA:46,3,0,0
BRDA:46,3,1,0
BRDA:95,4,0,0
BRDA:95,4,1,0
BRDA:95,5,0,0
BRDA:95,5,1,0
BRDA:117,6,0,0
BRDA:117,6,1,0
BRDA:117,7,0,0
BRDA:117,7,1,0
BRF:16
BRH:0
end_of_record
TN:
SF:src/middleware/csrf.js
FN:10,initCsrf
FN:14,(anonymous_1)
FN:16,(anonymous_2)
FN:43,(anonymous_3)
FNF:4
FNH:0
FNDA:0,initCsrf
FNDA:0,(anonymous_1)
FNDA:0,(anonymous_2)
FNDA:0,(anonymous_3)
DA:5,0
DA:6,0
DA:8,0
DA:11,0
DA:14,0
DA:15,0
DA:16,0
DA:17,0
DA:19,0
DA:20,0
DA:22,0
DA:23,0
DA:24,0
DA:31,0
DA:33,0
DA:38,0
DA:40,0
DA:41,0
DA:43,0
DA:44,0
DA:46,0
DA:48,0
DA:49,0
DA:52,0
DA:56,0
DA:60,0
LF:26
LH:0
BRDA:15,0,0,0
BRDA:15,0,1,0
BRDA:17,1,0,0
BRDA:17,1,1,0
BRDA:38,2,0,0
BRDA:38,2,1,0
BRDA:40,3,0,0
BRDA:40,3,1,0
BRDA:40,4,0,0
BRDA:40,4,1,0
BRDA:44,5,0,0
BRDA:44,5,1,0
BRDA:48,6,0,0
BRDA:48,6,1,0
BRF:14
BRH:0
end_of_record
TN:
SF:src/middleware/databaseMiddleware.js
FN:12,dbQueryTracker
FN:13,(anonymous_1)
FN:21,(anonymous_2)
FN:23,(anonymous_3)
FN:33,(anonymous_4)
FN:35,(anonymous_5)
FN:45,(anonymous_6)
FN:47,(anonymous_7)
FN:63,logPreparedQueries
FN:77,queryCacheMiddleware
FN:78,(anonymous_10)
FN:93,(anonymous_11)
FN:106,dbPoolMonitor
FN:107,(anonymous_13)
FNF:14
FNH:0
FNDA:0,dbQueryTracker
FNDA:0,(anonymous_1)
FNDA:0,(anonymous_2)
FNDA:0,(anonymous_3)
FNDA:0,(anonymous_4)
FNDA:0,(anonymous_5)
FNDA:0,(anonymous_6)
FNDA:0,(anonymous_7)
FNDA:0,logPreparedQueries
FNDA:0,queryCacheMiddleware
FNDA:0,(anonymous_10)
FNDA:0,(anonymous_11)
FNDA:0,dbPoolMonitor
FNDA:0,(anonymous_13)
DA:6,0
DA:7,0
DA:13,0
DA:15,0
DA:16,0
DA:17,0
DA:18,0
DA:20,0
DA:21,0
DA:22,0
DA:23,0
DA:24,0
DA:25,0
DA:26,0
DA:28,0
DA:32,0
DA:33,0
DA:34,0
DA:35,0
DA:36,0
DA:37,0
DA:38,0
DA:40,0
DA:44,0
DA:45,0
[...]
DA:163,0
DA:170,0
DA:171,0
DA:172,0
DA:187,0
DA:195,0
DA:196,0
DA:197,0
DA:198,0
DA:201,0
DA:202,0
DA:204,0
DA:215,0
DA:223,0
DA:224,0
DA:225,0
DA:226,0
DA:228,0
DA:229,0
DA:237,0
DA:238,0
DA:239,0
DA:244,0
DA:252,0
DA:253,0
DA:254,0
DA:256,0
DA:261,0
LF:70
LH:0
BRDA:16,0,0,0
BRDA:16,0,1,0
BRDA:29,1,0,0
BRDA:29,1,1,0
BRDA:30,2,0,0
BRDA:30,2,1,0
BRDA:48,3,0,0
BRDA:50,4,0,0
BRDA:50,4,1,0
BRDA:54,5,0,0
BRDA:54,5,1,0
BRDA:56,6,0,0
BRDA:56,6,1,0
BRDA:58,7,0,0
BRDA:58,7,1,0
BRDA:95,8,0,0
BRDA:95,8,1,0
BRDA:106,9,0,0
BRDA:106,9,1,0
BRDA:122,10,0,0
BRDA:122,10,1,0
BRDA:136,11,0,0
BRDA:136,11,1,0
BRDA:197,12,0,0
BRDA:197,12,1,0
BRF:25
BRH:0
end_of_record
TN:
SF:src/services/WebhookService.js
FN:10,(anonymous_0)
FN:21,(anonymous_1)
FN:58,(anonymous_2)
FN:92,(anonymous_3)
FN:114,(anonymous_4)
FN:159,(anonymous_5)
FN:200,(anonymous_6)
FN:221,(anonymous_7)
FN:238,(anonymous_8)
FN:252,(anonymous_9)
FN:259,(anonymous_10)
FN:277,(anonymous_11)
FN:290,(anonymous_12)
FN:302,(anonymous_13)
FN:335,(anonymous_14)
FN:346,(anonymous_15)
FN:357,(anonymous_16)
FN:383,(anonymous_17)
FN:393,(anonymous_18)
FN:397,(anonymous_19)
FNF:20
FNH:0
FNDA:0,(anonymous_0)
FNDA:0,(anonymous_1)
FNDA:0,(anonymous_2)
FNDA:0,(anonymous_3)
FNDA:0,(anonymous_4)
FNDA:0,(anonymous_5)
FNDA:0,(anonymous_6)
FNDA:0,(anonymous_7)
FNDA:0,(anonymous_8)
FNDA:0,(anonymous_9)
FNDA:0,(anonymous_10)
FNDA:0,(anonymous_11)
FNDA:0,(anonymous_12)
FNDA:0,(anonymous_13)
FNDA:0,(anonymous_14)
FNDA:0,(anonymous_15)
FNDA:0,(anonymous_16)
FNDA:0,(anonymous_17)
FNDA:0,(anonymous_18)
FNDA:0,(anonymous_19)
DA:6,0
DA:7,0
DA:11,0
DA:12,0
DA:13,0
DA:14,0
DA:15,0
DA:22,0
DA:23,0
DA:24,0
DA:26,0
DA:45,0
DA:47,0
DA:48,0
DA:50,0
DA:51,0
DA:59,0
DA:60,0
DA:69,0
DA:72,0
DA:73,0
DA:75,0
DA:77,0
DA:81,0
DA:82,0
DA:84,0
DA:85,0
DA:93,0
DA:94,0
DA:105,0
DA:107,0
DA:115,0
DA:116,0
DA:117,0
DA:119,0
DA:130,0
DA:137,0
DA:138,0
DA:139,0
DA:141,0
DA:142,0
DA:143,0
DA:144,0
DA:146,0
DA:147,0
DA:150,0
DA:151,0
DA:152,0
DA:160,0
DA:161,0
DA:163,0
DA:164,0
DA:166,0
DA:167,0
DA:168,0
DA:169,0
DA:171,0
DA:177,0
DA:180,0
DA:181,0
DA:188,0
DA:191,0
DA:193,0
DA:201,0
DA:202,0
DA:204,0
DA:205,0
DA:206,0
DA:208,0
DA:209,0
DA:214,0
DA:222,0
DA:223,0
DA:224,0
DA:226,0
DA:227,0
DA:228,0
DA:230,0
DA:231,0
DA:239,0
DA:240,0
DA:241,0
DA:242,0
DA:244,0
DA:245,0
DA:253,0
DA:260,0
DA:261,0
DA:262,0
DA:263,0
DA:264,0
DA:267,0
DA:269,0
DA:270,0
DA:278,0
DA:279,0
DA:280,0
DA:282,0
DA:283,0
DA:291,0
DA:292,0
DA:294,0
DA:295,0
DA:303,0
DA:304,0
DA:305,0
DA:307,0
DA:314,0
DA:324,0
DA:325,0
DA:327,0
DA:328,0
DA:336,0
DA:337,0
DA:347,0
DA:348,0
DA:358,0
DA:359,0
DA:372,0
DA:384,0
DA:385,0
DA:387,0
DA:394,0
DA:395,0
DA:397,0
DA:404,0
DA:405,0
DA:408,0
DA:410,0
DA:411,0
DA:416,0
LF:131
LH:0
BRDA:30,0,0,0
BRDA:30,0,1,0
BRDA:32,1,0,0
BRDA:32,1,1,0
BRDA:34,2,0,0
BRDA:34,2,1,0
BRDA:58,3,0,0
BRDA:73,4,0,0
BRDA:73,4,1,0
BRDA:75,5,0,0
BRDA:75,5,1,0
BRDA:75,6,0,0
BRDA:75,6,1,0
BRDA:137,7,0,0
BRDA:137,7,1,0
BRDA:141,8,0,0
BRDA:141,8,1,0
BRDA:161,9,0,0
BRDA:161,9,1,0
BRDA:205,10,0,0
BRDA:205,10,1,0
BRDA:208,11,0,0
BRDA:208,11,1,0
BRDA:224,12,0,0
BRDA:224,12,1,0
BRDA:263,13,0,0
BRDA:263,13,1,0
BRDA:277,14,0,0
BRDA:279,15,0,0
BRDA:279,15,1,0
BRDA:290,16,0,0
BRDA:305,17,0,0
BRDA:305,17,1,0
BRDA:336,18,0,0
BRDA:336,18,1,0
BRDA:358,19,0,0
BRDA:358,19,1,0
BRDA:384,20,0,0
BRDA:384,20,1,0
BRF:39
BRH:0
end_of_record
TN:
SF:src/utils/InputValidator.js
FN:13,(anonymous_0)
FN:16,(anonymous_1)
FN:35,(anonymous_2)
FN:142,(anonymous_3)
FN:176,(anonymous_4)
FN:180,(anonymous_5)
FN:210,(anonymous_6)
FN:213,(anonymous_7)
FN:261,(anonymous_8)
FNF:9
FNH:0
FNDA:0,(anonymous_0)
FNDA:0,(anonymous_1)
FNDA:0,(anonymous_2)
FNDA:0,(anonymous_3)
FNDA:0,(anonymous_4)
FNDA:0,(anonymous_5)
FNDA:0,(anonymous_6)
FNDA:0,(anonymous_7)
FNDA:0,(anonymous_8)
DA:14,0
DA:16,0
DA:17,0
DA:18,0
DA:19,0
DA:22,0
DA:36,0
DA:39,0
DA:40,0
DA:45,0
DA:49,0
DA:50,0
DA:54,0
DA:55,0
DA:56,0
DA:57,0
DA:62,0
DA:67,0
DA:68,0
DA:69,0
DA:76,0
DA:77,0
DA:85,0
DA:86,0
DA:94,0
DA:95,0
DA:104,0
DA:105,0
DA:106,0
DA:113,0
DA:114,0
DA:123,0
DA:124,0
DA:125,0
DA:132,0
DA:133,0
DA:141,0
DA:142,0
DA:143,0
DA:144,0
DA:145,0
DA:156,0
DA:157,0
DA:158,0
DA:159,0
DA:167,0
DA:177,0
DA:178,0
DA:180,0
DA:181,0
DA:182,0
DA:183,0
DA:184,0
DA:185,0
DA:186,0
DA:187,0
DA:188,0
DA:189,0
DA:190,0
DA:191,0
DA:194,0
DA:195,0
DA:201,0
DA:211,0
DA:213,0
DA:214,0
DA:216,0
DA:218,0
DA:219,0
DA:223,0
DA:224,0
DA:228,0
DA:229,0
DA:233,0
DA:234,0
DA:238,0
DA:239,0
DA:244,0
DA:245,0
DA:248,0
DA:249,0
DA:253,0
DA:262,0
DA:263,0
DA:269,0
DA:321,0
LF:86
LH:0
BRDA:35,0,0,0
BRDA:39,1,0,0
BRDA:39,1,1,0
BRDA:39,2,0,0
BRDA:39,2,1,0
BRDA:39,2,2,0
BRDA:39,2,3,0
BRDA:49,3,0,0
BRDA:49,3,1,0
BRDA:49,4,0,0
BRDA:49,4,1,0
BRDA:49,4,2,0
BRDA:49,4,3,0
BRDA:54,5,0,0
BRDA:54,5,1,0
BRDA:56,6,0,0
BRDA:56,6,1,0
BRDA:67,7,0,0
BRDA:67,7,1,0
BRDA:68,8,0,0
BRDA:68,8,1,0
BRDA:68,9,0,0
BRDA:68,9,1,0
BRDA:76,10,0,0
BRDA:76,10,1,0
BRDA:76,11,0,0
BRDA:76,11,1,0
BRDA:85,12,0,0
BRDA:85,12,1,0
BRDA:85,13,0,0
BRDA:85,13,1,0
BRDA:88,14,0,0
BRDA:88,14,1,0
BRDA:94,15,0,0
BRDA:94,15,1,0
BRDA:94,16,0,0
BRDA:94,16,1,0
BRDA:104,17,0,0
BRDA:104,17,1,0
BRDA:105,18,0,0
BRDA:105,18,1,0
BRDA:105,19,0,0
BRDA:105,19,1,0
BRDA:113,20,0,0
BRDA:113,20,1,0
BRDA:113,21,0,0
BRDA:113,21,1,0
BRDA:123,22,0,0
BRDA:123,22,1,0
BRDA:124,23,0,0
BRDA:124,23,1,0
BRDA:124,24,0,0
BRDA:124,24,1,0
BRDA:132,25,0,0
BRDA:132,25,1,0
BRDA:132,26,0,0
BRDA:132,26,1,0
BRDA:141,27,0,0
BRDA:141,27,1,0
BRDA:144,28,0,0
BRDA:144,28,1,0
BRDA:156,29,0,0
BRDA:156,29,1,0
BRDA:156,30,0,0
BRDA:156,30,1,0
BRDA:158,31,0,0
BRDA:158,31,1,0
BRDA:161,32,0,0
BRDA:161,32,1,0
BRDA:177,33,0,0
BRDA:177,33,1,0
BRDA:178,34,0,0
BRDA:178,34,1,0
BRDA:181,35,0,0
BRDA:181,35,1,0
BRDA:182,36,0,0
BRDA:182,36,1,0
BRDA:183,37,0,0
BRDA:183,37,1,0
BRDA:184,38,0,0
BRDA:184,38,1,0
BRDA:185,39,0,0
BRDA:185,39,1,0
BRDA:185,40,0,0
BRDA:185,40,1,0
BRDA:185,40,2,0
BRDA:186,41,0,0
BRDA:186,41,1,0
BRDA:186,42,0,0
BRDA:186,42,1,0
BRDA:187,43,0,0
BRDA:187,43,1,0
BRDA:187,44,0,0
BRDA:187,44,1,0
BRDA:188,45,0,0
BRDA:188,45,1,0
BRDA:188,46,0,0
BRDA:188,46,1,0
BRDA:189,47,0,0
BRDA:189,47,1,0
BRDA:189,48,0,0
BRDA:189,48,1,0
BRDA:189,48,2,0
BRDA:190,49,0,0
BRDA:190,49,1,0
BRDA:194,50,0,0
BRDA:194,50,1,0
BRDA:210,51,0,0
BRDA:214,52,0,0
BRDA:214,52,1,0
BRDA:216,53,0,0
BRDA:216,53,1,0
BRDA:218,54,0,0
BRDA:218,54,1,0
BRDA:223,55,0,0
BRDA:223,55,1,0
BRDA:228,56,0,0
BRDA:228,56,1,0
BRDA:233,57,0,0
BRDA:233,57,1,0
BRDA:238,58,0,0
BRDA:238,58,1,0
BRDA:238,59,0,0
BRDA:238,59,1,0
BRDA:238,59,2,0
BRDA:244,60,0,0
BRDA:244,60,1,0
BRDA:244,61,0,0
BRDA:244,61,1,0
BRDA:245,62,0,0
BRDA:245,62,1,0
BRDA:248,63,0,0
BRDA:248,63,1,0
BRDA:248,64,0,0
BRDA:248,64,1,0
BRDA:249,65,0,0
BRDA:249,65,1,0
BRDA:262,66,0,0
BRDA:262,66,1,0
BRF:139
BRH:0
end_of_record
TN:
SF:src/utils/crypto.js
FN:7,getKey
FN:18,encrypt
FN:27,decrypt
FNF:3
FNH:0
FNDA:0,getKey
FNDA:0,encrypt
FNDA:0,decrypt
DA:1,0
DA:2,0
DA:4,0
DA:5,0
DA:9,0
DA:10,0
DA:11,0
DA:12,0
DA:13,0
DA:15,0
DA:19,0
DA:20,0
DA:21,0
DA:22,0
DA:23,0
DA:24,0
DA:28,0
DA:29,0
DA:30,0
DA:31,0
DA:32,0
DA:33,0
DA:34,0
DA:35,0
DA:36,0
DA:37,0
DA:38,0
DA:40,0
DA:41,0
DA:45,0
LF:30
LH:0
BRDA:9,0,0,0
BRDA:9,0,1,0
BRDA:10,1,0,0
BRDA:10,1,1,0
BRDA:31,2,0,0
BRDA:31,2,1,0
BRDA:31,3,0,0
BRDA:31,3,1,0
BRDA:31,3,2,0
BRF:9
BRH:0
end_of_record
TN:
SF:src/utils/emailTemplates.js
FN:8,formatPrice
FN:15,(anonymous_1)
FN:20,(anonymous_2)
FN:28,(anonymous_3)
FN:36,(anonymous_4)
FN:47,(anonymous_5)
FN:56,(anonymous_6)
FN:70,(anonymous_7)
FN:78,(anonymous_8)
FNF:9
FNH:9
FNDA:13,formatPrice
FNDA:4,(anonymous_1)
FNDA:5,(anonymous_2)
FNDA:5,(anonymous_3)
FNDA:3,(anonymous_4)
FNDA:3,(anonymous_5)
FNDA:3,(anonymous_6)
FNDA:5,(anonymous_7)
FNDA:5,(anonymous_8)
DA:9,13
DA:12,1
DA:16,4
DA:17,4
DA:18,4
DA:19,4
DA:20,5
DA:22,4
DA:28,5
DA:37,3
DA:38,3
DA:39,3
DA:41,3
DA:48,3
DA:49,3
DA:50,3
DA:57,3
DA:58,3
DA:59,3
DA:60,3
DA:61,3
DA:62,3
DA:64,3
DA:71,5
DA:72,5
DA:78,1
DA:79,5
DA:80,5
DA:81,5
DA:86,1
DA:87,1
DA:90,1
LF:32
LH:32
BRDA:9,0,0,13
BRDA:9,0,1,0
BRDA:15,1,0,0
BRDA:15,2,0,0
BRDA:16,3,0,4
BRDA:16,3,1,0
BRDA:17,4,0,4
BRDA:17,4,1,0
BRDA:18,5,0,4
BRDA:18,5,1,0
BRDA:20,6,0,4
BRDA:20,6,1,0
BRDA:20,7,0,5
BRDA:20,7,1,0
BRDA:36,8,0,0
BRDA:36,9,0,0
BRDA:37,10,0,3
BRDA:37,10,1,0
BRDA:38,11,0,3
BRDA:38,11,1,0
BRDA:39,12,0,3
BRDA:39,12,1,0
BRDA:47,13,0,0
BRDA:47,14,0,0
BRDA:48,15,0,3
BRDA:48,15,1,0
BRDA:49,16,0,3
BRDA:49,16,1,0
BRDA:49,16,2,0
BRDA:56,17,0,0
BRDA:56,18,0,0
BRDA:57,19,0,3
BRDA:57,19,1,0
BRDA:58,20,0,3
BRDA:58,20,1,0
BRDA:62,21,0,3
BRDA:62,21,1,0
BRDA:70,22,0,0
BRDA:70,23,0,0
BRDA:70,24,0,0
BRDA:71,25,0,5
BRDA:71,25,1,0
BRDA:80,26,0,5
BRDA:80,26,1,0
BRDA:80,27,0,5
BRDA:80,27,1,5
BRDA:80,27,2,5
BRDA:86,28,0,1
BRDA:86,28,1,0
BRDA:86,29,0,1
BRDA:86,29,1,1
BRF:51
BRH:22
end_of_record
TN:
SF:src/utils/health.js
FN:15,(anonymous_0)
FN:21,checkDatabase
FN:22,(anonymous_2)
FN:33,(anonymous_3)
FN:39,(anonymous_4)
FN:44,(anonymous_5)
FN:46,(anonymous_6)
FNF:7
FNH:3
FNDA:5,(anonymous_0)
FNDA:4,checkDatabase
FNDA:4,(anonymous_2)
FNDA:0,(anonymous_3)
FNDA:0,(anonymous_4)
FNDA:0,(anonymous_5)
FNDA:0,(anonymous_6)
DA:1,1
DA:2,1
DA:3,1
DA:4,1
DA:7,1
DA:15,5
DA:16,1
DA:18,1
DA:22,4
DA:23,4
DA:24,4
DA:25,4
DA:26,4
DA:27,4
DA:29,0
DA:30,0
DA:31,0
DA:33,0
DA:34,0
DA:35,0
DA:36,0
DA:39,0
DA:40,0
DA:41,0
DA:44,0
DA:45,0
DA:46,0
DA:47,0
DA:48,0
DA:49,0
DA:55,0
DA:56,0
DA:57,0
DA:62,1
LF:34
LH:15
BRDA:16,0,0,1
BRDA:16,0,1,0
BRDA:25,1,0,4
BRDA:25,1,1,0
BRDA:34,2,0,0
BRDA:34,2,1,0
BRDA:40,3,0,0
BRDA:40,3,1,0
BRDA:45,4,0,0
BRDA:45,4,1,0
BRDA:45,5,0,0
BRDA:45,5,1,0
BRDA:47,6,0,0
BRDA:47,6,1,0
BRDA:47,7,0,0
BRDA:47,7,1,0
BRF:16
BRH:2
end_of_record
TN:
SF:src/utils/joiSchemas.js
FN:29,(anonymous_0)
FN:283,validateSchema
FN:284,(anonymous_2)
FN:294,(anonymous_3)
FNF:4
FNH:0
FNDA:0,(anonymous_0)
FNDA:0,validateSchema
FNDA:0,(anonymous_2)
FNDA:0,(anonymous_3)
DA:7,1
DA:12,1
DA:30,0
DA:31,0
DA:32,0
DA:33,0
DA:34,0
DA:36,0
DA:111,1
DA:162,1
DA:187,1
DA:228,1
DA:256,1
DA:284,0
DA:285,0
DA:291,0
DA:292,0
DA:294,0
DA:303,0
DA:304,0
DA:308,1
LF:21
LH:8
BRDA:33,0,0,0
BRDA:33,0,1,0
BRDA:283,1,0,0
BRDA:291,2,0,0
BRDA:291,2,1,0
BRF:5
BRH:0
end_of_record
TN:
SF:src/utils/logger.js
FN:3,formatArgs
FN:4,(anonymous_1)
FN:7,maskSensitive
FN:16,(anonymous_3)
FN:17,(anonymous_4)
FN:18,(anonymous_5)
FN:19,(anonymous_6)
FN:33,(anonymous_7)
FN:132,(anonymous_8)
FN:142,(anonymous_9)
FN:155,(anonymous_10)
FN:172,(anonymous_11)
FN:194,(anonymous_12)
FNF:13
FNH:0
FNDA:0,formatArgs
FNDA:0,(anonymous_1)
FNDA:0,maskSensitive
FNDA:0,(anonymous_3)
FNDA:0,(anonymous_4)
FNDA:0,(anonymous_5)
FNDA:0,(anonymous_6)
FNDA:0,(anonymous_7)
FNDA:0,(anonymous_8)
FNDA:0,(anonymous_9)
FNDA:0,(anonymous_10)
FNDA:0,(anonymous_11)
FNDA:0,(anonymous_12)
DA:1,3
DA:4,0
DA:9,0
DA:15,3
DA:16,0
DA:17,0
DA:18,0
DA:19,0
DA:21,3
DA:22,3
DA:23,3
DA:24,3
DA:27,3
DA:28,3
DA:29,0
DA:33,3
DA:34,0
DA:35,0
DA:36,0
DA:37,0
DA:38,0
DA:39,0
DA:43,3
DA:50,3
DA:53,0
DA:54,0
DA:58,3
DA:72,3
DA:73,0
DA:85,3
DA:97,3
DA:98,0
DA:110,3
DA:121,3
DA:132,3
DA:133,0
DA:142,3
DA:143,0
DA:144,0
DA:155,3
DA:156,0
DA:157,0
DA:172,3
DA:173,0
DA:174,0
DA:176,0
DA:177,0
DA:178,0
DA:181,0
DA:182,0
DA:183,0
DA:186,0
DA:187,0
DA:190,0
DA:194,3
DA:195,0
DA:202,3
LF:57
LH:23
BRDA:4,0,0,0
BRDA:4,0,1,0
BRDA:28,1,0,0
BRDA:28,1,1,3
BRDA:35,2,0,0
BRDA:35,2,1,0
BRDA:36,3,0,0
BRDA:36,3,1,0
BRDA:37,4,0,0
BRDA:37,4,1,0
BRDA:38,5,0,0
BRDA:38,5,1,0
BRDA:67,6,0,3
BRDA:67,6,1,0
BRDA:72,7,0,0
BRDA:72,7,1,3
BRDA:97,8,0,0
BRDA:97,8,1,3
BRDA:122,9,0,3
BRDA:122,9,1,0
BRDA:132,10,0,0
BRDA:142,11,0,0
BRDA:143,12,0,0
BRDA:143,12,1,0
BRDA:143,13,0,0
BRDA:143,13,1,0
BRDA:155,14,0,0
BRDA:156,15,0,0
BRDA:156,15,1,0
BRDA:156,16,0,0
BRDA:156,16,1,0
BRDA:173,17,0,0
BRDA:173,17,1,0
BRDA:176,18,0,0
BRDA:176,18,1,0
BRDA:176,19,0,0
BRDA:176,19,1,0
BRDA:181,20,0,0
BRDA:181,20,1,0
BRDA:186,21,0,0
BRDA:186,21,1,0
BRDA:186,22,0,0
BRDA:186,22,1,0
BRDA:190,23,0,0
BRDA:190,23,1,0
BRDA:197,24,0,0
BRDA:197,24,1,0
BRF:47
BRH:5
end_of_record
TN:
SF:src/utils/notifications.js
FN:13,(anonymous_0)
FN:28,(anonymous_1)
FN:43,(anonymous_2)
FN:52,(anonymous_3)
FN:67,(anonymous_4)
FNF:5
FNH:5
FNDA:11,(anonymous_0)
FNDA:8,(anonymous_1)
FNDA:9,(anonymous_2)
FNDA:10,(anonymous_3)
FNDA:8,(anonymous_4)
DA:6,1
DA:7,1
DA:14,11
DA:15,11
DA:16,11
DA:17,11
DA:20,1
DA:22,1
DA:29,8
DA:30,8
DA:31,8
DA:32,8
DA:35,1
DA:37,1
DA:44,9
DA:46,9
DA:53,10
DA:54,10
DA:55,10
DA:56,10
DA:59,0
DA:61,0
DA:68,8
DA:69,8
DA:70,8
DA:71,8
DA:74,0
DA:76,0
DA:80,1
LF:29
LH:25
BRDA:16,0,0,11
BRDA:16,0,1,0
BRDA:16,1,0,11
BRDA:16,1,1,11
BRDA:31,2,0,8
BRDA:31,2,1,0
BRDA:31,3,0,8
BRDA:31,3,1,8
BRDA:55,4,0,10
BRDA:55,4,1,0
BRDA:55,5,0,10
BRDA:55,5,1,10
BRDA:70,6,0,8
BRDA:70,6,1,0
BRDA:70,7,0,8
BRDA:70,7,1,8
BRF:16
BRH:12
end_of_record
TN:
SF:src/utils/priceCalculator.js
FN:12,calculatePrice
FN:79,computeLoyaltyBonus
FN:105,generatePriceSummary
FNF:3
FNH:3
FNDA:31,calculatePrice
FNDA:10,computeLoyaltyBonus
FNDA:11,generatePriceSummary
DA:13,31
DA:16,31
DA:17,31
DA:18,31
DA:21,31
DA:22,31
DA:23,31
DA:26,31
DA:27,5
DA:28,5
DA:30,26
DA:34,31
DA:35,5
DA:36,5
DA:37,5
DA:39,26
DA:43,31
DA:44,4
DA:45,4
DA:46,4
DA:48,27
DA:52,31
DA:53,3
DA:56,31
DA:58,31
DA:80,10
DA:87,10
DA:88,3
DA:89,3
DA:90,3
DA:91,7
DA:92,2
DA:93,2
DA:95,5
DA:96,5
DA:99,10
DA:106,11
DA:108,11
DA:114,11
DA:115,11
DA:121,11
DA:122,2
DA:128,11
DA:129,2
DA:135,11
DA:136,2
DA:142,11
DA:148,11
DA:151,1
LF:49
LH:49
BRDA:16,0,0,31
BRDA:16,0,1,1
BRDA:17,1,0,31
BRDA:17,1,1,12
BRDA:18,2,0,31
BRDA:18,2,1,0
BRDA:26,3,0,5
BRDA:26,3,1,26
BRDA:34,4,0,5
BRDA:34,4,1,26
BRDA:35,5,0,5
BRDA:35,5,1,2
BRDA:43,6,0,4
BRDA:43,6,1,27
BRDA:44,7,0,4
BRDA:44,7,1,2
BRDA:52,8,0,3
BRDA:52,8,1,28
BRDA:52,9,0,31
BRDA:52,9,1,5
BRDA:81,10,0,10
BRDA:81,10,1,2
BRDA:87,11,0,3
BRDA:87,11,1,7
BRDA:87,12,0,10
BRDA:87,12,1,5
BRDA:91,13,0,2
BRDA:91,13,1,5
BRDA:114,14,0,11
BRDA:114,14,1,0
BRDA:121,15,0,2
BRDA:121,15,1,9
BRDA:128,16,0,2
BRDA:128,16,1,9
BRDA:135,17,0,2
BRDA:135,17,1,9
BRF:36
BRH:34
end_of_record
TN:
SF:src/utils/queueDashboard.js
FN:17,queueDashboard
FNF:1
FNH:0
FNDA:0,queueDashboard
DA:9,0
DA:18,0
DA:19,0
DA:22,0
LF:4
LH:0
BRDA:17,0,0,0
BRF:1
BRH:0
end_of_record
TN:
SF:src/utils/scheduler.js
FN:15,(anonymous_0)
FN:19,(anonymous_1)
FN:25,(anonymous_2)
FN:31,(anonymous_3)
FN:37,(anonymous_4)
FN:43,(anonymous_5)
FN:54,(anonymous_6)
FN:70,(anonymous_7)
FN:87,(anonymous_8)
FN:100,(anonymous_9)
FN:113,(anonymous_10)
FN:124,(anonymous_11)
FNF:12
FNH:0
FNDA:0,(anonymous_0)
FNDA:0,(anonymous_1)
FNDA:0,(anonymous_2)
FNDA:0,(anonymous_3)
FNDA:0,(anonymous_4)
FNDA:0,(anonymous_5)
FNDA:0,(anonymous_6)
FNDA:0,(anonymous_7)
FNDA:0,(anonymous_8)
FNDA:0,(anonymous_9)
FNDA:0,(anonymous_10)
FNDA:0,(anonymous_11)
DA:6,0
DA:7,0
DA:8,0
DA:9,0
DA:16,0
DA:19,0
DA:20,0
DA:21,0
DA:25,0
DA:26,0
DA:27,0
DA:31,0
DA:32,0
DA:33,0
DA:37,0
DA:38,0
DA:39,0
DA:43,0
DA:44,0
DA:45,0
DA:48,0
DA:55,0
DA:61,0
DA:63,0
DA:71,0
DA:78,0
DA:80,0
DA:88,0
DA:91,0
DA:93,0
DA:101,0
DA:104,0
DA:106,0
DA:114,0
DA:115,0
DA:116,0
DA:118,0
DA:125,0
DA:129,0
LF:39
LH:0
BRDA:118,0,0,0
BRDA:118,0,1,0
BRF:2
BRH:0
end_of_record
TN:
SF:src/utils/simpleCalculator.js
FN:37,calculateBasePrice
FN:56,calculatePrice
FN:107,calculateAccumulative
FN:112,(anonymous_3)
FN:118,(anonymous_4)
FN:139,(anonymous_5)
FN:154,formatPriceBreakdown
FNF:7
FNH:0
FNDA:0,calculateBasePrice
FNDA:0,calculatePrice
FNDA:0,calculateAccumulative
FNDA:0,(anonymous_3)
FNDA:0,(anonymous_4)
FNDA:0,(anonymous_5)
FNDA:0,formatPriceBreakdown
DA:16,0
DA:22,0
DA:38,0
DA:39,0
DA:42,0
DA:44,0
DA:45,0
DA:48,0
DA:57,0
DA:60,0
DA:61,0
DA:65,0
DA:68,0
DA:69,0
DA:71,0
DA:72,0
DA:74,0
DA:75,0
DA:77,0
DA:81,0
DA:84,0
DA:87,0
DA:88,0
DA:90,0
DA:108,0
DA:109,0
DA:112,0
DA:117,0
DA:118,0
DA:139,0
DA:140,0
DA:141,0
DA:145,0
DA:155,0
DA:178,0
LF:35
LH:0
BRDA:38,0,0,0
BRDA:38,0,1,0
BRDA:38,1,0,0
BRDA:38,1,1,0
BRDA:44,2,0,0
BRDA:44,2,1,0
BRDA:57,3,0,0
BRDA:57,4,0,0
BRDA:57,5,0,0
BRDA:60,6,0,0
BRDA:60,6,1,0
BRDA:60,7,0,0
BRDA:60,7,1,0
BRDA:60,7,2,0
BRDA:69,8,0,0
BRDA:69,8,1,0
BRDA:69,8,2,0
BRDA:81,9,0,0
BRDA:81,9,1,0
BRDA:94,10,0,0
BRDA:94,10,1,0
BRDA:94,11,0,0
BRDA:94,11,1,0
BRDA:108,12,0,0
BRDA:108,12,1,0
BRDA:108,13,0,0
BRDA:108,13,1,0
BRDA:140,14,0,0
BRDA:140,14,1,0
BRDA:163,15,0,0
BRDA:163,15,1,0
BRF:31
BRH:0
end_of_record
TN:
SF:src/utils/validation.js
FN:6,(anonymous_0)
FN:11,(anonymous_1)
FN:17,(anonymous_2)
FN:23,(anonymous_3)
FN:29,(anonymous_4)
FN:35,(anonymous_5)
FN:66,(anonymous_6)
FN:84,(anonymous_7)
FN:102,(anonymous_8)
FNF:9
FNH:0
FNDA:0,(anonymous_0)
FNDA:0,(anonymous_1)
FNDA:0,(anonymous_2)
FNDA:0,(anonymous_3)
FNDA:0,(anonymous_4)
FNDA:0,(anonymous_5)
FNDA:0,(anonymous_6)
FNDA:0,(anonymous_7)
FNDA:0,(anonymous_8)
DA:6,0
DA:7,0
DA:8,0
DA:11,0
DA:13,0
DA:14,0
DA:17,0
DA:19,0
DA:20,0
DA:23,0
DA:25,0
DA:26,0
DA:29,0
DA:31,0
DA:32,0
DA:35,0
DA:36,0
DA:38,0
DA:39,0
DA:42,0
DA:43,0
DA:45,0
DA:46,0
DA:47,0
DA:51,0
DA:52,0
DA:55,0
DA:56,0
DA:59,0
DA:60,0
DA:63,0
DA:66,0
DA:67,0
DA:69,0
DA:70,0
DA:73,0
DA:74,0
DA:77,0
DA:78,0
DA:81,0
DA:84,0
DA:85,0
DA:87,0
DA:88,0
DA:91,0
DA:92,0
DA:95,0
DA:96,0
DA:99,0
DA:102,0
DA:103,0
DA:105,0
DA:106,0
DA:109,0
DA:110,0
DA:113,0
DA:114,0
DA:117,0
DA:118,0
DA:121,0
DA:124,0
LF:61
LH:0
BRDA:38,0,0,0
BRDA:38,0,1,0
BRDA:38,1,0,0
BRDA:38,1,1,0
BRDA:42,2,0,0
BRDA:42,2,1,0
BRDA:46,3,0,0
BRDA:46,3,1,0
BRDA:51,4,0,0
BRDA:51,4,1,0
BRDA:51,5,0,0
BRDA:51,5,1,0
BRDA:55,6,0,0
BRDA:55,6,1,0
BRDA:55,7,0,0
BRDA:55,7,1,0
BRDA:59,8,0,0
BRDA:59,8,1,0
BRDA:59,9,0,0
BRDA:59,9,1,0
BRDA:69,10,0,0
BRDA:69,10,1,0
BRDA:69,11,0,0
BRDA:69,11,1,0
BRDA:73,12,0,0
BRDA:73,12,1,0
BRDA:73,13,0,0
BRDA:73,13,1,0
BRDA:77,14,0,0
BRDA:77,14,1,0
BRDA:87,15,0,0
BRDA:87,15,1,0
BRDA:87,16,0,0
BRDA:87,16,1,0
BRDA:91,17,0,0
BRDA:91,17,1,0
BRDA:91,18,0,0
BRDA:91,18,1,0
BRDA:91,18,2,0
BRDA:95,19,0,0
BRDA:95,19,1,0
BRDA:95,20,0,0
BRDA:95,20,1,0
BRDA:105,21,0,0
BRDA:105,21,1,0
BRDA:105,22,0,0
BRDA:105,22,1,0
BRDA:109,23,0,0
BRDA:109,23,1,0
BRDA:109,24,0,0
BRDA:109,24,1,0
BRDA:113,25,0,0
BRDA:113,25,1,0
BRDA:113,26,0,0
BRDA:113,26,1,0
BRDA:117,27,0,0
BRDA:117,27,1,0
BRDA:117,28,0,0
BRDA:117,28,1,0
BRDA:117,28,2,0
BRF:60
BRH:0
end_of_record
TN:
SF:src/utils/zodSchemas.js
FN:15,(anonymous_0)
FN:16,(anonymous_1)
FN:127,(anonymous_2)
FN:149,(anonymous_3)
FN:166,(anonymous_4)
FNF:5
FNH:0
FNDA:0,(anonymous_0)
FNDA:0,(anonymous_1)
FNDA:0,(anonymous_2)
FNDA:0,(anonymous_3)
FNDA:0,(anonymous_4)
DA:10,0
DA:15,0
DA:16,0
DA:17,0
DA:18,0
DA:19,0
DA:20,0
DA:22,0
DA:23,0
DA:36,0
DA:53,0
DA:73,0
DA:96,0
DA:121,0
DA:127,0
DA:147,0
DA:149,0
DA:161,0
DA:166,0
DA:177,0
DA:184,0
DA:202,0
LF:22
LH:0
BRDA:22,0,0,0
BRDA:22,0,1,0
BRDA:26,1,0,0
BRDA:26,1,1,0
BRF:4
BRH:0
end_of_record
TN:
SF:src/workers/emailQueueWorker.js
FN:20,(anonymous_0)
FN:28,(anonymous_1)
FN:55,(anonymous_2)
FN:60,(anonymous_3)
FN:66,(anonymous_4)
FN:81,(anonymous_5)
FN:104,(anonymous_6)
FN:129,(anonymous_7)
FN:152,(anonymous_8)
FNF:9
FNH:0
FNDA:0,(anonymous_0)
FNDA:0,(anonymous_1)
FNDA:0,(anonymous_2)
FNDA:0,(anonymous_3)
FNDA:0,(anonymous_4)
FNDA:0,(anonymous_5)
FNDA:0,(anonymous_6)
FNDA:0,(anonymous_7)
FNDA:0,(anonymous_8)
DA:15,0
DA:16,0
DA:17,0
DA:21,0
DA:22,0
DA:29,0
DA:30,0
DA:33,0
DA:34,0
DA:35,0
DA:36,0
DA:38,0
DA:39,0
DA:42,0
DA:45,0
DA:46,0
DA:49,0
DA:51,0
DA:52,0
DA:55,0
DA:56,0
DA:57,0
DA:60,0
DA:61,0
DA:62,0
DA:66,0
DA:67,0
DA:70,0
DA:74,0
DA:82,0
DA:83,0
DA:84,0
DA:86,0
DA:87,0
DA:91,0
DA:93,0
DA:94,0
DA:96,0
DA:97,0
DA:105,0
DA:106,0
DA:109,0
DA:110,0
DA:113,0
DA:114,0
DA:118,0
DA:119,0
DA:122,0
DA:130,0
DA:131,0
DA:134,0
DA:135,0
DA:136,0
DA:145,0
DA:151,0
DA:152,0
DA:153,0
DA:154,0
DA:158,0
LF:59
LH:0
BRDA:86,0,0,0
BRDA:86,0,1,0
BRDA:109,1,0,0
BRDA:109,1,1,0
BRDA:113,2,0,0
BRDA:113,2,1,0
BRDA:118,3,0,0
BRDA:118,3,1,0
BRDA:118,4,0,0
BRDA:118,4,1,0
BRDA:118,4,2,0
BRDA:135,5,0,0
BRDA:135,5,1,0
BRF:13
BRH:0
end_of_record
TN:
SF:src/workers/retryQueueWorker.js
FN:7,(anonymous_0)
FN:12,(anonymous_1)
FN:31,(anonymous_2)
FNF:3
FNH:0
FNDA:0,(anonymous_0)
FNDA:0,(anonymous_1)
FNDA:0,(anonymous_2)
DA:5,0
DA:7,0
DA:8,0
DA:9,0
DA:12,0
DA:13,0
DA:17,0
DA:18,0
DA:19,0
DA:21,0
DA:22,0
DA:25,0
DA:26,0
DA:30,0
DA:31,0
LF:15
LH:0
BRDA:18,0,0,0
BRDA:18,0,1,0
BRDA:30,1,0,0
BRDA:30,1,1,0
BRF:4
BRH:0
end_of_record
