TN:
SF:src/config/envConfig.js
FN:109,validateOrigin
FN:136,(anonymous_1)
FN:146,(anonymous_2)
FNF:3
FNH:0
FNDA:0,validateOrigin
FNDA:0,(anonymous_1)
FNDA:0,(anonymous_2)
DA:6,0
DA:8,0
DA:87,0
DA:90,0
DA:91,0
DA:92,0
DA:95,0
DA:96,0
DA:99,0
DA:100,0
DA:110,0
DA:113,0
DA:114,0
DA:115,0
DA:119,0
DA:122,0
DA:136,0
DA:146,0
LF:18
LH:0
BRDA:6,0,0,0
BRDA:6,0,1,0
BRDA:20,1,0,0
BRDA:20,1,1,0
BRDA:35,2,0,0
BRDA:35,2,1,0
BRDA:36,3,0,0
BRDA:36,3,1,0
BRDA:43,4,0,0
BRDA:43,4,1,0
BRDA:60,5,0,0
BRDA:60,5,1,0
BRDA:61,6,0,0
BRDA:61,6,1,0
BRDA:73,7,0,0
BRDA:73,7,1,0
BRDA:87,8,0,0
BRDA:87,8,1,0
BRDA:90,9,0,0
BRDA:90,9,1,0
BRDA:91,10,0,0
BRDA:91,10,1,0
BRDA:91,11,0,0
BRDA:91,11,1,0
BRDA:95,12,0,0
BRDA:95,12,1,0
BRDA:99,13,0,0
BRDA:99,13,1,0
BRDA:99,14,0,0
BRDA:99,14,1,0
BRDA:110,15,0,0
BRDA:110,15,1,0
BRDA:113,16,0,0
BRDA:113,16,1,0
BRDA:114,17,0,0
BRDA:114,17,1,0
BRDA:114,18,0,0
BRDA:114,18,1,0
BRDA:140,19,0,0
BRDA:140,19,1,0
BRF:40
BRH:0
end_of_record
TN:
SF:src/config/swagger-config.js
FNF:0
FNH:0
DA:6,1
DA:8,1
DA:249,1
DA:251,1
LF:4
LH:4
BRF:0
BRH:0
end_of_record
TN:
SF:src/config/swaggerConfig.js
FNF:0
FNH:0
DA:6,0
DA:8,0
DA:212,0
DA:214,0
LF:4
LH:0
BRF:0
BRH:0
end_of_record
TN:
SF:src/controllers/AdminController.js
FN:11,(anonymous_0)
FN:12,(anonymous_1)
FN:13,(anonymous_2)
FN:14,(anonymous_3)
FN:21,(anonymous_4)
FN:22,(anonymous_5)
FN:23,(anonymous_6)
FN:34,(anonymous_7)
FN:102,(anonymous_8)
FN:144,(anonymous_9)
FN:200,(anonymous_10)
FN:224,(anonymous_11)
FN:252,(anonymous_12)
FN:287,(anonymous_13)
FNF:14
FNH:5
FNDA:7,(anonymous_0)
FNDA:7,(anonymous_1)
FNDA:7,(anonymous_2)
FNDA:7,(anonymous_3)
FNDA:0,(anonymous_4)
FNDA:0,(anonymous_5)
FNDA:0,(anonymous_6)
FNDA:7,(anonymous_7)
FNDA:0,(anonymous_8)
FNDA:0,(anonymous_9)
FNDA:0,(anonymous_10)
FNDA:0,(anonymous_11)
FNDA:0,(anonymous_12)
FNDA:0,(anonymous_13)
DA:6,2
DA:7,2
DA:9,2
DA:11,7
DA:12,2
DA:13,7
DA:14,7
DA:15,7
DA:16,0
DA:21,2
DA:22,0
DA:23,0
DA:24,0
DA:25,0
DA:35,7
DA:36,7
DA:37,7
DA:40,7
DA:49,0
DA:52,0
DA:60,0
DA:63,0
DA:77,0
DA:80,0
DA:88,0
DA:90,0
DA:91,0
DA:93,7
DA:94,7
DA:95,7
DA:103,0
DA:104,0
DA:105,0
DA:108,0
DA:109,0
DA:110,0
DA:111,0
DA:112,0
DA:113,0
DA:115,0
DA:116,0
DA:119,0
DA:131,0
DA:132,0
DA:133,0
DA:135,0
DA:136,0
DA:137,0
DA:145,0
DA:146,0
DA:147,0
DA:149,0
DA:167,0
DA:169,0
DA:170,0
DA:171,0
DA:174,0
DA:175,0
DA:176,0
DA:179,0
DA:180,0
DA:181,0
DA:184,0
DA:185,0
DA:187,0
DA:188,0
DA:189,0
DA:191,0
DA:192,0
DA:193,0
DA:201,0
DA:202,0
DA:203,0
DA:212,0
DA:213,0
DA:215,0
DA:216,0
DA:217,0
DA:225,0
DA:226,0
DA:227,0
DA:240,0
DA:241,0
DA:243,0
DA:244,0
DA:245,0
DA:253,0
DA:254,0
DA:255,0
DA:275,0
DA:276,0
DA:278,0
DA:279,0
DA:280,0
DA:288,0
DA:289,0
DA:290,0
DA:292,0
DA:308,0
DA:309,0
DA:310,0
DA:311,0
DA:314,0
DA:316,0
DA:317,0
DA:318,0
DA:320,0
DA:321,0
DA:322,0
DA:327,2
LF:110
LH:17
BRDA:12,0,0,7
BRDA:15,1,0,7
BRDA:15,1,1,0
BRDA:21,2,0,0
BRDA:24,3,0,0
BRDA:24,3,1,0
BRDA:25,4,0,0
BRDA:25,4,1,0
BRDA:105,5,0,0
BRDA:108,6,0,0
BRDA:108,6,1,0
BRDA:111,7,0,0
BRDA:111,7,1,0
BRDA:147,8,0,0
BRDA:147,9,0,0
BRDA:169,10,0,0
BRDA:169,10,1,0
BRDA:174,11,0,0
BRDA:174,11,1,0
BRDA:179,12,0,0
BRDA:179,12,1,0
BRDA:309,13,0,0
BRDA:309,13,1,0
BRF:23
BRH:2
end_of_record
TN:
SF:src/controllers/[REDACTED_TOKEN].js
FN:36,(anonymous_0)
FN:77,(anonymous_1)
FN:117,(anonymous_2)
FN:155,(anonymous_3)
FN:195,(anonymous_4)
FN:236,(anonymous_5)
FN:275,(anonymous_6)
FN:313,(anonymous_7)
FN:354,(anonymous_8)
FN:390,(anonymous_9)
FN:430,(anonymous_10)
FN:467,(anonymous_11)
FNF:12
FNH:0
FNDA:0,(anonymous_0)
FNDA:0,(anonymous_1)
FNDA:0,(anonymous_2)
FNDA:0,(anonymous_3)
FNDA:0,(anonymous_4)
FNDA:0,(anonymous_5)
FNDA:0,(anonymous_6)
FNDA:0,(anonymous_7)
FNDA:0,(anonymous_8)
FNDA:0,(anonymous_9)
FNDA:0,(anonymous_10)
FNDA:0,(anonymous_11)
DA:6,1
DA:7,1
DA:8,1
DA:10,1
DA:36,1
DA:37,0
DA:38,0
DA:40,0
DA:41,0
DA:44,0
DA:46,0
DA:48,0
DA:49,0
DA:77,1
DA:78,0
DA:79,0
DA:81,0
DA:82,0
DA:85,0
DA:87,0
DA:89,0
DA:90,0
DA:117,1
DA:118,0
DA:119,0
DA:121,0
DA:122,0
DA:125,0
DA:127,0
DA:129,0
DA:130,0
DA:155,1
DA:156,0
DA:157,0
DA:159,0
DA:160,0
DA:163,0
DA:165,0
DA:167,0
DA:168,0
DA:195,1
DA:196,0
DA:197,0
DA:199,0
DA:200,0
DA:203,0
DA:205,0
DA:207,0
DA:208,0
DA:236,1
DA:237,0
DA:238,0
DA:240,0
DA:241,0
DA:244,0
DA:246,0
DA:248,0
DA:249,0
DA:275,1
DA:276,0
DA:277,0
DA:279,0
DA:280,0
DA:283,0
DA:285,0
DA:287,0
DA:288,0
DA:313,1
DA:314,0
DA:315,0
DA:317,0
DA:318,0
DA:321,0
DA:323,0
DA:325,0
DA:326,0
DA:354,1
DA:355,0
DA:356,0
DA:358,0
DA:359,0
DA:362,0
DA:364,0
DA:366,0
DA:367,0
DA:390,1
DA:391,0
DA:392,0
DA:394,0
DA:395,0
DA:398,0
DA:400,0
DA:402,0
DA:403,0
DA:430,1
DA:431,0
DA:432,0
DA:433,0
DA:435,0
DA:436,0
DA:439,0
DA:441,0
DA:443,0
DA:444,0
DA:467,1
DA:468,0
DA:469,0
DA:471,0
DA:472,0
DA:475,0
DA:477,0
DA:479,0
DA:480,0
DA:484,1
LF:114
LH:17
BRDA:40,0,0,0
BRDA:40,0,1,0
BRDA:40,1,0,0
BRDA:40,1,1,0
BRDA:81,2,0,0
BRDA:81,2,1,0
BRDA:81,3,0,0
BRDA:81,3,1,0
BRDA:119,4,0,0
BRDA:121,5,0,0
BRDA:121,5,1,0
BRDA:159,6,0,0
BRDA:159,6,1,0
BRDA:159,7,0,0
BRDA:159,7,1,0
BRDA:199,8,0,0
BRDA:199,8,1,0
BRDA:240,9,0,0
BRDA:240,9,1,0
BRDA:240,10,0,0
BRDA:240,10,1,0
BRDA:279,11,0,0
BRDA:279,11,1,0
BRDA:317,12,0,0
BRDA:317,12,1,0
BRDA:317,13,0,0
BRDA:317,13,1,0
BRDA:358,14,0,0
BRDA:358,14,1,0
BRDA:358,15,0,0
BRDA:358,15,1,0
BRDA:394,16,0,0
BRDA:394,16,1,0
BRDA:435,17,0,0
BRDA:435,17,1,0
BRDA:471,18,0,0
BRDA:471,18,1,0
BRF:37
BRH:0
end_of_record
TN:
SF:src/controllers/[REDACTED_TOKEN].js
FN:38,(anonymous_0)
FN:69,(anonymous_1)
FN:103,(anonymous_2)
FN:139,(anonymous_3)
FN:181,(anonymous_4)
FN:227,(anonymous_5)
FN:267,(anonymous_6)
FN:298,(anonymous_7)
FN:327,(anonymous_8)
FN:369,(anonymous_9)
FN:417,(anonymous_10)
FN:453,(anonymous_11)
FN:486,(anonymous_12)
FN:524,(anonymous_13)
FN:559,(anonymous_14)
FN:591,(anonymous_15)
FNF:16
FNH:0
FNDA:0,(anonymous_0)
FNDA:0,(anonymous_1)
FNDA:0,(anonymous_2)
FNDA:0,(anonymous_3)
FNDA:0,(anonymous_4)
FNDA:0,(anonymous_5)
FNDA:0,(anonymous_6)
FNDA:0,(anonymous_7)
FNDA:0,(anonymous_8)
FNDA:0,(anonymous_9)
FNDA:0,(anonymous_10)
FNDA:0,(anonymous_11)
FNDA:0,(anonymous_12)
FNDA:0,(anonymous_13)
FNDA:0,(anonymous_14)
FNDA:0,(anonymous_15)
DA:6,1
DA:7,1
DA:8,1
DA:10,1
DA:38,1
DA:39,0
DA:40,0
DA:42,0
DA:43,0
DA:46,0
DA:48,0
DA:50,0
DA:51,0
DA:69,1
DA:70,0
DA:71,0
DA:72,0
DA:74,0
DA:75,0
DA:103,1
DA:104,0
DA:105,0
DA:106,0
DA:108,0
DA:110,0
DA:111,0
DA:139,1
DA:140,0
DA:141,0
DA:143,0
DA:144,0
DA:147,0
DA:149,0
DA:151,0
DA:152,0
DA:181,1
DA:182,0
DA:183,0
DA:185,0
DA:186,0
DA:189,0
DA:196,0
DA:198,0
DA:199,0
DA:227,1
DA:228,0
DA:229,0
DA:231,0
DA:232,0
DA:235,0
DA:237,0
DA:239,0
DA:240,0
DA:267,1
DA:268,0
DA:269,0
DA:271,0
DA:272,0
DA:275,0
DA:277,0
DA:279,0
DA:280,0
DA:298,1
DA:299,0
DA:300,0
DA:301,0
DA:303,0
DA:304,0
DA:327,1
DA:328,0
DA:329,0
DA:331,0
DA:333,0
DA:335,0
DA:336,0
DA:369,1
DA:370,0
DA:371,0
DA:372,0
DA:374,0
DA:375,0
DA:378,0
DA:385,0
DA:387,0
DA:388,0
DA:417,1
DA:418,0
DA:419,0
DA:421,0
DA:422,0
DA:425,0
DA:427,0
DA:429,0
DA:430,0
DA:453,1
DA:454,0
DA:455,0
DA:457,0
DA:459,0
DA:461,0
DA:462,0
DA:486,1
DA:487,0
DA:488,0
DA:490,0
DA:491,0
DA:494,0
DA:496,0
DA:498,0
DA:499,0
DA:524,1
DA:525,0
DA:526,0
DA:528,0
DA:529,0
DA:532,0
DA:534,0
DA:536,0
DA:537,0
DA:559,1
DA:560,0
DA:561,0
DA:563,0
DA:565,0
DA:567,0
DA:568,0
DA:591,1
DA:592,0
DA:593,0
DA:595,0
DA:597,0
DA:599,0
DA:600,0
DA:604,1
LF:134
LH:21
BRDA:40,0,0,0
BRDA:40,1,0,0
BRDA:42,2,0,0
BRDA:42,2,1,0
BRDA:42,3,0,0
BRDA:42,3,1,0
BRDA:42,3,2,0
BRDA:141,4,0,0
BRDA:143,5,0,0
BRDA:143,5,1,0
BRDA:143,6,0,0
BRDA:143,6,1,0
BRDA:183,7,0,0
BRDA:185,8,0,0
BRDA:185,8,1,0
BRDA:185,9,0,0
BRDA:185,9,1,0
BRDA:185,9,2,0
BRDA:229,10,0,0
BRDA:231,11,0,0
BRDA:231,11,1,0
BRDA:231,12,0,0
BRDA:231,12,1,0
BRDA:269,13,0,0
BRDA:271,14,0,0
BRDA:271,14,1,0
BRDA:372,15,0,0
BRDA:374,16,0,0
BRDA:374,16,1,0
BRDA:374,17,0,0
BRDA:374,17,1,0
BRDA:419,18,0,0
BRDA:421,19,0,0
BRDA:421,19,1,0
BRDA:421,20,0,0
BRDA:421,20,1,0
BRDA:421,20,2,0
BRDA:490,21,0,0
BRDA:490,21,1,0
BRDA:528,22,0,0
BRDA:528,22,1,0
BRDA:528,23,0,0
BRDA:528,23,1,0
BRDA:561,24,0,0
BRF:44
BRH:0
end_of_record
TN:
SF:src/controllers/[REDACTED_TOKEN].js
FN:36,(anonymous_0)
FN:77,(anonymous_1)
FN:118,(anonymous_2)
FN:160,(anonymous_3)
FN:204,(anonymous_4)
FN:248,(anonymous_5)
FN:290,(anonymous_6)
FN:331,(anonymous_7)
FN:369,(anonymous_8)
FN:402,(anonymous_9)
FN:429,(anonymous_10)
FNF:11
FNH:0
FNDA:0,(anonymous_0)
FNDA:0,(anonymous_1)
FNDA:0,(anonymous_2)
FNDA:0,(anonymous_3)
FNDA:0,(anonymous_4)
FNDA:0,(anonymous_5)
FNDA:0,(anonymous_6)
FNDA:0,(anonymous_7)
FNDA:0,(anonymous_8)
FNDA:0,(anonymous_9)
FNDA:0,(anonymous_10)
DA:6,1
DA:7,1
DA:8,1
DA:10,1
DA:36,1
DA:37,0
DA:38,0
DA:40,0
DA:41,0
DA:44,0
DA:46,0
DA:48,0
DA:49,0
DA:77,1
DA:78,0
DA:79,0
DA:81,0
DA:82,0
DA:85,0
DA:87,0
DA:89,0
DA:90,0
DA:118,1
DA:119,0
DA:120,0
DA:122,0
DA:123,0
DA:126,0
DA:128,0
DA:130,0
DA:131,0
DA:160,1
DA:161,0
DA:162,0
DA:164,0
DA:165,0
DA:168,0
DA:170,0
DA:172,0
DA:173,0
DA:204,1
DA:205,0
DA:206,0
DA:207,0
DA:209,0
DA:210,0
DA:213,0
DA:215,0
DA:217,0
DA:218,0
DA:248,1
DA:249,0
DA:250,0
DA:252,0
DA:253,0
DA:256,0
DA:264,0
DA:266,0
DA:267,0
DA:290,1
DA:291,0
DA:292,0
DA:294,0
DA:296,0
DA:297,0
DA:300,0
DA:302,0
DA:303,0
DA:331,1
DA:332,0
DA:333,0
DA:334,0
DA:336,0
DA:338,0
DA:339,0
DA:369,1
DA:370,0
DA:371,0
DA:372,0
DA:374,0
DA:376,0
DA:378,0
DA:379,0
DA:402,1
DA:403,0
DA:404,0
DA:406,0
DA:408,0
DA:410,0
DA:411,0
DA:429,1
DA:430,0
DA:431,0
DA:432,0
DA:434,0
DA:435,0
DA:439,1
LF:97
LH:16
BRDA:40,0,0,0
BRDA:40,0,1,0
BRDA:40,1,0,0
BRDA:40,1,1,0
BRDA:40,1,2,0
BRDA:81,2,0,0
BRDA:81,2,1,0
BRDA:81,3,0,0
BRDA:81,3,1,0
BRDA:81,3,2,0
BRDA:122,4,0,0
BRDA:122,4,1,0
BRDA:122,5,0,0
BRDA:122,5,1,0
BRDA:122,5,2,0
BRDA:164,6,0,0
BRDA:164,6,1,0
BRDA:164,7,0,0
BRDA:164,7,1,0
BRDA:164,7,2,0
BRDA:164,7,3,0
BRDA:209,8,0,0
BRDA:209,8,1,0
BRDA:250,9,0,0
BRDA:252,10,0,0
BRDA:252,10,1,0
BRDA:252,11,0,0
BRDA:252,11,1,0
BRDA:252,11,2,0
BRDA:252,11,3,0
BRDA:296,12,0,0
BRDA:296,12,1,0
BRF:32
BRH:0
end_of_record
TN:
SF:src/controllers/AnalyticsController.js
FN:11,(anonymous_0)
FN:21,(anonymous_1)
FN:28,(anonymous_2)
FN:35,(anonymous_3)
FN:41,(anonymous_4)
FN:47,(anonymous_5)
FN:53,(anonymous_6)
FN:59,(anonymous_7)
FNF:8
FNH:0
FNDA:0,(anonymous_0)
FNDA:0,(anonymous_1)
FNDA:0,(anonymous_2)
FNDA:0,(anonymous_3)
FNDA:0,(anonymous_4)
FNDA:0,(anonymous_5)
FNDA:0,(anonymous_6)
FNDA:0,(anonymous_7)
DA:6,1
DA:7,1
DA:8,1
DA:11,1
DA:12,0
DA:13,0
DA:14,0
DA:16,0
DA:21,1
DA:22,0
DA:23,0
DA:24,0
DA:28,1
DA:29,0
DA:30,0
DA:31,0
DA:35,1
DA:36,0
DA:37,0
DA:41,1
DA:42,0
DA:43,0
DA:47,1
DA:48,0
DA:49,0
DA:53,1
DA:54,0
DA:55,0
DA:59,1
DA:60,0
DA:61,0
DA:62,0
DA:65,1
LF:33
LH:12
BRDA:22,0,0,0
BRDA:29,1,0,0
BRF:2
BRH:0
end_of_record
TN:
SF:src/controllers/AuthController.js
FN:12,validateCNPJ
FN:57,(anonymous_1)
FN:221,(anonymous_2)
FN:306,(anonymous_3)
FN:321,(anonymous_4)
FN:322,(anonymous_5)
FN:332,(anonymous_6)
FN:333,(anonymous_7)
FN:369,(anonymous_8)
FN:381,(anonymous_9)
FNF:10
FNH:4
FNDA:0,validateCNPJ
FNDA:13,(anonymous_1)
FNDA:9,(anonymous_2)
FNDA:0,(anonymous_3)
FNDA:0,(anonymous_4)
FNDA:0,(anonymous_5)
FNDA:0,(anonymous_6)
FNDA:0,(anonymous_7)
FNDA:2,(anonymous_8)
FNDA:3,(anonymous_9)
DA:6,2
DA:7,2
DA:8,2
DA:9,2
DA:13,0
DA:16,0
DA:18,0
DA:21,0
DA:22,0
DA:25,0
DA:26,0
DA:27,0
DA:29,0
DA:31,0
DA:32,0
DA:33,0
DA:36,0
DA:37,0
DA:38,0
DA:40,0
DA:44,2
DA:45,2
DA:46,2
DA:48,2
DA:49,0
DA:50,0
DA:58,13
DA:80,13
DA:83,12
DA:84,6
DA:90,6
DA:91,6
DA:92,1
DA:98,5
DA:99,5
DA:100,0
DA:106,5
DA:107,1
DA:108,1
DA:109,0
DA:115,1
DA:116,0
DA:117,0
DA:126,5
DA:131,4
DA:132,0
DA:139,4
DA:142,4
DA:143,0
DA:144,0
DA:149,0
DA:150,0
DA:157,4
DA:170,4
DA:173,1
DA:184,1
DA:190,1
DA:211,5
DA:212,5
DA:222,9
DA:223,9
DA:225,9
DA:226,1
DA:232,8
DA:237,4
DA:238,2
DA:243,2
DA:244,2
DA:250,0
DA:251,0
DA:252,0
DA:258,0
DA:269,0
DA:275,0
DA:296,4
DA:297,4
DA:307,0
DA:308,0
DA:309,0
DA:312,0
DA:320,0
DA:321,0
DA:322,0
DA:325,0
DA:326,0
DA:331,0
DA:332,0
DA:333,0
DA:335,0
DA:341,0
DA:343,0
DA:359,0
DA:360,0
DA:372,2
DA:382,3
DA:383,3
DA:385,3
DA:386,0
DA:391,3
DA:396,2
DA:398,2
DA:399,2
DA:404,0
DA:415,0
DA:421,1
DA:422,1
DA:429,2
LF:107
LH:54
BRDA:13,0,0,0
BRDA:13,0,1,0
BRDA:16,1,0,0
BRDA:16,1,1,0
BRDA:26,2,0,0
BRDA:26,2,1,0
BRDA:29,3,0,0
BRDA:29,3,1,0
BRDA:37,4,0,0
BRDA:37,4,1,0
BRDA:44,5,0,2
BRDA:44,5,1,1
BRDA:45,6,0,2
BRDA:45,6,1,1
BRDA:48,7,0,0
BRDA:48,7,1,2
BRDA:48,8,0,2
BRDA:48,8,1,0
BRDA:48,8,2,0
BRDA:65,9,0,11
BRDA:83,10,0,6
BRDA:83,10,1,6
BRDA:83,11,0,12
BRDA:83,11,1,8
BRDA:83,11,2,6
BRDA:83,11,3,6
BRDA:91,12,0,1
BRDA:91,12,1,5
BRDA:99,13,0,0
BRDA:99,13,1,5
BRDA:106,14,0,1
BRDA:106,14,1,4
BRDA:108,15,0,0
BRDA:108,15,1,1
BRDA:115,16,0,0
BRDA:115,16,1,1
BRDA:116,17,0,0
BRDA:116,17,1,0
BRDA:131,18,0,0
BRDA:131,18,1,4
BRDA:142,19,0,0
BRDA:142,19,1,4
BRDA:143,20,0,0
BRDA:143,20,1,0
BRDA:143,21,0,0
BRDA:143,21,1,0
BRDA:149,22,0,0
BRDA:149,22,1,0
BRDA:149,23,0,0
BRDA:149,23,1,0
BRDA:225,24,0,1
BRDA:225,24,1,8
BRDA:225,25,0,9
BRDA:225,25,1,9
BRDA:237,26,0,2
BRDA:237,26,1,2
BRDA:243,27,0,2
BRDA:243,27,1,0
BRDA:251,28,0,0
BRDA:251,28,1,0
BRDA:325,29,0,0
BRDA:325,29,1,0
BRDA:385,30,0,0
BRDA:385,30,1,3
BRDA:398,31,0,2
BRDA:398,31,1,0
BRF:66
BRH:31
end_of_record
TN:
SF:src/controllers/[REDACTED_TOKEN].js
FN:11,(anonymous_0)
FN:29,(anonymous_1)
FN:40,(anonymous_2)
FN:51,(anonymous_3)
FN:61,(anonymous_4)
FN:71,(anonymous_5)
FN:86,(anonymous_6)
FN:97,(anonymous_7)
FNF:8
FNH:0
FNDA:0,(anonymous_0)
FNDA:0,(anonymous_1)
FNDA:0,(anonymous_2)
FNDA:0,(anonymous_3)
FNDA:0,(anonymous_4)
FNDA:0,(anonymous_5)
FNDA:0,(anonymous_6)
FNDA:0,(anonymous_7)
DA:6,1
DA:7,1
DA:8,1
DA:11,1
DA:12,0
DA:13,0
DA:14,0
DA:22,0
DA:24,0
DA:29,1
DA:30,0
DA:31,0
DA:32,0
DA:33,0
DA:35,0
DA:40,1
DA:41,0
DA:42,0
DA:43,0
DA:44,0
DA:46,0
DA:51,1
DA:52,0
DA:53,0
DA:54,0
DA:56,0
DA:61,1
DA:62,0
DA:63,0
DA:64,0
DA:66,0
DA:71,1
DA:72,0
DA:73,0
DA:74,0
DA:79,0
DA:81,0
DA:86,1
DA:87,0
DA:88,0
DA:89,0
DA:92,0
DA:93,0
DA:97,0
DA:98,0
DA:99,0
DA:101,0
DA:105,1
LF:48
LH:11
BRDA:89,0,0,0
BRDA:89,0,1,0
BRDA:92,1,0,0
BRDA:92,1,1,0
BRDA:92,2,0,0
BRDA:92,2,1,0
BRDA:92,2,2,0
BRDA:98,3,0,0
BRDA:98,3,1,0
BRF:9
BRH:0
end_of_record
TN:
SF:src/controllers/BackupController.js
FN:11,(anonymous_0)
FN:22,(anonymous_1)
FN:32,(anonymous_2)
FN:47,(anonymous_3)
FN:58,(anonymous_4)
FN:69,(anonymous_5)
FN:83,(anonymous_6)
FN:93,(anonymous_7)
FN:103,(anonymous_8)
FNF:9
FNH:0
FNDA:0,(anonymous_0)
FNDA:0,(anonymous_1)
FNDA:0,(anonymous_2)
FNDA:0,(anonymous_3)
FNDA:0,(anonymous_4)
FNDA:0,(anonymous_5)
FNDA:0,(anonymous_6)
FNDA:0,(anonymous_7)
FNDA:0,(anonymous_8)
DA:6,1
DA:7,1
DA:8,1
DA:11,1
DA:12,0
DA:13,0
DA:14,0
DA:15,0
DA:17,0
DA:22,1
DA:23,0
DA:24,0
DA:25,0
DA:27,0
DA:32,1
DA:33,0
DA:34,0
DA:35,0
DA:40,0
DA:42,0
DA:47,1
DA:48,0
DA:49,0
DA:50,0
DA:51,0
DA:53,0
DA:58,1
DA:59,0
DA:60,0
DA:61,0
DA:62,0
DA:64,0
DA:69,1
DA:70,0
DA:71,0
DA:72,0
DA:76,0
DA:78,0
DA:83,1
DA:84,0
DA:85,0
DA:86,0
DA:88,0
DA:93,1
DA:94,0
DA:95,0
DA:96,0
DA:98,0
DA:103,1
DA:104,0
DA:105,0
DA:106,0
DA:108,0
DA:112,1
LF:54
LH:13
BRDA:60,0,0,0
BRF:1
BRH:0
end_of_record
TN:
SF:src/controllers/BookingController.js
FN:21,(anonymous_0)
FN:205,(anonymous_1)
FN:216,(anonymous_2)
FN:227,(anonymous_3)
FN:247,(anonymous_4)
FN:322,(anonymous_5)
FN:381,(anonymous_6)
FN:426,(anonymous_7)
FN:462,(anonymous_8)
FNF:9
FNH:3
FNDA:8,(anonymous_0)
FNDA:0,(anonymous_1)
FNDA:0,(anonymous_2)
FNDA:0,(anonymous_3)
FNDA:0,(anonymous_4)
FNDA:5,(anonymous_5)
FNDA:3,(anonymous_6)
FNDA:0,(anonymous_7)
FNDA:0,(anonymous_8)
DA:7,4
DA:8,4
DA:9,4
DA:10,4
DA:11,4
DA:12,4
DA:13,4
DA:14,4
DA:22,8
DA:36,8
DA:39,8
DA:50,0
DA:52,0
DA:55,0
DA:56,0
DA:57,0
DA:58,0
DA:64,0
DA:65,0
DA:66,0
DA:67,0
DA:74,0
DA:78,0
DA:79,0
DA:80,0
DA:87,0
DA:102,0
DA:103,0
DA:104,0
DA:105,0
DA:106,0
DA:107,0
DA:110,0
DA:111,0
DA:112,0
DA:116,0
DA:128,0
DA:131,0
DA:135,0
DA:143,0
DA:144,0
DA:145,0
DA:157,0
DA:159,0
DA:167,0
DA:174,8
DA:178,8
DA:183,8
DA:184,8
DA:190,0
DA:194,0
DA:206,0
DA:207,0
DA:208,0
DA:209,0
DA:217,0
DA:218,0
DA:219,0
DA:220,0
DA:222,0
DA:228,0
DA:229,0
DA:230,0
DA:233,0
DA:235,0
DA:236,0
DA:238,0
DA:239,0
DA:240,0
DA:248,0
DA:249,0
DA:250,0
DA:251,0
DA:253,0
DA:254,0
DA:255,0
DA:261,0
DA:266,0
DA:267,0
DA:268,0
DA:271,0
DA:272,0
DA:273,0
DA:276,0
DA:277,0
DA:278,0
DA:282,0
DA:291,0
DA:292,0
DA:306,0
DA:307,0
DA:313,0
DA:314,0
DA:315,0
DA:323,5
DA:324,5
DA:325,5
DA:326,5
DA:328,5
DA:329,5
DA:330,0
DA:331,0
DA:336,5
DA:337,5
DA:339,5
DA:340,1
DA:341,1
DA:344,5
DA:345,4
DA:346,4
DA:349,5
DA:350,0
DA:351,0
DA:354,5
DA:355,5
DA:357,5
DA:359,0
DA:362,0
DA:364,0
DA:365,0
DA:372,5
DA:373,5
DA:374,5
DA:382,3
DA:383,3
DA:384,3
DA:385,3
DA:388,3
DA:389,3
DA:390,0
DA:391,0
DA:395,3
DA:396,0
DA:397,0
DA:398,0
DA:401,0
DA:402,0
DA:404,0
DA:407,0
DA:409,0
DA:410,0
DA:417,3
DA:418,3
DA:419,3
DA:427,0
DA:428,0
DA:429,0
DA:431,0
DA:433,0
DA:434,0
DA:435,0
DA:438,0
DA:440,0
DA:441,0
DA:453,0
DA:454,0
DA:455,0
DA:463,0
DA:464,0
DA:465,0
DA:466,0
DA:468,0
DA:469,0
DA:470,0
DA:471,0
DA:476,0
DA:479,0
DA:480,0
DA:482,0
DA:483,0
DA:490,0
DA:491,0
DA:492,0
DA:497,4
LF:174
LH:47
BRDA:31,0,0,8
BRDA:32,1,0,8
BRDA:33,2,0,8
BRDA:34,3,0,8
BRDA:35,4,0,7
BRDA:50,5,0,0
BRDA:50,5,1,0
BRDA:56,6,0,0
BRDA:56,6,1,0
BRDA:65,7,0,0
BRDA:65,7,1,0
BRDA:78,8,0,0
BRDA:78,8,1,0
BRDA:95,9,0,0
BRDA:95,9,1,0
BRDA:96,10,0,0
BRDA:96,10,1,0
BRDA:97,11,0,0
BRDA:97,11,1,0
BRDA:110,12,0,0
BRDA:110,12,1,0
BRDA:110,13,0,0
BRDA:110,13,1,0
BRDA:110,13,2,0
BRDA:143,14,0,0
BRDA:143,14,1,0
BRDA:147,15,0,0
BRDA:147,15,1,0
BRDA:183,16,0,8
BRDA:183,16,1,0
BRDA:253,17,0,0
BRDA:253,17,1,0
BRDA:253,18,0,0
BRDA:253,18,1,0
BRDA:253,18,2,0
BRDA:262,19,0,0
BRDA:262,19,1,0
BRDA:266,20,0,0
BRDA:266,20,1,0
BRDA:271,21,0,0
BRDA:271,21,1,0
BRDA:276,22,0,0
BRDA:276,22,1,0
BRDA:276,23,0,0
BRDA:276,23,1,0
BRDA:294,24,0,0
BRDA:294,24,1,0
BRDA:329,25,0,0
BRDA:329,25,1,5
BRDA:329,26,0,5
BRDA:329,26,1,1
BRDA:339,27,0,1
BRDA:339,27,1,4
BRDA:344,28,0,4
BRDA:344,28,1,1
BRDA:349,29,0,0
BRDA:349,29,1,5
BRDA:388,30,0,3
BRDA:388,30,1,3
BRDA:388,30,2,3
BRDA:388,30,3,3
BRDA:389,31,0,0
BRDA:389,31,1,3
BRDA:396,32,0,0
BRDA:396,32,1,0
BRDA:401,33,0,0
BRDA:401,33,1,0
BRDA:433,34,0,0
BRDA:433,34,1,0
BRDA:444,35,0,0
BRDA:444,35,1,0
BRDA:445,36,0,0
BRDA:445,36,1,0
BRDA:446,37,0,0
BRDA:446,37,1,0
BRDA:447,38,0,0
BRDA:447,38,1,0
BRDA:469,39,0,0
BRDA:469,39,1,0
BRF:79
BRH:19
end_of_record
TN:
SF:src/controllers/CDNAssetController.js
FN:14,(anonymous_0)
FN:46,(anonymous_1)
FN:79,(anonymous_2)
FN:104,(anonymous_3)
FN:122,(anonymous_4)
FN:141,(anonymous_5)
FN:166,(anonymous_6)
FN:191,(anonymous_7)
FN:208,(anonymous_8)
FN:229,(anonymous_9)
FNF:10
FNH:0
FNDA:0,(anonymous_0)
FNDA:0,(anonymous_1)
FNDA:0,(anonymous_2)
FNDA:0,(anonymous_3)
FNDA:0,(anonymous_4)
FNDA:0,(anonymous_5)
FNDA:0,(anonymous_6)
FNDA:0,(anonymous_7)
FNDA:0,(anonymous_8)
FNDA:0,(anonymous_9)
DA:6,2
DA:7,2
DA:15,0
DA:16,0
DA:18,0
DA:19,0
DA:22,0
DA:27,0
DA:37,0
DA:38,0
DA:47,0
DA:48,0
DA:50,0
DA:51,0
DA:54,0
DA:56,0
DA:70,0
DA:71,0
DA:80,0
DA:81,0
DA:83,0
DA:84,0
DA:87,0
DA:89,0
DA:95,0
DA:96,0
DA:105,0
DA:106,0
DA:108,0
DA:113,0
DA:114,0
DA:123,0
DA:124,0
DA:125,0
DA:127,0
DA:132,0
DA:133,0
DA:142,0
DA:143,0
DA:144,0
DA:146,0
DA:157,0
DA:158,0
DA:167,0
DA:168,0
DA:170,0
DA:171,0
DA:174,0
DA:176,0
DA:182,0
DA:183,0
DA:192,0
DA:193,0
DA:194,0
DA:196,0
DA:197,0
DA:199,0
DA:200,0
DA:209,0
DA:210,0
DA:211,0
DA:213,0
DA:215,0
DA:220,0
DA:221,0
DA:230,0
DA:231,0
DA:233,0
DA:238,0
DA:239,0
DA:244,2
LF:71
LH:3
BRDA:18,0,0,0
BRDA:18,0,1,0
BRDA:50,1,0,0
BRDA:50,1,1,0
BRDA:62,2,0,0
BRDA:62,2,1,0
BRDA:66,3,0,0
BRDA:66,3,1,0
BRDA:83,4,0,0
BRDA:83,4,1,0
BRDA:124,5,0,0
BRDA:124,5,1,0
BRDA:143,6,0,0
BRDA:170,7,0,0
BRDA:170,7,1,0
BRDA:193,8,0,0
BRDA:193,8,1,0
BRF:17
BRH:0
end_of_record
TN:
SF:src/controllers/CachedController.js
FN:4,(anonymous_0)
FN:6,(anonymous_1)
FN:23,(anonymous_2)
FNF:3
FNH:0
FNDA:0,(anonymous_0)
FNDA:0,(anonymous_1)
FNDA:0,(anonymous_2)
DA:1,0
DA:2,0
DA:4,0
DA:5,0
DA:6,0
DA:8,0
DA:13,0
DA:16,0
DA:18,0
DA:19,0
DA:23,0
DA:24,0
DA:25,0
DA:26,0
DA:28,0
DA:32,0
LF:16
LH:0
BRF:0
BRH:0
end_of_record
TN:
SF:src/controllers/ChatController.js
FN:14,(anonymous_0)
FN:80,(anonymous_1)
FN:118,(anonymous_2)
FN:161,(anonymous_3)
FN:215,(anonymous_4)
FN:269,(anonymous_5)
FN:303,(anonymous_6)
FNF:7
FNH:0
FNDA:0,(anonymous_0)
FNDA:0,(anonymous_1)
FNDA:0,(anonymous_2)
FNDA:0,(anonymous_3)
FNDA:0,(anonymous_4)
FNDA:0,(anonymous_5)
FNDA:0,(anonymous_6)
DA:6,2
DA:7,2
DA:15,0
DA:16,0
DA:17,0
DA:20,0
DA:21,0
DA:26,0
DA:27,0
DA:33,0
DA:34,0
DA:35,0
DA:41,0
DA:44,0
DA:58,0
DA:60,0
DA:67,0
DA:71,0
DA:72,0
DA:81,0
DA:82,0
DA:83,0
DA:84,0
DA:86,0
DA:87,0
DA:93,0
DA:94,0
DA:95,0
DA:105,0
DA:118,0
DA:119,0
DA:120,0
DA:126,0
DA:132,0
DA:133,0
DA:141,0
DA:143,0
DA:149,0
DA:153,0
DA:162,0
DA:163,0
DA:164,0
DA:166,0
DA:167,0
DA:170,0
DA:171,0
DA:175,0
DA:176,0
DA:179,0
DA:180,0
DA:181,0
DA:185,0
DA:187,0
DA:189,0
DA:202,0
DA:206,0
DA:207,0
DA:216,0
DA:217,0
DA:218,0
DA:219,0
DA:221,0
DA:222,0
DA:228,0
DA:237,0
DA:240,0
DA:247,0
DA:249,0
DA:250,0
DA:254,0
DA:256,0
DA:260,0
DA:261,0
DA:270,0
DA:271,0
DA:272,0
DA:277,0
DA:284,0
DA:286,0
DA:294,0
DA:295,0
DA:304,0
DA:305,0
DA:306,0
DA:312,0
DA:314,0
DA:319,0
DA:320,0
DA:321,0
DA:326,2
LF:90
LH:3
BRDA:20,0,0,0
BRDA:20,0,1,0
BRDA:20,1,0,0
BRDA:20,1,1,0
BRDA:20,1,2,0
BRDA:26,2,0,0
BRDA:26,2,1,0
BRDA:34,3,0,0
BRDA:34,3,1,0
BRDA:86,4,0,0
BRDA:86,4,1,0
BRDA:94,5,0,0
BRDA:94,5,1,0
BRDA:166,6,0,0
BRDA:166,6,1,0
BRDA:170,7,0,0
BRDA:170,7,1,0
BRDA:175,8,0,0
BRDA:175,8,1,0
BRDA:180,9,0,0
BRDA:180,9,1,0
BRDA:221,10,0,0
BRDA:221,10,1,0
BRF:23
BRH:0
end_of_record
TN:
SF:src/controllers/[REDACTED_TOKEN].js
FN:14,(anonymous_0)
FN:31,(anonymous_1)
FN:50,(anonymous_2)
FN:82,(anonymous_3)
FN:106,(anonymous_4)
FN:124,(anonymous_5)
FN:142,(anonymous_6)
FN:160,(anonymous_7)
FN:178,(anonymous_8)
FN:196,(anonymous_9)
FN:226,(anonymous_10)
FNF:11
FNH:0
FNDA:0,(anonymous_0)
FNDA:0,(anonymous_1)
FNDA:0,(anonymous_2)
FNDA:0,(anonymous_3)
FNDA:0,(anonymous_4)
FNDA:0,(anonymous_5)
FNDA:0,(anonymous_6)
FNDA:0,(anonymous_7)
FNDA:0,(anonymous_8)
FNDA:0,(anonymous_9)
FNDA:0,(anonymous_10)
DA:6,2
DA:7,2
DA:15,0
DA:16,0
DA:17,0
DA:22,0
DA:23,0
DA:32,0
DA:33,0
DA:34,0
DA:36,0
DA:41,0
DA:42,0
DA:51,0
DA:52,0
DA:54,0
DA:55,0
DA:58,0
DA:60,0
DA:73,0
DA:74,0
DA:83,0
DA:84,0
DA:86,0
DA:97,0
DA:98,0
DA:107,0
DA:108,0
DA:110,0
DA:115,0
DA:116,0
DA:125,0
DA:126,0
DA:128,0
DA:133,0
DA:134,0
DA:143,0
DA:144,0
DA:146,0
DA:151,0
DA:152,0
DA:161,0
DA:162,0
DA:164,0
DA:169,0
DA:170,0
DA:179,0
DA:180,0
DA:182,0
DA:187,0
DA:188,0
DA:197,0
DA:198,0
DA:199,0
DA:200,0
DA:201,0
DA:202,0
DA:204,0
DA:217,0
DA:218,0
DA:227,0
DA:228,0
DA:230,0
DA:235,0
DA:236,0
DA:241,2
LF:66
LH:3
BRDA:33,0,0,0
BRDA:54,1,0,0
BRDA:54,1,1,0
BRDA:58,2,0,0
BRDA:58,2,1,0
BRDA:91,3,0,0
BRDA:91,3,1,0
BRDA:207,4,0,0
BRDA:207,4,1,0
BRF:9
BRH:0
end_of_record
TN:
SF:src/controllers/[REDACTED_TOKEN].js
FN:14,(anonymous_0)
FN:36,(anonymous_1)
FN:56,(anonymous_2)
FN:75,(anonymous_3)
FN:94,(anonymous_4)
FNF:5
FNH:0
FNDA:0,(anonymous_0)
FNDA:0,(anonymous_1)
FNDA:0,(anonymous_2)
FNDA:0,(anonymous_3)
FNDA:0,(anonymous_4)
DA:6,2
DA:7,2
DA:15,0
DA:16,0
DA:18,0
DA:21,0
DA:23,0
DA:24,0
DA:37,0
DA:38,0
DA:39,0
DA:44,0
DA:45,0
DA:57,0
DA:58,0
DA:59,0
DA:64,0
DA:65,0
DA:76,0
DA:77,0
DA:78,0
DA:80,0
DA:82,0
DA:83,0
DA:95,0
DA:96,0
DA:97,0
DA:100,0
DA:102,0
DA:103,0
DA:112,2
LF:31
LH:3
BRDA:18,0,0,0
BRDA:18,0,1,0
BRDA:19,1,0,0
BRDA:19,1,1,0
BRDA:39,2,0,0
BRDA:39,2,1,0
BRDA:40,3,0,0
BRDA:40,3,1,0
BRDA:59,4,0,0
BRDA:59,4,1,0
BRDA:60,5,0,0
BRDA:60,5,1,0
BRDA:80,6,0,0
BRDA:80,6,1,0
BRDA:97,7,0,0
BRDA:97,7,1,0
BRDA:98,8,0,0
BRDA:98,8,1,0
BRF:18
BRH:0
end_of_record
TN:
SF:src/controllers/[REDACTED_TOKEN].js
FN:36,(anonymous_0)
FN:77,(anonymous_1)
FN:118,(anonymous_2)
FN:159,(anonymous_3)
FN:200,(anonymous_4)
FN:241,(anonymous_5)
FN:281,(anonymous_6)
FN:317,(anonymous_7)
FN:352,(anonymous_8)
FN:385,(anonymous_9)
FNF:10
FNH:0
FNDA:0,(anonymous_0)
FNDA:0,(anonymous_1)
FNDA:0,(anonymous_2)
FNDA:0,(anonymous_3)
FNDA:0,(anonymous_4)
FNDA:0,(anonymous_5)
FNDA:0,(anonymous_6)
FNDA:0,(anonymous_7)
FNDA:0,(anonymous_8)
FNDA:0,(anonymous_9)
DA:6,1
DA:7,1
DA:8,1
DA:10,1
DA:36,1
DA:37,0
DA:38,0
DA:40,0
DA:41,0
DA:44,0
DA:46,0
DA:48,0
DA:49,0
DA:77,1
DA:78,0
DA:79,0
DA:81,0
DA:82,0
DA:85,0
DA:87,0
DA:89,0
DA:90,0
DA:118,1
DA:119,0
DA:120,0
DA:122,0
DA:123,0
DA:126,0
DA:128,0
DA:130,0
DA:131,0
DA:159,1
DA:160,0
DA:161,0
DA:163,0
DA:164,0
DA:167,0
DA:169,0
DA:171,0
DA:172,0
DA:200,1
DA:201,0
DA:202,0
DA:204,0
DA:205,0
DA:208,0
DA:210,0
DA:212,0
DA:213,0
DA:241,1
DA:242,0
DA:243,0
DA:245,0
DA:246,0
DA:249,0
DA:251,0
DA:253,0
DA:254,0
DA:281,1
DA:282,0
DA:283,0
DA:285,0
DA:286,0
DA:289,0
DA:291,0
DA:293,0
DA:294,0
DA:317,1
DA:318,0
DA:319,0
DA:321,0
DA:323,0
DA:325,0
DA:326,0
DA:352,1
DA:353,0
DA:354,0
DA:355,0
DA:357,0
DA:359,0
DA:361,0
DA:362,0
DA:385,1
DA:386,0
DA:387,0
DA:389,0
DA:391,0
DA:393,0
DA:394,0
DA:398,1
LF:90
LH:15
BRDA:40,0,0,0
BRDA:40,0,1,0
BRDA:40,1,0,0
BRDA:40,1,1,0
BRDA:40,1,2,0
BRDA:81,2,0,0
BRDA:81,2,1,0
BRDA:81,3,0,0
BRDA:81,3,1,0
BRDA:81,3,2,0
BRDA:122,4,0,0
BRDA:122,4,1,0
BRDA:122,5,0,0
BRDA:122,5,1,0
BRDA:163,6,0,0
BRDA:163,6,1,0
BRDA:163,7,0,0
BRDA:163,7,1,0
BRDA:202,8,0,0
BRDA:204,9,0,0
BRDA:204,9,1,0
BRDA:204,10,0,0
BRDA:204,10,1,0
BRDA:243,11,0,0
BRDA:245,12,0,0
BRDA:245,12,1,0
BRDA:245,13,0,0
BRDA:245,13,1,0
BRDA:285,14,0,0
BRDA:285,14,1,0
BRDA:285,15,0,0
BRDA:285,15,1,0
BRDA:355,16,0,0
BRF:33
BRH:0
end_of_record
TN:
SF:src/controllers/[REDACTED_TOKEN].js
FN:15,(anonymous_0)
FN:97,(anonymous_1)
FN:150,(anonymous_2)
FN:159,(anonymous_3)
FN:213,(anonymous_4)
FN:284,(anonymous_5)
FNF:6
FNH:3
FNDA:2,(anonymous_0)
FNDA:1,(anonymous_1)
FNDA:7,(anonymous_2)
FNDA:0,(anonymous_3)
FNDA:0,(anonymous_4)
FNDA:0,(anonymous_5)
DA:6,3
DA:7,3
DA:8,3
DA:16,2
DA:17,2
DA:20,2
DA:21,2
DA:28,0
DA:29,0
DA:36,0
DA:37,0
DA:42,0
DA:43,0
DA:50,0
DA:51,0
DA:53,0
DA:65,0
DA:66,0
DA:67,0
DA:68,0
DA:70,0
DA:74,0
DA:85,0
DA:86,0
DA:98,1
DA:99,1
DA:101,1
DA:102,1
DA:108,0
DA:111,0
DA:116,0
DA:117,0
DA:124,0
DA:125,0
DA:132,0
DA:134,0
DA:139,0
DA:140,0
DA:151,7
DA:152,7
DA:160,0
DA:161,0
DA:163,0
DA:165,0
DA:167,0
DA:168,0
DA:170,0
DA:171,0
DA:172,0
DA:175,0
DA:176,0
DA:178,0
DA:181,0
DA:182,0
DA:183,0
DA:185,0
DA:190,0
DA:201,0
DA:202,0
DA:214,0
DA:215,0
DA:217,0
DA:218,0
DA:224,0
DA:227,0
DA:232,0
DA:233,0
DA:240,0
DA:241,0
DA:242,0
DA:244,0
DA:245,0
DA:246,0
DA:253,0
DA:255,0
DA:256,0
DA:260,0
DA:262,0
DA:272,0
DA:273,0
DA:285,0
DA:286,0
DA:288,0
DA:293,0
DA:298,0
DA:302,0
DA:307,0
DA:318,0
DA:319,0
DA:327,3
LF:90
LH:14
BRDA:20,0,0,2
BRDA:20,0,1,0
BRDA:20,1,0,2
BRDA:20,1,1,1
BRDA:28,2,0,0
BRDA:28,2,1,0
BRDA:28,3,0,0
BRDA:28,3,1,0
BRDA:42,4,0,0
BRDA:42,4,1,0
BRDA:58,5,0,0
BRDA:58,5,1,0
BRDA:80,6,0,0
BRDA:80,6,1,0
BRDA:101,7,0,1
BRDA:101,7,1,0
BRDA:101,8,0,1
BRDA:101,8,1,1
BRDA:116,9,0,0
BRDA:116,9,1,0
BRDA:161,10,0,0
BRDA:161,11,0,0
BRDA:161,12,0,0
BRDA:170,13,0,0
BRDA:170,13,1,0
BRDA:170,14,0,0
BRDA:170,14,1,0
BRDA:182,15,0,0
BRDA:182,15,1,0
BRDA:182,16,0,0
BRDA:182,16,1,0
BRDA:187,17,0,0
BRDA:187,17,1,0
BRDA:187,18,0,0
BRDA:187,18,1,0
BRDA:217,19,0,0
BRDA:217,19,1,0
BRDA:217,20,0,0
BRDA:217,20,1,0
BRDA:232,21,0,0
BRDA:232,21,1,0
BRDA:248,22,0,0
BRDA:248,22,1,0
BRF:43
BRH:6
end_of_record
TN:
SF:src/controllers/[REDACTED_TOKEN].js
FN:10,(anonymous_0)
FN:34,(anonymous_1)
FN:55,(anonymous_2)
FN:75,(anonymous_3)
FN:96,(anonymous_4)
FN:109,(anonymous_5)
FN:122,(anonymous_6)
FNF:7
FNH:0
FNDA:0,(anonymous_0)
FNDA:0,(anonymous_1)
FNDA:0,(anonymous_2)
FNDA:0,(anonymous_3)
FNDA:0,(anonymous_4)
FNDA:0,(anonymous_5)
FNDA:0,(anonymous_6)
DA:11,0
DA:24,0
DA:26,0
DA:27,0
DA:35,0
DA:45,0
DA:47,0
DA:48,0
DA:56,0
DA:65,0
DA:67,0
DA:68,0
DA:76,0
DA:86,0
DA:88,0
DA:89,0
DA:97,0
DA:99,0
DA:101,0
DA:102,0
DA:110,0
DA:112,0
DA:114,0
DA:115,0
DA:123,0
DA:125,0
DA:127,0
DA:128,0
DA:133,2
LF:29
LH:1
BRF:0
BRH:0
end_of_record
TN:
SF:src/controllers/[REDACTED_TOKEN].js
FN:7,ensureFile
FN:13,loadSubs
FN:23,saveSubs
FN:28,ensureVapid
FN:42,(anonymous_4)
FN:47,(anonymous_5)
FN:59,(anonymous_6)
FN:64,(anonymous_7)
FN:73,(anonymous_8)
FN:81,(anonymous_9)
FN:81,(anonymous_10)
FN:85,(anonymous_11)
FN:101,(anonymous_12)
FNF:13
FNH:9
FNDA:3,ensureFile
FNDA:2,loadSubs
FNDA:1,saveSubs
FNDA:2,ensureVapid
FNDA:1,(anonymous_4)
FNDA:0,(anonymous_5)
FNDA:0,(anonymous_6)
FNDA:0,(anonymous_7)
FNDA:2,(anonymous_8)
FNDA:1,(anonymous_9)
FNDA:0,(anonymous_10)
FNDA:1,(anonymous_11)
FNDA:1,(anonymous_12)
DA:1,5
DA:2,5
DA:3,5
DA:5,5
DA:8,3
DA:9,3
DA:10,3
DA:14,2
DA:15,2
DA:16,2
DA:17,2
DA:19,0
DA:24,1
DA:25,1
DA:29,2
DA:30,2
DA:31,2
DA:33,2
DA:34,2
DA:35,2
DA:37,0
DA:38,0
DA:41,5
DA:43,1
DA:44,1
DA:45,1
DA:46,0
DA:47,0
DA:48,0
DA:49,0
DA:50,0
DA:52,0
DA:54,0
DA:55,0
DA:60,0
DA:61,0
DA:62,0
DA:63,0
DA:64,0
DA:65,0
DA:66,0
DA:68,0
DA:69,0
DA:74,2
DA:75,2
DA:76,2
DA:77,2
DA:79,1
DA:81,1
DA:84,1
DA:85,1
DA:86,1
DA:88,0
DA:90,0
DA:94,0
DA:99,1
DA:101,1
DA:103,0
DA:104,0
DA:109,5
LF:60
LH:35
BRDA:9,0,0,0
BRDA:9,0,1,3
BRDA:10,1,0,0
BRDA:10,1,1,3
BRDA:17,2,0,2
BRDA:17,2,1,0
BRDA:29,3,0,2
BRDA:29,3,1,2
BRDA:31,4,0,2
BRDA:31,4,1,0
BRDA:31,5,0,2
BRDA:31,5,1,0
BRDA:45,6,0,1
BRDA:45,6,1,0
BRDA:45,7,0,1
BRDA:45,7,1,0
BRDA:48,8,0,0
BRDA:48,8,1,0
BRDA:62,9,0,0
BRDA:62,9,1,0
BRDA:77,10,0,1
BRDA:77,10,1,1
BRDA:86,11,0,1
BRDA:86,11,1,0
BRDA:88,12,0,0
BRDA:88,12,1,0
BRDA:90,13,0,0
BRDA:90,13,1,0
BRDA:90,14,0,0
BRDA:90,14,1,0
BRDA:90,14,2,0
BRDA:90,14,3,0
BRF:32
BRH:12
end_of_record
TN:
SF:src/controllers/OAuthController.js
FN:52,(anonymous_0)
FN:97,(anonymous_1)
FN:140,(anonymous_2)
FN:198,(anonymous_3)
FN:266,(anonymous_4)
FN:328,(anonymous_5)
FN:382,(anonymous_6)
FNF:7
FNH:0
FNDA:0,(anonymous_0)
FNDA:0,(anonymous_1)
FNDA:0,(anonymous_2)
FNDA:0,(anonymous_3)
FNDA:0,(anonymous_4)
FNDA:0,(anonymous_5)
FNDA:0,(anonymous_6)
DA:6,1
DA:7,1
DA:8,1
DA:10,1
DA:52,1
DA:53,0
DA:54,0
DA:55,0
DA:57,0
DA:62,0
DA:63,0
DA:97,1
DA:98,0
DA:99,0
DA:100,0
DA:102,0
DA:107,0
DA:108,0
DA:140,1
DA:141,0
DA:142,0
DA:143,0
DA:145,0
DA:150,0
DA:151,0
DA:198,1
DA:199,0
DA:200,0
DA:202,0
DA:203,0
DA:209,0
DA:211,0
DA:216,0
DA:217,0
DA:266,1
DA:267,0
DA:268,0
DA:270,0
DA:271,0
DA:277,0
DA:279,0
DA:284,0
DA:285,0
DA:328,1
DA:329,0
DA:330,0
DA:332,0
DA:333,0
DA:339,0
DA:341,0
DA:347,0
DA:348,0
DA:382,1
DA:383,0
DA:384,0
DA:386,0
DA:391,0
DA:392,0
DA:399,1
LF:59
LH:12
BRDA:200,0,0,0
BRDA:202,1,0,0
BRDA:202,1,1,0
BRDA:270,2,0,0
BRDA:270,2,1,0
BRDA:270,3,0,0
BRDA:270,3,1,0
BRDA:332,4,0,0
BRDA:332,4,1,0
BRF:9
BRH:0
end_of_record
TN:
SF:src/controllers/PaymentController.js
FN:19,(anonymous_0)
FN:156,(anonymous_1)
FN:214,(anonymous_2)
FN:248,(anonymous_3)
FNF:4
FNH:2
FNDA:19,(anonymous_0)
FNDA:0,(anonymous_1)
FNDA:3,(anonymous_2)
FNDA:0,(anonymous_3)
DA:7,2
DA:8,2
DA:9,2
DA:10,2
DA:11,2
DA:12,2
DA:20,19
DA:21,19
DA:24,18
DA:25,18
DA:26,18
DA:33,0
DA:36,0
DA:37,0
DA:38,0
DA:39,0
DA:46,0
DA:47,0
DA:48,0
DA:55,0
DA:60,0
DA:61,0
DA:62,0
DA:71,0
DA:73,0
DA:79,0
DA:80,0
DA:81,0
DA:88,0
DA:89,0
DA:95,0
DA:109,0
DA:111,0
DA:112,0
DA:113,0
DA:120,0
DA:121,0
DA:128,0
DA:134,0
DA:136,0
DA:138,0
DA:145,1
DA:146,1
DA:157,0
DA:158,0
DA:160,0
DA:161,0
DA:164,0
DA:166,0
DA:167,0
DA:171,0
DA:173,0
DA:178,0
DA:180,0
DA:186,0
DA:191,0
DA:195,0
DA:202,0
DA:203,0
DA:215,3
DA:216,3
DA:219,3
DA:220,3
DA:223,0
DA:234,0
DA:236,0
DA:237,0
DA:249,0
DA:250,0
DA:253,0
DA:254,0
DA:258,0
DA:259,0
DA:260,0
DA:264,0
DA:265,0
DA:269,0
DA:274,0
DA:276,0
DA:278,0
DA:284,0
DA:285,0
DA:293,2
LF:83
LH:18
BRDA:24,0,0,18
BRDA:24,0,1,0
BRDA:24,1,0,18
BRDA:24,1,1,15
BRDA:24,1,2,13
BRDA:24,1,3,13
BRDA:37,2,0,0
BRDA:37,2,1,0
BRDA:37,3,0,0
BRDA:37,3,1,0
BRDA:37,3,2,0
BRDA:46,4,0,0
BRDA:46,4,1,0
BRDA:60,5,0,0
BRDA:60,5,1,0
BRDA:71,6,0,0
BRDA:71,6,1,0
BRDA:79,7,0,0
BRDA:79,7,1,0
BRDA:111,8,0,0
BRDA:111,8,1,0
BRDA:160,9,0,0
BRDA:160,9,1,0
BRDA:166,10,0,0
BRDA:166,10,1,0
BRDA:171,11,0,0
BRDA:171,11,1,0
BRDA:178,12,0,0
BRDA:178,12,1,0
BRDA:178,13,0,0
BRDA:178,13,1,0
BRDA:219,14,0,3
BRDA:219,14,1,0
BRDA:253,15,0,0
BRDA:253,15,1,0
BRDA:259,16,0,0
BRDA:259,16,1,0
BRDA:264,17,0,0
BRDA:264,17,1,0
BRDA:271,18,0,0
BRDA:271,18,1,0
BRF:41
BRH:6
end_of_record
TN:
SF:src/controllers/[REDACTED_TOKEN].js
FN:11,(anonymous_0)
FN:27,(anonymous_1)
FN:42,(anonymous_2)
FN:57,(anonymous_3)
FN:68,(anonymous_4)
FN:78,(anonymous_5)
FN:89,(anonymous_6)
FNF:7
FNH:0
FNDA:0,(anonymous_0)
FNDA:0,(anonymous_1)
FNDA:0,(anonymous_2)
FNDA:0,(anonymous_3)
FNDA:0,(anonymous_4)
FNDA:0,(anonymous_5)
FNDA:0,(anonymous_6)
DA:6,1
DA:7,1
DA:8,1
DA:11,1
DA:12,0
DA:13,0
DA:14,0
DA:20,0
DA:22,0
DA:27,1
DA:28,0
DA:29,0
DA:30,0
DA:35,0
DA:37,0
DA:42,1
DA:43,0
DA:45,0
DA:46,0
DA:48,0
DA:49,0
DA:51,0
DA:52,0
DA:57,1
DA:58,0
DA:59,0
DA:60,0
DA:61,0
DA:63,0
DA:68,1
DA:69,0
DA:70,0
DA:71,0
DA:73,0
DA:78,1
DA:79,0
DA:80,0
DA:81,0
DA:82,0
DA:84,0
DA:89,1
DA:90,0
DA:91,0
DA:92,0
DA:94,0
DA:98,1
LF:46
LH:11
BRDA:46,0,0,0
BRDA:46,0,1,0
BRDA:80,1,0,0
BRF:3
BRH:0
end_of_record
TN:
SF:src/controllers/PhotosController.js
FN:14,(anonymous_0)
FN:61,(anonymous_1)
FN:81,(anonymous_2)
FN:82,(anonymous_3)
FN:95,(anonymous_4)
FN:137,(anonymous_5)
FNF:6
FNH:2
FNDA:1,(anonymous_0)
FNDA:0,(anonymous_1)
FNDA:0,(anonymous_2)
FNDA:0,(anonymous_3)
FNDA:0,(anonymous_4)
FNDA:4,(anonymous_5)
DA:6,6
DA:7,6
DA:8,6
DA:15,1
DA:16,1
DA:17,1
DA:18,1
DA:20,1
DA:21,1
DA:24,0
DA:26,0
DA:28,0
DA:29,0
DA:32,0
DA:38,0
DA:39,0
DA:47,0
DA:53,0
DA:54,0
DA:62,0
DA:63,0
DA:65,0
DA:77,0
DA:80,0
DA:81,0
DA:82,0
DA:85,0
DA:87,0
DA:88,0
DA:96,0
DA:97,0
DA:99,0
DA:122,0
DA:124,0
DA:129,0
DA:130,0
DA:138,4
DA:139,4
DA:140,4
DA:143,4
DA:150,4
DA:152,3
DA:153,1
DA:156,2
DA:157,2
DA:158,1
DA:162,1
DA:166,1
DA:168,1
DA:174,1
DA:175,1
DA:180,6
LF:52
LH:25
BRDA:18,0,0,1
BRDA:18,0,1,0
BRDA:20,1,0,1
BRDA:20,1,1,0
BRDA:97,2,0,0
BRDA:97,3,0,0
BRDA:152,4,0,1
BRDA:152,4,1,2
BRDA:157,5,0,1
BRDA:157,5,1,1
BRDA:157,6,0,2
BRDA:157,6,1,1
BRF:12
BRH:8
end_of_record
TN:
SF:src/controllers/[REDACTED_TOKEN].js
FN:11,(anonymous_0)
FN:22,(anonymous_1)
FN:29,(anonymous_2)
FN:40,(anonymous_3)
FN:46,(anonymous_4)
FN:52,(anonymous_5)
FN:58,(anonymous_6)
FNF:7
FNH:0
FNDA:0,(anonymous_0)
FNDA:0,(anonymous_1)
FNDA:0,(anonymous_2)
FNDA:0,(anonymous_3)
FNDA:0,(anonymous_4)
FNDA:0,(anonymous_5)
FNDA:0,(anonymous_6)
DA:6,1
DA:7,1
DA:8,1
DA:11,1
DA:12,0
DA:13,0
DA:14,0
DA:15,0
DA:17,0
DA:22,1
DA:23,0
DA:24,0
DA:25,0
DA:29,1
DA:30,0
DA:31,0
DA:32,0
DA:33,0
DA:35,0
DA:40,1
DA:41,0
DA:42,0
DA:46,1
DA:47,0
DA:48,0
DA:52,1
DA:53,0
DA:54,0
DA:58,1
DA:59,0
DA:60,0
DA:63,1
LF:32
LH:11
BRDA:23,0,0,0
BRF:1
BRH:0
end_of_record
TN:
SF:src/controllers/PricingController.js
FN:12,(anonymous_0)
FN:20,(anonymous_1)
FN:21,(anonymous_2)
FN:26,(anonymous_3)
FN:30,(anonymous_4)
FN:34,(anonymous_5)
FN:38,(anonymous_6)
FN:59,(anonymous_7)
FN:103,(anonymous_8)
FN:115,(anonymous_9)
FN:116,(anonymous_10)
FN:132,(anonymous_11)
FN:156,(anonymous_12)
FN:205,(anonymous_13)
FN:218,(anonymous_14)
FNF:15
FNH:1
FNDA:1,(anonymous_0)
FNDA:0,(anonymous_1)
FNDA:0,(anonymous_2)
FNDA:0,(anonymous_3)
FNDA:0,(anonymous_4)
FNDA:0,(anonymous_5)
FNDA:0,(anonymous_6)
FNDA:0,(anonymous_7)
FNDA:0,(anonymous_8)
FNDA:0,(anonymous_9)
FNDA:0,(anonymous_10)
FNDA:0,(anonymous_11)
FNDA:0,(anonymous_12)
FNDA:0,(anonymous_13)
FNDA:0,(anonymous_14)
DA:7,1
DA:8,1
DA:9,1
DA:13,1
DA:14,1
DA:15,1
DA:16,1
DA:21,0
DA:22,0
DA:23,0
DA:27,0
DA:31,0
DA:35,0
DA:39,0
DA:40,0
DA:41,0
DA:60,0
DA:61,0
DA:64,0
DA:65,0
DA:69,0
DA:70,0
DA:72,0
DA:73,0
DA:77,0
DA:78,0
DA:79,0
DA:80,0
DA:82,0
DA:83,0
DA:87,0
DA:88,0
DA:90,0
DA:91,0
DA:93,0
DA:94,0
DA:97,0
DA:98,0
DA:99,0
DA:103,0
DA:104,0
DA:106,0
DA:107,0
DA:114,0
DA:115,0
DA:116,0
DA:129,0
DA:132,0
DA:147,0
DA:148,0
DA:157,0
DA:158,0
DA:160,0
DA:161,0
DA:163,0
DA:164,0
DA:167,0
DA:168,0
DA:169,0
DA:171,0
DA:173,0
DA:174,0
DA:177,0
DA:187,0
DA:197,0
DA:198,0
DA:206,0
DA:207,0
DA:208,0
DA:210,0
DA:211,0
DA:219,0
DA:221,0
DA:222,0
DA:223,0
DA:225,0
DA:226,0
DA:227,0
DA:228,0
DA:229,0
DA:230,0
DA:232,0
DA:237,1
LF:83
LH:8
BRDA:21,0,0,0
BRDA:21,0,1,0
BRDA:23,1,0,0
BRDA:23,1,1,0
BRDA:39,2,0,0
BRDA:39,2,1,0
BRDA:39,3,0,0
BRDA:39,3,1,0
BRDA:39,3,2,0
BRDA:41,4,0,0
BRDA:41,4,1,0
BRDA:61,5,0,0
BRDA:61,6,0,0
BRDA:61,7,0,0
BRDA:64,8,0,0
BRDA:64,8,1,0
BRDA:64,9,0,0
BRDA:64,9,1,0
BRDA:64,9,2,0
BRDA:69,10,0,0
BRDA:69,10,1,0
BRDA:72,11,0,0
BRDA:72,11,1,0
BRDA:79,12,0,0
BRDA:79,12,1,0
BRDA:79,13,0,0
BRDA:79,13,1,0
BRDA:82,14,0,0
BRDA:82,14,1,0
BRDA:87,15,0,0
BRDA:87,15,1,0
BRDA:90,16,0,0
BRDA:90,16,1,0
BRDA:93,17,0,0
BRDA:93,17,1,0
BRDA:98,18,0,0
BRDA:98,18,1,0
BRDA:98,19,0,0
BRDA:98,19,1,0
BRDA:106,20,0,0
BRDA:106,20,1,0
BRDA:115,21,0,0
BRDA:115,21,1,0
BRDA:124,22,0,0
BRDA:124,22,1,0
BRDA:143,23,0,0
BRDA:143,23,1,0
BRDA:147,24,0,0
BRDA:147,24,1,0
BRDA:160,25,0,0
BRDA:160,25,1,0
BRDA:160,26,0,0
BRDA:160,26,1,0
BRDA:160,26,2,0
BRDA:163,27,0,0
BRDA:163,27,1,0
BRDA:163,28,0,0
BRDA:163,28,1,0
BRDA:169,29,0,0
BRDA:169,29,1,0
BRDA:173,30,0,0
BRDA:173,30,1,0
BRDA:183,31,0,0
BRDA:183,31,1,0
BRDA:197,32,0,0
BRDA:197,32,1,0
BRDA:208,33,0,0
BRDA:208,33,1,0
BRDA:210,34,0,0
BRDA:210,34,1,0
BRDA:222,35,0,0
BRDA:222,35,1,0
BRDA:222,36,0,0
BRDA:222,36,1,0
BRDA:226,37,0,0
BRDA:226,37,1,0
BRF:76
BRH:0
end_of_record
TN:
SF:src/controllers/ProfileController.js
FN:14,(anonymous_0)
FN:46,(anonymous_1)
FN:76,(anonymous_2)
FN:102,(anonymous_3)
FN:124,(anonymous_4)
FN:150,(anonymous_5)
FN:174,(anonymous_6)
FNF:7
FNH:0
FNDA:0,(anonymous_0)
FNDA:0,(anonymous_1)
FNDA:0,(anonymous_2)
FNDA:0,(anonymous_3)
FNDA:0,(anonymous_4)
FNDA:0,(anonymous_5)
FNDA:0,(anonymous_6)
DA:6,3
DA:7,3
DA:8,3
DA:15,0
DA:16,0
DA:17,0
DA:20,0
DA:21,0
DA:22,0
DA:25,0
DA:32,0
DA:38,0
DA:39,0
DA:47,0
DA:48,0
DA:49,0
DA:50,0
DA:53,0
DA:55,0
DA:62,0
DA:68,0
DA:69,0
DA:77,0
DA:78,0
DA:79,0
DA:80,0
DA:83,0
DA:85,0
DA:86,0
DA:89,0
DA:94,0
DA:95,0
DA:103,0
DA:104,0
DA:105,0
DA:106,0
DA:109,0
DA:111,0
DA:116,0
DA:117,0
DA:125,0
DA:126,0
DA:129,0
DA:131,0
DA:134,0
DA:137,0
DA:142,0
DA:143,0
DA:151,0
DA:152,0
DA:153,0
DA:156,0
DA:158,0
DA:160,0
DA:166,0
DA:167,0
DA:175,0
DA:176,0
DA:177,0
DA:180,0
DA:182,0
DA:187,0
DA:188,0
DA:193,3
LF:64
LH:4
BRDA:16,0,0,0
BRDA:16,0,1,0
BRDA:20,1,0,0
BRDA:20,1,1,0
BRDA:21,2,0,0
BRDA:21,2,1,0
BRDA:39,3,0,0
BRDA:39,3,1,0
BRDA:49,4,0,0
BRDA:49,4,1,0
BRDA:69,5,0,0
BRDA:69,5,1,0
BRDA:78,6,0,0
BRDA:78,6,1,0
BRDA:79,7,0,0
BRDA:79,7,1,0
BRDA:85,8,0,0
BRDA:85,8,1,0
BRDA:85,9,0,0
BRDA:85,9,1,0
BRDA:95,10,0,0
BRDA:95,10,1,0
BRDA:105,11,0,0
BRDA:105,11,1,0
BRDA:117,12,0,0
BRDA:117,12,1,0
BRDA:129,13,0,0
BRDA:129,13,1,0
BRDA:143,14,0,0
BRDA:143,14,1,0
BRDA:152,15,0,0
BRDA:152,15,1,0
BRDA:167,16,0,0
BRDA:167,16,1,0
BRDA:176,17,0,0
BRDA:176,17,1,0
BRDA:188,18,0,0
BRDA:188,18,1,0
BRF:38
BRH:0
end_of_record
TN:
SF:src/controllers/[REDACTED_TOKEN].js
FN:12,(anonymous_0)
FN:68,(anonymous_1)
FN:126,(anonymous_2)
FN:177,(anonymous_3)
FN:215,(anonymous_4)
FNF:5
FNH:0
FNDA:0,(anonymous_0)
FNDA:0,(anonymous_1)
FNDA:0,(anonymous_2)
FNDA:0,(anonymous_3)
FNDA:0,(anonymous_4)
DA:6,2
DA:13,0
DA:14,0
DA:16,0
DA:38,0
DA:48,0
DA:53,0
DA:60,0
DA:61,0
DA:69,0
DA:70,0
DA:85,0
DA:88,0
DA:89,0
DA:91,0
DA:118,0
DA:119,0
DA:127,0
DA:128,0
DA:130,0
DA:148,0
DA:158,0
DA:163,0
DA:169,0
DA:170,0
DA:178,0
DA:179,0
DA:180,0
DA:181,0
DA:184,0
DA:185,0
DA:188,0
DA:195,0
DA:197,0
DA:198,0
DA:201,0
DA:207,0
DA:208,0
DA:216,0
DA:217,0
DA:219,0
DA:236,0
DA:237,0
DA:239,0
DA:240,0
DA:241,0
DA:242,0
DA:245,0
DA:246,0
DA:247,0
DA:248,0
DA:251,0
DA:252,0
DA:253,0
DA:254,0
DA:257,0
DA:258,0
DA:260,0
DA:262,0
DA:267,0
DA:268,0
DA:273,2
LF:62
LH:2
BRDA:14,0,0,0
BRDA:14,1,0,0
BRDA:14,2,0,0
BRDA:184,3,0,0
BRDA:184,3,1,0
BRDA:197,4,0,0
BRDA:197,4,1,0
BRDA:217,5,0,0
BRDA:217,6,0,0
BRDA:239,7,0,0
BRDA:239,7,1,0
BRDA:245,8,0,0
BRDA:245,8,1,0
BRDA:251,9,0,0
BRDA:251,9,1,0
BRF:15
BRH:0
end_of_record
TN:
SF:src/controllers/[REDACTED_TOKEN].js
FN:11,(anonymous_0)
FN:22,(anonymous_1)
FN:40,(anonymous_2)
FN:55,(anonymous_3)
FN:66,(anonymous_4)
FN:76,(anonymous_5)
FN:86,(anonymous_6)
FN:96,(anonymous_7)
FNF:8
FNH:0
FNDA:0,(anonymous_0)
FNDA:0,(anonymous_1)
FNDA:0,(anonymous_2)
FNDA:0,(anonymous_3)
FNDA:0,(anonymous_4)
FNDA:0,(anonymous_5)
FNDA:0,(anonymous_6)
FNDA:0,(anonymous_7)
DA:6,1
DA:7,1
DA:8,1
DA:11,1
DA:12,0
DA:13,0
DA:14,0
DA:15,0
DA:17,0
DA:22,1
DA:23,0
DA:24,0
DA:25,0
DA:33,0
DA:35,0
DA:40,1
DA:41,0
DA:42,0
DA:43,0
DA:48,0
DA:50,0
DA:55,1
DA:56,0
DA:57,0
DA:58,0
DA:59,0
DA:61,0
DA:66,1
DA:67,0
DA:68,0
DA:69,0
DA:71,0
DA:76,1
DA:77,0
DA:78,0
DA:79,0
DA:81,0
DA:86,1
DA:87,0
DA:88,0
DA:89,0
DA:91,0
DA:96,1
DA:97,0
DA:98,0
DA:99,0
DA:101,0
DA:105,1
LF:48
LH:12
BRDA:57,0,0,0
BRF:1
BRH:0
end_of_record
TN:
SF:src/controllers/[REDACTED_TOKEN].js
FN:11,(anonymous_0)
FN:21,(anonymous_1)
FN:27,(anonymous_2)
FN:33,(anonymous_3)
FN:39,(anonymous_4)
FN:45,(anonymous_5)
FN:56,(anonymous_6)
FNF:7
FNH:0
FNDA:0,(anonymous_0)
FNDA:0,(anonymous_1)
FNDA:0,(anonymous_2)
FNDA:0,(anonymous_3)
FNDA:0,(anonymous_4)
FNDA:0,(anonymous_5)
FNDA:0,(anonymous_6)
DA:6,1
DA:7,1
DA:8,1
DA:11,1
DA:12,0
DA:13,0
DA:14,0
DA:16,0
DA:21,1
DA:22,0
DA:23,0
DA:27,1
DA:28,0
DA:29,0
DA:33,1
DA:34,0
DA:35,0
DA:39,1
DA:40,0
DA:41,0
DA:45,1
DA:46,0
DA:47,0
DA:48,0
DA:49,0
DA:51,0
DA:56,1
DA:57,0
DA:58,0
DA:61,1
LF:30
LH:11
BRF:0
BRH:0
end_of_record
TN:
SF:src/controllers/[REDACTED_TOKEN].js
FN:11,(anonymous_0)
FN:30,(anonymous_1)
FN:36,(anonymous_2)
FN:43,(anonymous_3)
FN:49,(anonymous_4)
FN:55,(anonymous_5)
FNF:6
FNH:0
FNDA:0,(anonymous_0)
FNDA:0,(anonymous_1)
FNDA:0,(anonymous_2)
FNDA:0,(anonymous_3)
FNDA:0,(anonymous_4)
FNDA:0,(anonymous_5)
DA:6,1
DA:7,1
DA:8,1
DA:11,1
DA:12,0
DA:13,0
DA:14,0
DA:23,0
DA:25,0
DA:30,1
DA:31,0
DA:32,0
DA:36,1
DA:37,0
DA:38,0
DA:39,0
DA:43,1
DA:44,0
DA:45,0
DA:49,1
DA:50,0
DA:51,0
DA:55,1
DA:56,0
DA:57,0
DA:60,1
LF:26
LH:10
BRF:0
BRH:0
end_of_record
TN:
SF:src/controllers/ReferralController.js
FN:11,(anonymous_0)
FN:22,(anonymous_1)
FN:33,(anonymous_2)
FN:43,(anonymous_3)
FN:53,(anonymous_4)
FN:64,(anonymous_5)
FNF:6
FNH:0
FNDA:0,(anonymous_0)
FNDA:0,(anonymous_1)
FNDA:0,(anonymous_2)
FNDA:0,(anonymous_3)
FNDA:0,(anonymous_4)
FNDA:0,(anonymous_5)
DA:6,1
DA:7,1
DA:8,1
DA:11,1
DA:12,0
DA:13,0
DA:14,0
DA:15,0
DA:17,0
DA:22,1
DA:23,0
DA:24,0
DA:25,0
DA:26,0
DA:28,0
DA:33,1
DA:34,0
DA:35,0
DA:36,0
DA:38,0
DA:43,1
DA:44,0
DA:45,0
DA:46,0
DA:48,0
DA:53,1
DA:54,0
DA:55,0
DA:56,0
DA:57,0
DA:59,0
DA:64,1
DA:65,0
DA:66,0
DA:67,0
DA:68,0
DA:70,0
DA:74,1
LF:38
LH:10
BRDA:55,0,0,0
BRF:1
BRH:0
end_of_record
TN:
SF:src/controllers/ReportsController.js
FN:11,(anonymous_0)
FN:22,(anonymous_1)
FN:33,(anonymous_2)
FN:44,(anonymous_3)
FN:54,(anonymous_4)
FN:64,(anonymous_5)
FN:81,(anonymous_6)
FN:97,(anonymous_7)
FN:108,(anonymous_8)
FN:119,(anonymous_9)
FNF:10
FNH:0
FNDA:0,(anonymous_0)
FNDA:0,(anonymous_1)
FNDA:0,(anonymous_2)
FNDA:0,(anonymous_3)
FNDA:0,(anonymous_4)
FNDA:0,(anonymous_5)
FNDA:0,(anonymous_6)
FNDA:0,(anonymous_7)
FNDA:0,(anonymous_8)
FNDA:0,(anonymous_9)
DA:6,1
DA:7,1
DA:8,1
DA:11,1
DA:12,0
DA:13,0
DA:14,0
DA:15,0
DA:17,0
DA:22,1
DA:23,0
DA:24,0
DA:25,0
DA:26,0
DA:28,0
DA:33,1
DA:34,0
DA:35,0
DA:36,0
DA:37,0
DA:39,0
DA:44,1
DA:45,0
DA:46,0
DA:47,0
DA:49,0
DA:54,1
DA:55,0
DA:56,0
DA:57,0
DA:59,0
DA:64,1
DA:65,0
DA:66,0
DA:67,0
DA:74,0
DA:76,0
DA:81,1
DA:82,0
DA:83,0
DA:84,0
DA:90,0
DA:92,0
DA:97,1
DA:98,0
DA:99,0
DA:100,0
DA:101,0
DA:103,0
DA:108,1
DA:109,0
DA:110,0
DA:111,0
DA:112,0
DA:114,0
DA:119,1
DA:120,0
DA:121,0
DA:122,0
DA:129,0
DA:131,0
DA:135,1
LF:62
LH:14
BRDA:13,0,0,0
BRDA:99,1,0,0
BRDA:99,2,0,0
BRDA:110,3,0,0
BRF:4
BRH:0
end_of_record
TN:
SF:src/controllers/ReviewController.js
FN:19,(anonymous_0)
FN:80,(anonymous_1)
FN:137,(anonymous_2)
FN:160,(anonymous_3)
FN:176,(anonymous_4)
FNF:5
FNH:1
FNDA:9,(anonymous_0)
FNDA:0,(anonymous_1)
FNDA:0,(anonymous_2)
FNDA:0,(anonymous_3)
FNDA:0,(anonymous_4)
DA:7,2
DA:8,2
DA:9,2
DA:10,2
DA:11,2
DA:12,2
DA:13,2
DA:20,9
DA:21,9
DA:22,9
DA:25,9
DA:26,3
DA:27,3
DA:31,6
DA:34,0
DA:35,0
DA:38,0
DA:41,0
DA:42,0
DA:43,0
DA:44,0
DA:54,0
DA:57,0
DA:64,0
DA:65,0
DA:71,6
DA:72,6
DA:73,6
DA:81,0
DA:82,0
DA:83,0
DA:84,0
DA:86,0
DA:87,0
DA:88,0
DA:89,0
DA:90,0
DA:95,0
DA:96,0
DA:100,0
DA:101,0
DA:103,0
DA:111,0
DA:114,0
DA:117,0
DA:118,0
DA:128,0
DA:129,0
DA:130,0
DA:138,0
DA:139,0
DA:141,0
DA:146,0
DA:152,0
DA:160,0
DA:161,0
DA:164,0
DA:165,0
DA:167,0
DA:168,0
DA:169,0
DA:177,0
DA:178,0
DA:179,0
DA:180,0
DA:182,0
DA:184,0
DA:186,0
DA:187,0
DA:189,0
DA:190,0
DA:191,0
DA:196,2
LF:73
LH:18
BRDA:25,0,0,3
BRDA:25,0,1,6
BRDA:25,1,0,9
BRDA:25,1,1,8
BRDA:25,1,2,7
BRDA:25,1,3,7
BRDA:32,2,0,6
BRDA:32,2,1,2
BRDA:43,3,0,0
BRDA:43,3,1,0
BRDA:43,4,0,0
BRDA:43,4,1,0
BRDA:46,5,0,0
BRDA:46,5,1,0
BRDA:51,6,0,0
BRDA:51,6,1,0
BRDA:83,7,0,0
BRDA:83,8,0,0
BRDA:83,9,0,0
BRDA:87,10,0,0
BRDA:87,10,1,0
BRDA:89,11,0,0
BRDA:89,11,1,0
BRDA:100,12,0,0
BRDA:100,12,1,0
BRDA:153,13,0,0
BRDA:153,13,1,0
BRF:27
BRH:8
end_of_record
TN:
SF:src/controllers/[REDACTED_TOKEN].js
FN:16,(anonymous_0)
FN:26,(anonymous_1)
FN:44,(anonymous_2)
FN:54,(anonymous_3)
FN:64,(anonymous_4)
FN:75,(anonymous_5)
FN:86,(anonymous_6)
FN:96,(anonymous_7)
FNF:8
FNH:0
FNDA:0,(anonymous_0)
FNDA:0,(anonymous_1)
FNDA:0,(anonymous_2)
FNDA:0,(anonymous_3)
FNDA:0,(anonymous_4)
FNDA:0,(anonymous_5)
FNDA:0,(anonymous_6)
FNDA:0,(anonymous_7)
DA:6,1
DA:7,1
DA:8,1
DA:9,1
DA:12,1
DA:13,1
DA:17,0
DA:18,0
DA:20,0
DA:26,1
DA:27,0
DA:28,0
DA:29,0
DA:36,0
DA:37,0
DA:39,0
DA:44,1
DA:45,0
DA:46,0
DA:47,0
DA:49,0
DA:54,1
DA:55,0
DA:56,0
DA:57,0
DA:59,0
DA:64,1
DA:65,0
DA:66,0
DA:67,0
DA:68,0
DA:70,0
DA:75,1
DA:76,0
DA:77,0
DA:78,0
DA:79,0
DA:81,0
DA:86,1
DA:87,0
DA:88,0
DA:89,0
DA:91,0
DA:96,1
DA:97,0
DA:98,0
DA:99,0
DA:101,0
DA:105,1
LF:49
LH:14
BRDA:17,0,0,0
BRDA:17,0,1,0
BRDA:77,1,0,0
BRF:3
BRH:0
end_of_record
TN:
SF:src/controllers/[REDACTED_TOKEN].js
FN:11,(anonymous_0)
FN:29,(anonymous_1)
FN:40,(anonymous_2)
FN:55,(anonymous_3)
FN:74,(anonymous_4)
FN:84,(anonymous_5)
FN:95,(anonymous_6)
FN:106,(anonymous_7)
FNF:8
FNH:0
FNDA:0,(anonymous_0)
FNDA:0,(anonymous_1)
FNDA:0,(anonymous_2)
FNDA:0,(anonymous_3)
FNDA:0,(anonymous_4)
FNDA:0,(anonymous_5)
FNDA:0,(anonymous_6)
FNDA:0,(anonymous_7)
DA:6,1
DA:7,1
DA:8,1
DA:11,1
DA:12,0
DA:13,0
DA:14,0
DA:22,0
DA:24,0
DA:29,1
DA:30,0
DA:31,0
DA:32,0
DA:33,0
DA:35,0
DA:40,1
DA:41,0
DA:42,0
DA:47,0
DA:48,0
DA:50,0
DA:55,1
DA:56,0
DA:57,0
DA:58,0
DA:67,0
DA:69,0
DA:74,1
DA:75,0
DA:76,0
DA:77,0
DA:79,0
DA:84,1
DA:85,0
DA:86,0
DA:87,0
DA:88,0
DA:90,0
DA:95,1
DA:96,0
DA:97,0
DA:98,0
DA:99,0
DA:101,0
DA:106,1
DA:107,0
DA:108,0
DA:109,0
DA:111,0
DA:115,1
LF:50
LH:12
BRDA:87,0,0,0
BRDA:87,0,1,0
BRDA:98,1,0,0
BRDA:98,1,1,0
BRF:4
BRH:0
end_of_record
TN:
SF:src/controllers/SearchController.js
FN:11,(anonymous_0)
FN:25,(anonymous_1)
FN:32,(anonymous_2)
FN:38,(anonymous_3)
FN:44,(anonymous_4)
FN:51,(anonymous_5)
FN:57,(anonymous_6)
FNF:7
FNH:0
FNDA:0,(anonymous_0)
FNDA:0,(anonymous_1)
FNDA:0,(anonymous_2)
FNDA:0,(anonymous_3)
FNDA:0,(anonymous_4)
FNDA:0,(anonymous_5)
FNDA:0,(anonymous_6)
DA:6,1
DA:7,1
DA:8,1
DA:11,1
DA:12,0
DA:13,0
DA:14,0
DA:18,0
DA:20,0
DA:25,1
DA:26,0
DA:27,0
DA:28,0
DA:32,1
DA:33,0
DA:34,0
DA:38,1
DA:39,0
DA:40,0
DA:44,1
DA:45,0
DA:46,0
DA:47,0
DA:51,1
DA:52,0
DA:53,0
DA:57,1
DA:58,0
DA:59,0
DA:60,0
DA:63,1
LF:31
LH:11
BRDA:27,0,0,0
BRDA:27,0,1,0
BRDA:46,1,0,0
BRDA:46,1,1,0
BRF:4
BRH:0
end_of_record
TN:
SF:src/controllers/[REDACTED_TOKEN].js
FN:11,(anonymous_0)
FN:22,(anonymous_1)
FN:33,(anonymous_2)
FN:43,(anonymous_3)
FN:58,(anonymous_4)
FN:72,(anonymous_5)
FN:83,(anonymous_6)
FN:93,(anonymous_7)
FNF:8
FNH:0
FNDA:0,(anonymous_0)
FNDA:0,(anonymous_1)
FNDA:0,(anonymous_2)
FNDA:0,(anonymous_3)
FNDA:0,(anonymous_4)
FNDA:0,(anonymous_5)
FNDA:0,(anonymous_6)
FNDA:0,(anonymous_7)
DA:6,1
DA:7,1
DA:8,1
DA:11,1
DA:12,0
DA:13,0
DA:14,0
DA:15,0
DA:17,0
DA:22,1
DA:23,0
DA:24,0
DA:25,0
DA:26,0
DA:28,0
DA:33,1
DA:34,0
DA:35,0
DA:36,0
DA:38,0
DA:43,1
DA:44,0
DA:45,0
DA:46,0
DA:51,0
DA:53,0
DA:58,1
DA:59,0
DA:60,0
DA:61,0
DA:65,0
DA:67,0
DA:72,1
DA:73,0
DA:74,0
DA:75,0
DA:76,0
DA:78,0
DA:83,1
DA:84,0
DA:85,0
DA:86,0
DA:88,0
DA:93,1
DA:94,0
DA:95,0
DA:96,0
DA:98,0
DA:102,1
LF:49
LH:12
BRDA:60,0,0,0
BRDA:74,1,0,0
BRF:2
BRH:0
end_of_record
TN:
SF:src/controllers/[REDACTED_TOKEN].js
FN:15,(anonymous_0)
FN:29,(anonymous_1)
FN:86,(anonymous_2)
FN:93,(anonymous_3)
FN:146,(anonymous_4)
FN:151,(anonymous_5)
FN:191,(anonymous_6)
FN:217,(anonymous_7)
FN:222,(anonymous_8)
FN:248,(anonymous_9)
FN:271,(anonymous_10)
FN:308,(anonymous_11)
FN:314,(anonymous_12)
FN:340,(anonymous_13)
FNF:14
FNH:0
FNDA:0,(anonymous_0)
FNDA:0,(anonymous_1)
FNDA:0,(anonymous_2)
FNDA:0,(anonymous_3)
FNDA:0,(anonymous_4)
FNDA:0,(anonymous_5)
FNDA:0,(anonymous_6)
FNDA:0,(anonymous_7)
FNDA:0,(anonymous_8)
FNDA:0,(anonymous_9)
FNDA:0,(anonymous_10)
FNDA:0,(anonymous_11)
FNDA:0,(anonymous_12)
FNDA:0,(anonymous_13)
DA:7,1
DA:8,1
DA:16,0
DA:17,0
DA:19,0
DA:20,0
DA:26,0
DA:29,0
DA:30,0
DA:87,0
DA:88,0
DA:93,0
DA:94,0
DA:95,0
DA:96,0
DA:97,0
DA:101,0
DA:106,0
DA:120,0
DA:134,0
DA:135,0
DA:147,0
DA:148,0
DA:149,0
DA:151,0
DA:152,0
DA:192,0
DA:193,0
DA:197,0
DA:198,0
DA:201,0
DA:208,0
DA:209,0
DA:218,0
DA:219,0
DA:220,0
DA:222,0
DA:223,0
DA:249,0
DA:250,0
DA:254,0
DA:262,0
DA:263,0
DA:272,0
DA:273,0
DA:274,0
DA:276,0
DA:277,0
DA:285,0
DA:287,0
DA:299,0
DA:300,0
DA:309,0
DA:310,0
DA:311,0
DA:314,0
DA:315,0
DA:341,0
DA:342,0
DA:346,0
DA:354,0
DA:355,0
DA:360,1
LF:63
LH:3
BRDA:17,0,0,0
BRDA:17,1,0,0
BRDA:19,2,0,0
BRDA:19,2,1,0
BRDA:19,3,0,0
BRDA:19,3,1,0
BRDA:87,4,0,0
BRDA:87,4,1,0
BRDA:88,5,0,0
BRDA:88,5,1,0
BRDA:110,6,0,0
BRDA:110,6,1,0
BRDA:111,7,0,0
BRDA:111,7,1,0
BRDA:112,8,0,0
BRDA:112,8,1,0
BRDA:114,9,0,0
BRDA:114,9,1,0
BRDA:115,10,0,0
BRDA:115,10,1,0
BRDA:126,11,0,0
BRDA:126,11,1,0
BRDA:192,12,0,0
BRDA:192,12,1,0
BRDA:197,13,0,0
BRDA:197,13,1,0
BRDA:249,14,0,0
BRDA:249,14,1,0
BRDA:250,15,0,0
BRDA:250,15,1,0
BRDA:274,16,0,0
BRDA:274,17,0,0
BRDA:276,18,0,0
BRDA:276,18,1,0
BRDA:294,19,0,0
BRDA:294,19,1,0
BRDA:341,20,0,0
BRDA:341,20,1,0
BRDA:342,21,0,0
BRDA:342,21,1,0
BRDA:349,22,0,0
BRDA:349,22,1,0
BRF:42
BRH:0
end_of_record
TN:
SF:src/controllers/StaffController.js
FN:12,(anonymous_0)
FN:111,(anonymous_1)
FN:173,(anonymous_2)
FN:202,(anonymous_3)
FN:235,(anonymous_4)
FN:263,(anonymous_5)
FNF:6
FNH:0
FNDA:0,(anonymous_0)
FNDA:0,(anonymous_1)
FNDA:0,(anonymous_2)
FNDA:0,(anonymous_3)
FNDA:0,(anonymous_4)
FNDA:0,(anonymous_5)
DA:6,2
DA:13,0
DA:14,0
DA:15,0
DA:17,0
DA:20,0
DA:29,0
DA:30,0
DA:33,0
DA:43,0
DA:44,0
DA:47,0
DA:68,0
DA:69,0
DA:72,0
DA:89,0
DA:90,0
DA:93,0
DA:98,0
DA:99,0
DA:101,0
DA:103,0
DA:104,0
DA:112,0
DA:113,0
DA:114,0
DA:116,0
DA:118,0
DA:138,0
DA:139,0
DA:141,0
DA:142,0
DA:143,0
DA:144,0
DA:147,0
DA:148,0
DA:149,0
DA:150,0
DA:153,0
DA:154,0
DA:155,0
DA:156,0
DA:159,0
DA:160,0
DA:162,0
DA:163,0
DA:165,0
DA:166,0
DA:174,0
DA:175,0
DA:176,0
DA:178,0
DA:191,0
DA:192,0
DA:194,0
DA:195,0
DA:203,0
DA:204,0
DA:205,0
DA:208,0
DA:211,0
DA:213,0
DA:214,0
DA:217,0
DA:224,0
DA:225,0
DA:227,0
DA:228,0
DA:236,0
DA:237,0
DA:238,0
DA:240,0
DA:247,0
DA:249,0
DA:250,0
DA:253,0
DA:255,0
DA:256,0
DA:264,0
DA:265,0
DA:266,0
DA:267,0
DA:269,0
DA:282,0
DA:283,0
DA:285,0
DA:286,0
DA:287,0
DA:288,0
DA:291,0
DA:292,0
DA:293,0
DA:294,0
DA:297,0
DA:298,0
DA:300,0
DA:301,0
DA:306,2
LF:98
LH:2
BRDA:14,0,0,0
BRDA:14,0,1,0
BRDA:15,1,0,0
BRDA:15,1,1,0
BRDA:113,2,0,0
BRDA:113,2,1,0
BRDA:114,3,0,0
BRDA:114,4,0,0
BRDA:116,5,0,0
BRDA:116,5,1,0
BRDA:141,6,0,0
BRDA:141,6,1,0
BRDA:147,7,0,0
BRDA:147,7,1,0
BRDA:153,8,0,0
BRDA:153,8,1,0
BRDA:175,9,0,0
BRDA:175,9,1,0
BRDA:176,10,0,0
BRDA:176,10,1,0
BRDA:213,11,0,0
BRDA:213,11,1,0
BRDA:213,12,0,0
BRDA:213,12,1,0
BRDA:249,13,0,0
BRDA:249,13,1,0
BRDA:265,14,0,0
BRDA:265,14,1,0
BRDA:266,15,0,0
BRDA:266,15,1,0
BRDA:285,16,0,0
BRDA:285,16,1,0
BRDA:291,17,0,0
BRDA:291,17,1,0
BRF:34
BRH:0
end_of_record
TN:
SF:src/controllers/WebhookController.js
FN:38,(anonymous_0)
FN:73,(anonymous_1)
FN:102,(anonymous_2)
FN:134,(anonymous_3)
FN:162,(anonymous_4)
FN:194,(anonymous_5)
FN:226,(anonymous_6)
FN:251,(anonymous_7)
FN:276,(anonymous_8)
FNF:9
FNH:0
FNDA:0,(anonymous_0)
FNDA:0,(anonymous_1)
FNDA:0,(anonymous_2)
FNDA:0,(anonymous_3)
FNDA:0,(anonymous_4)
FNDA:0,(anonymous_5)
FNDA:0,(anonymous_6)
FNDA:0,(anonymous_7)
FNDA:0,(anonymous_8)
DA:6,1
DA:7,1
DA:8,1
DA:10,1
DA:38,1
DA:39,0
DA:40,0
DA:41,0
DA:43,0
DA:44,0
DA:47,0
DA:53,0
DA:55,0
DA:56,0
DA:73,1
DA:74,0
DA:75,0
DA:76,0
DA:78,0
DA:80,0
DA:81,0
DA:102,1
DA:103,0
DA:104,0
DA:106,0
DA:107,0
DA:110,0
DA:112,0
DA:113,0
DA:134,1
DA:135,0
DA:136,0
DA:138,0
DA:140,0
DA:141,0
DA:162,1
DA:163,0
DA:164,0
DA:166,0
DA:167,0
DA:170,0
DA:172,0
DA:173,0
DA:194,1
DA:195,0
DA:196,0
DA:198,0
DA:200,0
DA:201,0
DA:226,1
DA:227,0
DA:228,0
DA:229,0
DA:231,0
DA:233,0
DA:234,0
DA:251,1
DA:252,0
DA:253,0
DA:254,0
DA:256,0
DA:258,0
DA:259,0
DA:276,1
DA:277,0
DA:278,0
DA:280,0
DA:282,0
DA:283,0
DA:287,1
LF:70
LH:14
BRDA:43,0,0,0
BRDA:43,0,1,0
BRDA:49,1,0,0
BRDA:49,1,1,0
BRDA:50,2,0,0
BRDA:50,2,1,0
BRDA:106,3,0,0
BRDA:106,3,1,0
BRDA:166,4,0,0
BRDA:166,4,1,0
BRDA:228,5,0,0
BRDA:228,5,1,0
BRDA:253,6,0,0
BRDA:253,6,1,0
BRF:14
BRH:0
end_of_record
TN:
SF:src/database/migrations/[REDACTED_TOKEN].js
FN:101,(anonymous_0)
FNF:1
FNH:0
FNDA:0,(anonymous_0)
DA:8,0
DA:35,0
DA:53,0
DA:76,0
DA:96,0
DA:102,0
DA:103,0
DA:104,0
DA:105,0
DA:106,0
DA:108,0
DA:109,0
LF:12
LH:0
BRF:0
BRH:0
end_of_record
TN:
SF:src/db/ensureSchema.js
FN:5,ensureSchema
FN:22,(anonymous_1)
FNF:2
FNH:0
FNDA:0,ensureSchema
FNDA:0,(anonymous_1)
DA:1,1
DA:2,1
DA:3,1
DA:7,0
DA:9,0
DA:11,0
DA:14,0
DA:15,0
DA:16,0
DA:17,0
DA:21,0
DA:22,0
DA:23,0
DA:24,0
DA:25,0
DA:26,0
DA:29,0
DA:32,0
DA:36,0
DA:37,0
DA:39,0
DA:40,0
DA:45,1
LF:23
LH:4
BRDA:15,0,0,0
BRDA:15,0,1,0
BRDA:15,1,0,0
BRDA:15,1,1,0
BRDA:22,2,0,0
BRDA:22,2,1,0
BRDA:23,3,0,0
BRDA:23,3,1,0
BRDA:39,4,0,0
BRDA:39,4,1,0
BRDA:39,5,0,0
BRDA:39,5,1,0
BRF:12
BRH:0
end_of_record
TN:
SF:src/db/factory.js
FN:13,initializeDB
FN:40,getDB
FN:50,closeDB
FNF:3
FNH:3
FNDA:22,initializeDB
FNDA:4,getDB
FNDA:6,closeDB
DA:6,8
DA:8,8
DA:14,22
DA:15,22
DA:17,22
DA:18,8
DA:19,8
DA:20,8
DA:21,6
DA:22,6
DA:23,6
DA:25,2
DA:26,2
DA:27,2
DA:28,2
DA:31,14
DA:32,14
DA:33,14
DA:41,4
DA:42,2
DA:44,2
DA:51,6
DA:52,4
DA:54,6
DA:57,8
LF:25
LH:25
BRDA:17,0,0,8
BRDA:17,0,1,14
BRDA:17,1,0,22
BRDA:17,1,1,15
BRDA:17,1,2,5
BRDA:41,2,0,2
BRDA:41,2,1,2
BRDA:51,3,0,4
BRDA:51,3,1,2
BRF:9
BRH:9
end_of_record
TN:
SF:src/db/postgres.js
FN:14,initializePool
FN:33,(anonymous_1)
FN:48,query
FN:64,queryOne
FN:72,execute
FN:91,getPool
FN:105,closePool
FN:116,healthCheck
FNF:8
FNH:0
FNDA:0,initializePool
FNDA:0,(anonymous_1)
FNDA:0,query
FNDA:0,queryOne
FNDA:0,execute
FNDA:0,getPool
FNDA:0,closePool
FNDA:0,healthCheck
DA:6,0
DA:7,0
DA:9,0
DA:15,0
DA:17,0
DA:19,0
DA:20,0
DA:21,0
DA:24,0
DA:25,0
DA:33,0
DA:34,0
DA:37,0
DA:38,0
DA:40,0
DA:41,0
DA:49,0
DA:50,0
DA:51,0
DA:52,0
DA:54,0
DA:55,0
DA:57,0
DA:65,0
DA:66,0
DA:73,0
DA:74,0
DA:75,0
DA:76,0
DA:81,0
DA:82,0
DA:84,0
DA:92,0
DA:93,0
DA:94,0
DA:95,0
DA:97,0
DA:99,0
DA:106,0
DA:107,0
DA:108,0
DA:109,0
DA:117,0
DA:118,0
DA:119,0
DA:121,0
DA:125,0
LF:47
LH:0
BRDA:15,0,0,0
BRDA:15,0,1,0
BRDA:17,1,0,0
BRDA:17,1,1,0
BRDA:19,2,0,0
BRDA:19,2,1,0
BRDA:27,3,0,0
BRDA:27,3,1,0
BRDA:48,4,0,0
BRDA:64,5,0,0
BRDA:66,6,0,0
BRDA:66,6,1,0
BRDA:72,7,0,0
BRDA:92,8,0,0
BRDA:92,8,1,0
BRDA:94,9,0,0
BRDA:94,9,1,0
BRDA:106,10,0,0
BRDA:106,10,1,0
BRF:19
BRH:0
end_of_record
TN:
SF:src/db/runMigrations.js
FN:7,runMigrations
FN:16,(anonymous_1)
FN:17,(anonymous_2)
FN:42,(anonymous_3)
FNF:4
FNH:0
FNDA:0,runMigrations
FNDA:0,(anonymous_1)
FNDA:0,(anonymous_2)
FNDA:0,(anonymous_3)
DA:1,2
DA:2,2
DA:3,2
DA:5,2
DA:8,0
DA:10,0
DA:11,0
DA:14,0
DA:16,0
DA:17,0
DA:19,0
DA:20,0
DA:21,0
DA:24,0
DA:25,0
DA:31,0
DA:33,0
DA:34,0
DA:38,2
DA:41,2
DA:42,0
DA:43,0
DA:44,0
LF:23
LH:6
BRDA:17,0,0,0
BRDA:17,0,1,0
BRDA:24,1,0,0
BRDA:24,1,1,0
BRDA:41,2,0,0
BRDA:41,2,1,2
BRF:6
BRH:1
end_of_record
TN:
SF:src/db/seed.js
FN:4,runSeed
FN:65,(anonymous_1)
FNF:2
FNH:0
FNDA:0,runSeed
FNDA:0,(anonymous_1)
DA:1,0
DA:2,0
DA:5,0
DA:8,0
DA:9,0
DA:20,0
DA:21,0
DA:32,0
DA:33,0
DA:44,0
DA:52,0
DA:61,0
DA:65,0
DA:67,0
LF:14
LH:0
BRDA:65,0,0,0
BRDA:65,0,1,0
BRF:2
BRH:0
end_of_record
TN:
SF:src/db/sqlite.js
FN:14,(anonymous_0)
FN:19,ensureDir
FN:24,promisifyDb
FN:26,(anonymous_3)
FN:27,(anonymous_4)
FN:28,(anonymous_5)
FN:34,(anonymous_6)
FN:35,(anonymous_7)
FN:36,(anonymous_8)
FN:42,(anonymous_9)
FN:43,(anonymous_10)
FN:44,(anonymous_11)
FN:50,(anonymous_12)
FN:51,(anonymous_13)
FN:52,(anonymous_14)
FN:58,(anonymous_15)
FN:59,(anonymous_16)
FN:60,(anonymous_17)
FN:66,getDb
FNF:19
FNH:13
FNDA:12,(anonymous_0)
FNDA:17,ensureDir
FNDA:17,promisifyDb
FNDA:11,(anonymous_3)
FNDA:11,(anonymous_4)
FNDA:11,(anonymous_5)
FNDA:3,(anonymous_6)
FNDA:3,(anonymous_7)
FNDA:3,(anonymous_8)
FNDA:0,(anonymous_9)
FNDA:0,(anonymous_10)
FNDA:0,(anonymous_11)
FNDA:0,(anonymous_12)
FNDA:0,(anonymous_13)
FNDA:0,(anonymous_14)
FNDA:17,(anonymous_15)
FNDA:17,(anonymous_16)
FNDA:17,(anonymous_17)
FNDA:17,getDb
DA:1,12
DA:2,12
DA:3,12
DA:6,12
DA:14,12
DA:15,12
DA:16,0
DA:20,17
DA:21,17
DA:25,17
DA:27,11
DA:28,11
DA:29,11
DA:30,0
DA:35,3
DA:36,3
DA:37,3
DA:38,0
DA:43,0
DA:44,0
DA:45,0
DA:46,0
DA:51,0
DA:52,0
DA:53,0
DA:54,0
DA:59,17
DA:60,17
DA:67,17
DA:68,17
DA:69,17
DA:72,17
DA:75,12
LF:33
LH:22
BRDA:15,0,0,0
BRDA:15,0,1,12
BRDA:21,1,0,0
BRDA:21,1,1,17
BRDA:29,2,0,11
BRDA:29,2,1,0
BRDA:37,3,0,3
BRDA:37,3,1,0
BRDA:45,4,0,0
BRDA:45,4,1,0
BRDA:53,5,0,0
BRDA:53,5,1,0
BRDA:60,6,0,0
BRDA:60,6,1,17
BRF:14
BRH:5
end_of_record
TN:
SF:src/middleware/auth.js
FN:20,(anonymous_0)
FN:29,(anonymous_1)
FN:37,(anonymous_2)
FN:78,(anonymous_3)
FN:79,(anonymous_4)
FN:88,(anonymous_5)
FNF:6
FNH:3
FNDA:0,(anonymous_0)
FNDA:0,(anonymous_1)
FNDA:17,(anonymous_2)
FNDA:69,(anonymous_3)
FNDA:2,(anonymous_4)
FNDA:0,(anonymous_5)
DA:6,1
DA:7,1
DA:10,1
DA:11,1
DA:14,1
DA:15,0
DA:16,0
DA:20,1
DA:21,0
DA:29,1
DA:30,0
DA:37,1
DA:38,17
DA:39,17
DA:41,17
DA:42,12
DA:46,5
DA:47,5
DA:55,5
DA:56,0
DA:57,0
DA:61,5
DA:63,5
DA:64,3
DA:65,3
DA:67,2
DA:68,1
DA:71,1
DA:78,1
DA:79,69
DA:80,2
DA:81,1
DA:83,1
DA:88,1
DA:89,0
DA:90,0
DA:93,1
DA:102,1
DA:103,1
LF:39
LH:31
BRDA:10,0,0,1
BRDA:10,0,1,0
BRDA:11,1,0,1
BRDA:11,1,1,0
BRDA:14,2,0,0
BRDA:14,2,1,1
BRDA:14,3,0,1
BRDA:14,3,1,0
BRDA:14,3,2,0
BRDA:20,4,0,0
BRDA:39,5,0,17
BRDA:39,5,1,7
BRDA:41,6,0,12
BRDA:41,6,1,5
BRDA:46,7,0,5
BRDA:46,7,1,0
BRDA:55,8,0,0
BRDA:55,8,1,5
BRDA:67,9,0,1
BRDA:67,9,1,1
BRDA:80,10,0,1
BRDA:80,10,1,1
BRDA:80,11,0,2
BRDA:80,11,1,2
BRDA:89,12,0,0
BRDA:89,12,1,0
BRF:26
BRH:16
end_of_record
TN:
SF:src/middleware/cacheMiddleware.js
FN:16,(anonymous_0)
FN:17,(anonymous_1)
FN:42,(anonymous_2)
FN:44,(anonymous_3)
FN:58,(anonymous_4)
FN:59,(anonymous_5)
FN:63,(anonymous_6)
FN:66,(anonymous_7)
FN:67,(anonymous_8)
FN:83,(anonymous_9)
FN:100,(anonymous_10)
FN:118,(anonymous_11)
FN:120,(anonymous_12)
FNF:13
FNH:0
FNDA:0,(anonymous_0)
FNDA:0,(anonymous_1)
FNDA:0,(anonymous_2)
FNDA:0,(anonymous_3)
FNDA:0,(anonymous_4)
FNDA:0,(anonymous_5)
FNDA:0,(anonymous_6)
FNDA:0,(anonymous_7)
FNDA:0,(anonymous_8)
FNDA:0,(anonymous_9)
FNDA:0,(anonymous_10)
FNDA:0,(anonymous_11)
FNDA:0,(anonymous_12)
DA:10,0
DA:11,0
DA:16,0
DA:17,0
DA:19,0
DA:20,0
DA:24,0
DA:26,0
DA:28,0
DA:30,0
DA:31,0
DA:32,0
DA:35,0
DA:40,0
DA:42,0
DA:44,0
DA:45,0
DA:48,0
DA:51,0
DA:58,0
DA:59,0
DA:61,0
DA:63,0
DA:65,0
DA:66,0
DA:67,0
DA:68,0
DA:73,0
DA:76,0
DA:83,0
DA:84,0
DA:86,0
DA:87,0
DA:88,0
DA:89,0
DA:91,0
DA:94,0
DA:100,0
DA:101,0
DA:102,0
DA:105,0
DA:107,0
DA:108,0
DA:109,0
DA:110,0
DA:113,0
DA:116,0
DA:118,0
DA:120,0
DA:121,0
DA:124,0
DA:127,0
DA:130,0
LF:53
LH:0
BRDA:16,0,0,0
BRDA:19,1,0,0
BRDA:19,1,1,0
BRDA:24,2,0,0
BRDA:24,2,1,0
BRDA:30,3,0,0
BRDA:30,3,1,0
BRDA:58,4,0,0
BRDA:65,5,0,0
BRDA:65,5,1,0
BRDA:65,6,0,0
BRDA:65,6,1,0
BRDA:84,7,0,0
BRDA:84,7,1,0
BRDA:88,8,0,0
BRDA:88,8,1,0
BRDA:101,9,0,0
BRDA:101,9,1,0
BRDA:109,10,0,0
BRDA:109,10,1,0
BRF:20
BRH:0
end_of_record
TN:
SF:src/middleware/cdnMiddleware.js
FN:11,cdnCacheHeaders
FN:41,enableCompression
FN:56,[REDACTED_TOKEN]
FN:69,logAssetDownload
FN:72,(anonymous_4)
FN:92,serveOptimizedAsset
FN:113,generateAssetETag
FN:116,(anonymous_7)
FNF:8
FNH:0
FNDA:0,cdnCacheHeaders
FNDA:0,enableCompression
FNDA:0,[REDACTED_TOKEN]
FNDA:0,logAssetDownload
FNDA:0,(anonymous_4)
FNDA:0,serveOptimizedAsset
FNDA:0,generateAssetETag
FNDA:0,(anonymous_7)
DA:6,0
DA:13,0
DA:15,0
DA:17,0
DA:21,0
DA:23,0
DA:27,0
DA:29,0
DA:35,0
DA:43,0
DA:46,0
DA:47,0
DA:50,0
DA:57,0
DA:63,0
DA:70,0
DA:72,0
DA:73,0
DA:82,0
DA:85,0
DA:93,0
DA:95,0
DA:99,0
DA:107,0
DA:114,0
DA:116,0
DA:117,0
DA:119,0
DA:120,0
DA:125,0
DA:128,0
DA:131,0
DA:134,0
LF:33
LH:0
BRDA:15,0,0,0
BRDA:15,0,1,0
BRDA:21,1,0,0
BRDA:21,1,1,0
BRDA:27,2,0,0
BRDA:27,2,1,0
BRDA:46,3,0,0
BRDA:46,3,1,0
BRDA:95,4,0,0
BRDA:95,4,1,0
BRDA:95,5,0,0
BRDA:95,5,1,0
BRDA:117,6,0,0
BRDA:117,6,1,0
BRDA:117,7,0,0
BRDA:117,7,1,0
BRF:16
BRH:0
end_of_record
TN:
SF:src/middleware/csrf.js
FN:10,initCsrf
FN:14,(anonymous_1)
FN:16,(anonymous_2)
FN:43,(anonymous_3)
FNF:4
FNH:3
FNDA:1,initCsrf
FNDA:17,(anonymous_1)
FNDA:8,(anonymous_2)
FNDA:0,(anonymous_3)
DA:5,1
DA:6,1
DA:8,1
DA:11,1
DA:14,1
DA:15,17
DA:16,8
DA:17,8
DA:19,0
DA:20,0
DA:22,8
DA:23,8
DA:24,8
DA:31,0
DA:33,8
DA:38,9
DA:40,9
DA:41,9
DA:43,0
DA:44,0
DA:46,0
DA:48,0
DA:49,0
DA:52,0
DA:56,0
DA:60,1
LF:26
LH:16
BRDA:15,0,0,8
BRDA:15,0,1,9
BRDA:17,1,0,0
BRDA:17,1,1,8
BRDA:38,2,0,9
BRDA:38,2,1,0
BRDA:40,3,0,9
BRDA:40,3,1,0
BRDA:40,4,0,9
BRDA:40,4,1,0
BRDA:44,5,0,0
BRDA:44,5,1,0
BRDA:48,6,0,0
BRDA:48,6,1,0
BRF:14
BRH:6
end_of_record
TN:
SF:src/middleware/databaseMiddleware.js
FN:12,[REDACTED_TOKEN]
FN:13,(anonymous_1)
FN:21,(anonymous_2)
FN:23,(anonymous_3)
FN:33,(anonymous_4)
FN:35,(anonymous_5)
FN:45,(anonymous_6)
FN:47,(anonymous_7)
FN:63,logPreparedQueries
FN:77,[REDACTED_TOKEN]
FN:78,(anonymous_10)
FN:93,(anonymous_11)
FN:106,[REDACTED_TOKEN]
FN:107,(anonymous_13)
FNF:14
FNH:0
FNDA:0,[REDACTED_TOKEN]
FNDA:0,(anonymous_1)
FNDA:0,(anonymous_2)
FNDA:0,(anonymous_3)
FNDA:0,(anonymous_4)
FNDA:0,(anonymous_5)
FNDA:0,(anonymous_6)
FNDA:0,(anonymous_7)
FNDA:0,logPreparedQueries
FNDA:0,[REDACTED_TOKEN]
FNDA:0,(anonymous_10)
FNDA:0,(anonymous_11)
FNDA:0,[REDACTED_TOKEN]
FNDA:0,(anonymous_13)
DA:6,0
DA:7,0
DA:13,0
DA:15,0
DA:16,0
DA:17,0
DA:18,0
DA:20,0
DA:21,0
DA:22,0
DA:23,0
DA:24,0
DA:25,0
DA:26,0
DA:28,0
DA:32,0
DA:33,0
DA:34,0
DA:35,0
DA:36,0
DA:37,0
DA:38,0
DA:40,0
DA:44,0
DA:45,0
DA:46,0
DA:47,0
DA:48,0
DA:49,0
DA:50,0
DA:52,0
DA:56,0
DA:64,0
DA:65,0
DA:71,0
DA:78,0
DA:79,0
DA:80,0
DA:83,0
DA:84,0
DA:86,0
DA:87,0
DA:88,0
DA:92,0
DA:93,0
DA:94,0
DA:95,0
DA:96,0
DA:99,0
DA:107,0
DA:109,0
DA:117,0
DA:118,0
DA:123,0
DA:127,0
LF:55
LH:0
BRDA:20,0,0,0
BRDA:20,0,1,0
BRDA:26,1,0,0
BRDA:26,1,1,0
BRDA:32,2,0,0
BRDA:32,2,1,0
BRDA:38,3,0,0
BRDA:38,3,1,0
BRDA:44,4,0,0
BRDA:44,4,1,0
BRDA:50,5,0,0
BRDA:50,5,1,0
BRDA:64,6,0,0
BRDA:64,6,1,0
BRDA:79,7,0,0
BRDA:79,7,1,0
BRDA:79,8,0,0
BRDA:79,8,1,0
BRDA:86,9,0,0
BRDA:86,9,1,0
BRDA:117,10,0,0
BRDA:117,10,1,0
BRF:22
BRH:0
end_of_record
TN:
SF:src/middleware/[REDACTED_TOKEN].js
FN:12,[REDACTED_TOKEN]
FN:17,(anonymous_1)
FN:21,(anonymous_2)
FN:39,[REDACTED_TOKEN]
FN:66,logCryptoOperation
FN:69,(anonymous_5)
FN:87,cryptoRateLimit
FN:110,[REDACTED_TOKEN]
FNF:8
FNH:0
FNDA:0,[REDACTED_TOKEN]
FNDA:0,(anonymous_1)
FNDA:0,(anonymous_2)
FNDA:0,[REDACTED_TOKEN]
FNDA:0,logCryptoOperation
FNDA:0,(anonymous_5)
FNDA:0,cryptoRateLimit
FNDA:0,[REDACTED_TOKEN]
DA:6,0
DA:7,0
DA:14,0
DA:17,0
DA:19,0
DA:21,0
DA:22,0
DA:23,0
DA:25,0
DA:30,0
DA:33,0
DA:41,0
DA:45,0
DA:46,0
DA:52,0
DA:53,0
DA:59,0
DA:60,0
DA:67,0
DA:69,0
DA:70,0
DA:71,0
DA:78,0
DA:81,0
DA:88,0
DA:89,0
DA:90,0
DA:104,0
DA:111,0
DA:112,0
DA:116,0
DA:119,0
LF:32
LH:0
BRDA:19,0,0,0
BRDA:19,0,1,0
BRDA:19,1,0,0
BRDA:19,1,1,0
BRDA:19,1,2,0
BRDA:22,2,0,0
BRDA:22,2,1,0
BRDA:22,3,0,0
BRDA:22,3,1,0
BRDA:41,4,0,0
BRDA:41,4,1,0
BRDA:41,4,2,0
BRDA:45,5,0,0
BRDA:45,5,1,0
BRDA:52,6,0,0
BRDA:52,6,1,0
BRDA:70,7,0,0
BRDA:70,7,1,0
BRDA:89,8,0,0
BRDA:89,8,1,0
BRDA:111,9,0,0
BRDA:111,9,1,0
BRDA:111,10,0,0
BRDA:111,10,1,0
BRF:24
BRH:0
end_of_record
TN:
SF:src/middleware/pagination.js
FN:6,(anonymous_0)
FN:37,(anonymous_1)
FNF:2
FNH:0
FNDA:0,(anonymous_0)
FNDA:0,(anonymous_1)
DA:6,0
DA:8,0
DA:11,0
DA:12,0
DA:15,0
DA:16,0
DA:22,0
DA:28,0
DA:37,0
DA:38,0
DA:40,0
DA:54,0
LF:12
LH:0
BRDA:8,0,0,0
BRDA:8,0,1,0
BRDA:11,1,0,0
BRDA:11,1,1,0
BRDA:15,2,0,0
BRDA:15,2,1,0
BRDA:15,3,0,0
BRDA:15,3,1,0
BRF:8
BRH:0
end_of_record
TN:
SF:src/middleware/permission.js
FN:6,(anonymous_0)
FN:7,(anonymous_1)
FNF:2
FNH:0
FNDA:0,(anonymous_0)
FNDA:0,(anonymous_1)
DA:4,0
DA:6,0
DA:7,0
DA:8,0
DA:9,0
DA:10,0
DA:11,0
DA:13,0
DA:15,0
LF:9
LH:0
BRDA:9,0,0,0
BRDA:9,0,1,0
BRDA:10,1,0,0
BRDA:10,1,1,0
BRF:4
BRH:0
end_of_record
TN:
SF:src/middleware/rateLimited.js
FN:19,(anonymous_0)
FN:31,(anonymous_1)
FN:43,(anonymous_2)
FN:55,(anonymous_3)
FN:67,(anonymous_4)
FN:79,(anonymous_5)
FN:91,(anonymous_6)
FN:103,(anonymous_7)
FN:113,(anonymous_8)
FN:121,[REDACTED_TOKEN]
FNF:10
FNH:1
FNDA:0,(anonymous_0)
FNDA:0,(anonymous_1)
FNDA:0,(anonymous_2)
FNDA:2,(anonymous_3)
FNDA:0,(anonymous_4)
FNDA:0,(anonymous_5)
FNDA:0,(anonymous_6)
FNDA:0,(anonymous_7)
FNDA:0,(anonymous_8)
FNDA:0,[REDACTED_TOKEN]
DA:6,2
DA:7,2
DA:12,2
DA:19,0
DA:31,0
DA:43,0
DA:55,2
DA:67,0
DA:79,0
DA:91,0
DA:103,0
DA:113,0
DA:122,0
DA:124,0
DA:125,0
DA:133,0
DA:136,2
LF:17
LH:5
BRDA:19,0,0,0
BRDA:19,0,1,0
BRDA:31,1,0,0
BRDA:31,1,1,0
BRDA:43,2,0,0
BRDA:43,2,1,0
BRDA:55,3,0,2
BRDA:55,3,1,2
BRDA:79,4,0,0
BRDA:79,4,1,0
BRDA:91,5,0,0
BRDA:91,5,1,0
BRDA:124,6,0,0
BRDA:124,6,1,0
BRDA:124,7,0,0
BRDA:124,7,1,0
BRF:16
BRH:2
end_of_record
TN:
SF:src/middleware/rbac.js
FN:12,(anonymous_0)
FN:13,(anonymous_1)
FN:50,(anonymous_2)
FN:51,(anonymous_3)
FN:84,(anonymous_4)
FN:85,(anonymous_5)
FN:118,(anonymous_6)
FN:119,(anonymous_7)
FN:152,(anonymous_8)
FN:169,(anonymous_9)
FN:187,(anonymous_10)
FN:205,(anonymous_11)
FN:206,(anonymous_12)
FN:220,(anonymous_13)
FNF:14
FNH:0
FNDA:0,(anonymous_0)
FNDA:0,(anonymous_1)
FNDA:0,(anonymous_2)
FNDA:0,(anonymous_3)
FNDA:0,(anonymous_4)
FNDA:0,(anonymous_5)
FNDA:0,(anonymous_6)
FNDA:0,(anonymous_7)
FNDA:0,(anonymous_8)
FNDA:0,(anonymous_9)
FNDA:0,(anonymous_10)
FNDA:0,(anonymous_11)
FNDA:0,(anonymous_12)
FNDA:0,(anonymous_13)
DA:6,0
DA:7,0
DA:12,0
DA:13,0
DA:14,0
DA:15,0
DA:17,0
DA:18,0
DA:19,0
DA:26,0
DA:28,0
DA:29,0
DA:30,0
DA:36,0
DA:38,0
DA:39,0
DA:50,0
DA:51,0
DA:52,0
DA:53,0
DA:55,0
DA:56,0
DA:62,0
DA:63,0
DA:64,0
DA:70,0
DA:72,0
DA:73,0
DA:84,0
DA:85,0
DA:86,0
DA:87,0
DA:89,0
DA:90,0
DA:96,0
DA:97,0
DA:98,0
DA:104,0
DA:106,0
DA:107,0
DA:118,0
DA:119,0
DA:120,0
DA:121,0
DA:123,0
DA:124,0
DA:130,0
DA:131,0
DA:132,0
DA:138,0
DA:140,0
DA:141,0
DA:152,0
DA:153,0
DA:155,0
DA:156,0
DA:157,0
DA:163,0
DA:169,0
DA:170,0
DA:172,0
DA:173,0
DA:174,0
DA:175,0
DA:181,0
DA:187,0
DA:188,0
DA:190,0
DA:191,0
DA:192,0
DA:193,0
DA:199,0
DA:205,0
DA:206,0
DA:208,0
DA:219,0
DA:220,0
DA:221,0
DA:222,0
DA:223,0
DA:224,0
DA:227,0
DA:231,0
LF:83
LH:0
BRDA:17,0,0,0
BRDA:17,0,1,0
BRDA:26,1,0,0
BRDA:26,1,1,0
BRDA:28,2,0,0
BRDA:28,2,1,0
BRDA:55,3,0,0
BRDA:55,3,1,0
BRDA:62,4,0,0
BRDA:62,4,1,0
BRDA:89,5,0,0
BRDA:89,5,1,0
BRDA:96,6,0,0
BRDA:96,6,1,0
BRDA:123,7,0,0
BRDA:123,7,1,0
BRDA:130,8,0,0
BRDA:130,8,1,0
BRDA:155,9,0,0
BRDA:155,9,1,0
BRDA:173,10,0,0
BRDA:173,10,1,0
BRDA:191,11,0,0
BRDA:191,11,1,0
BRF:24
BRH:0
end_of_record
TN:
SF:src/middleware/requestLogging.js
FN:13,(anonymous_0)
FN:20,(anonymous_1)
FN:38,(anonymous_2)
FNF:3
FNH:3
FNDA:17,(anonymous_0)
FNDA:17,(anonymous_1)
FNDA:17,(anonymous_2)
DA:6,1
DA:7,1
DA:13,1
DA:15,17
DA:16,17
DA:19,17
DA:20,17
DA:21,17
DA:22,17
DA:25,17
DA:33,17
DA:37,17
DA:38,17
DA:39,17
DA:40,17
DA:42,17
DA:50,17
DA:54,17
DA:55,0
DA:66,17
DA:69,1
LF:21
LH:20
BRDA:15,0,0,17
BRDA:15,0,1,17
BRDA:30,1,0,17
BRDA:30,1,1,17
BRDA:30,1,2,14
BRDA:47,2,0,17
BRDA:47,2,1,17
BRDA:47,2,2,14
BRDA:54,3,0,0
BRDA:54,3,1,17
BRDA:58,4,0,0
BRDA:58,4,1,0
BRF:12
BRH:9
end_of_record
TN:
SF:src/middleware/twoFactorAuth.js
FN:13,(anonymous_0)
FN:24,(anonymous_1)
FN:35,(anonymous_2)
FN:47,(anonymous_3)
FN:87,(anonymous_4)
FN:130,(anonymous_5)
FN:151,(anonymous_6)
FN:178,(anonymous_7)
FNF:8
FNH:0
FNDA:0,(anonymous_0)
FNDA:0,(anonymous_1)
FNDA:0,(anonymous_2)
FNDA:0,(anonymous_3)
FNDA:0,(anonymous_4)
FNDA:0,(anonymous_5)
FNDA:0,(anonymous_6)
FNDA:0,(anonymous_7)
DA:5,2
DA:6,2
DA:7,2
DA:14,0
DA:25,0
DA:26,0
DA:27,0
DA:29,0
DA:36,0
DA:48,0
DA:49,0
DA:50,0
DA:51,0
DA:54,0
DA:55,0
DA:58,0
DA:59,0
DA:60,0
DA:61,0
DA:70,0
DA:72,0
DA:79,0
DA:80,0
DA:88,0
DA:89,0
DA:90,0
DA:95,0
DA:96,0
DA:99,0
DA:101,0
DA:102,0
DA:107,0
DA:115,0
DA:117,0
DA:122,0
DA:123,0
DA:131,0
DA:132,0
DA:133,0
DA:138,0
DA:139,0
DA:142,0
DA:144,0
DA:145,0
DA:146,0
DA:147,0
DA:151,0
DA:152,0
DA:153,0
DA:159,0
DA:162,0
DA:163,0
DA:164,0
DA:168,0
DA:170,0
DA:171,0
DA:179,0
DA:181,0
DA:182,0
DA:184,0
DA:185,0
DA:186,0
DA:189,0
DA:196,0
DA:198,0
DA:200,0
DA:201,0
DA:206,2
LF:68
LH:4
BRDA:35,0,0,0
BRDA:40,1,0,0
BRDA:40,1,1,0
BRDA:50,2,0,0
BRDA:50,2,1,0
BRDA:95,3,0,0
BRDA:95,3,1,0
BRDA:95,4,0,0
BRDA:95,4,1,0
BRDA:101,5,0,0
BRDA:101,5,1,0
BRDA:101,6,0,0
BRDA:101,6,1,0
BRDA:130,7,0,0
BRDA:138,8,0,0
BRDA:138,8,1,0
BRDA:138,9,0,0
BRDA:138,9,1,0
BRDA:142,10,0,0
BRDA:142,10,1,0
BRDA:144,11,0,0
BRDA:144,11,1,0
BRDA:145,12,0,0
BRDA:145,12,1,0
BRDA:146,13,0,0
BRDA:146,13,1,0
BRDA:163,14,0,0
BRDA:163,14,1,0
BRDA:163,15,0,0
BRDA:163,15,1,0
BRDA:185,16,0,0
BRDA:185,16,1,0
BRF:32
BRH:0
end_of_record
TN:
SF:src/middleware/validation.js
FN:7,(anonymous_0)
FN:13,(anonymous_1)
FN:19,(anonymous_2)
FN:24,(anonymous_3)
FN:57,(anonymous_4)
FN:73,(anonymous_5)
FN:97,(anonymous_6)
FNF:7
FNH:7
FNDA:16,(anonymous_0)
FNDA:16,(anonymous_1)
FNDA:13,(anonymous_2)
FNDA:13,(anonymous_3)
FNDA:6,(anonymous_4)
FNDA:9,(anonymous_5)
FNDA:9,(anonymous_6)
DA:7,3
DA:8,16
DA:9,16
DA:13,3
DA:14,16
DA:15,16
DA:19,3
DA:20,13
DA:21,13
DA:24,3
DA:25,13
DA:27,13
DA:29,13
DA:30,13
DA:31,13
DA:34,13
DA:35,13
DA:36,13
DA:38,13
DA:39,1
DA:43,13
DA:44,11
DA:45,11
DA:46,2
DA:50,13
DA:51,9
DA:54,4
DA:57,3
DA:58,6
DA:60,6
DA:62,6
DA:63,6
DA:64,6
DA:66,6
DA:67,5
DA:70,1
DA:73,3
DA:74,9
DA:76,9
DA:78,9
DA:79,9
DA:80,9
DA:82,9
DA:83,6
DA:86,3
DA:89,3
DA:98,9
DA:99,7
DA:100,4
LF:49
LH:49
BRDA:29,0,0,2
BRDA:29,0,1,11
BRDA:30,1,0,2
BRDA:30,1,1,11
BRDA:30,2,0,13
BRDA:30,2,1,11
BRDA:31,3,0,2
BRDA:31,3,1,11
BRDA:34,4,0,1
BRDA:34,4,1,12
BRDA:34,5,0,13
BRDA:34,5,1,2
BRDA:35,6,0,1
BRDA:35,6,1,12
BRDA:35,7,0,13
BRDA:35,7,1,2
BRDA:36,8,0,1
BRDA:36,8,1,12
BRDA:36,9,0,13
BRDA:36,9,1,2
BRDA:38,10,0,1
BRDA:38,10,1,12
BRDA:38,11,0,13
BRDA:38,11,1,11
BRDA:43,12,0,11
BRDA:43,12,1,2
BRDA:45,13,0,2
BRDA:45,13,1,9
BRDA:50,14,0,9
BRDA:50,14,1,4
BRDA:62,15,0,1
BRDA:62,15,1,5
BRDA:63,16,0,3
BRDA:63,16,1,3
BRDA:63,17,0,6
BRDA:63,17,1,4
BRDA:64,18,0,1
BRDA:64,18,1,5
BRDA:66,19,0,5
BRDA:66,19,1,1
BRDA:78,20,0,1
BRDA:78,20,1,8
BRDA:79,21,0,2
BRDA:79,21,1,7
BRDA:79,22,0,9
BRDA:79,22,1,8
BRDA:79,22,2,8
BRDA:80,23,0,3
BRDA:80,23,1,6
BRDA:80,24,0,9
BRDA:80,24,1,7
BRDA:82,25,0,6
BRDA:82,25,1,3
BRDA:98,26,0,2
BRDA:98,26,1,7
BRDA:98,27,0,9
BRDA:98,27,1,8
BRDA:99,28,0,3
BRDA:99,28,1,4
BRF:59
BRH:59
end_of_record
TN:
SF:src/models/Booking.js
FN:7,(anonymous_0)
FNF:1
FNH:0
FNDA:0,(anonymous_0)
DA:8,0
DA:9,0
DA:10,0
DA:11,0
DA:12,0
DA:13,0
DA:14,0
DA:15,0
DA:16,0
DA:17,0
DA:18,0
DA:19,0
DA:20,0
DA:21,0
DA:22,0
DA:23,0
DA:27,1
LF:17
LH:1
BRDA:8,0,0,0
BRDA:8,0,1,0
BRDA:19,1,0,0
BRDA:19,1,1,0
BRDA:20,2,0,0
BRDA:20,2,1,0
BRDA:22,3,0,0
BRDA:22,3,1,0
BRDA:23,4,0,0
BRDA:23,4,1,0
BRF:10
BRH:0
end_of_record
TN:
SF:src/models/Invoice.js
FN:7,(anonymous_0)
FNF:1
FNH:0
FNDA:0,(anonymous_0)
DA:8,0
DA:9,0
DA:10,0
DA:11,0
DA:12,0
DA:13,0
DA:14,0
DA:15,0
DA:16,0
DA:17,0
DA:18,0
DA:19,0
DA:20,0
DA:21,0
DA:25,1
LF:15
LH:1
BRDA:8,0,0,0
BRDA:8,0,1,0
BRDA:12,1,0,0
BRDA:12,1,1,0
BRDA:13,2,0,0
BRDA:13,2,1,0
BRDA:15,3,0,0
BRDA:15,3,1,0
BRDA:20,4,0,0
BRDA:20,4,1,0
BRDA:21,5,0,0
BRDA:21,5,1,0
BRF:12
BRH:0
end_of_record
TN:
SF:src/models/Service.js
FN:7,(anonymous_0)
FNF:1
FNH:0
FNDA:0,(anonymous_0)
DA:8,0
DA:9,0
DA:10,0
DA:11,0
DA:12,0
DA:13,0
DA:14,0
DA:15,0
DA:16,0
DA:17,0
DA:21,1
LF:11
LH:1
BRDA:8,0,0,0
BRDA:8,0,1,0
BRDA:16,1,0,0
BRDA:16,1,1,0
BRDA:17,2,0,0
BRDA:17,2,1,0
BRF:6
BRH:0
end_of_record
TN:
SF:src/models/User.js
FN:9,(anonymous_0)
FN:25,(anonymous_1)
FN:33,(anonymous_2)
FN:37,(anonymous_3)
FNF:4
FNH:0
FNDA:0,(anonymous_0)
FNDA:0,(anonymous_1)
FNDA:0,(anonymous_2)
FNDA:0,(anonymous_3)
DA:6,1
DA:10,0
DA:11,0
DA:12,0
DA:13,0
DA:15,0
DA:16,0
DA:17,0
DA:18,0
DA:19,0
DA:20,0
DA:21,0
DA:26,0
DA:27,0
DA:29,0
DA:34,0
DA:38,0
DA:39,0
DA:43,1
LF:19
LH:2
BRDA:10,0,0,0
BRDA:10,0,1,0
BRDA:18,1,0,0
BRDA:18,1,1,0
BRDA:20,2,0,0
BRDA:20,2,1,0
BRDA:21,3,0,0
BRDA:21,3,1,0
BRDA:26,4,0,0
BRDA:26,4,1,0
BRF:10
BRH:0
end_of_record
TN:
SF:src/routes/addonsRoutes.js
FN:8,(anonymous_0)
FN:19,(anonymous_1)
FN:32,(anonymous_2)
FNF:3
FNH:0
FNDA:0,(anonymous_0)
FNDA:0,(anonymous_1)
FNDA:0,(anonymous_2)
DA:1,1
DA:2,1
DA:3,1
DA:5,1
DA:8,1
DA:9,0
DA:10,0
DA:11,0
DA:13,0
DA:14,0
DA:19,1
DA:20,0
DA:21,0
DA:23,0
DA:24,0
DA:26,0
DA:27,0
DA:32,1
DA:33,0
DA:34,0
DA:36,0
DA:37,0
DA:39,0
DA:40,0
DA:44,1
LF:25
LH:8
BRF:0
BRH:0
end_of_record
TN:
SF:src/routes/admin.js
FN:16,(anonymous_0)
FN:53,(anonymous_1)
FN:73,(anonymous_2)
FN:99,(anonymous_3)
FN:108,(anonymous_4)
FN:120,(anonymous_5)
FN:129,(anonymous_6)
FN:141,(anonymous_7)
FN:156,(anonymous_8)
FN:175,(anonymous_9)
FN:213,(anonymous_10)
FN:226,(anonymous_11)
FNF:12
FNH:0
FNDA:0,(anonymous_0)
FNDA:0,(anonymous_1)
FNDA:0,(anonymous_2)
FNDA:0,(anonymous_3)
FNDA:0,(anonymous_4)
FNDA:0,(anonymous_5)
FNDA:0,(anonymous_6)
FNDA:0,(anonymous_7)
FNDA:0,(anonymous_8)
FNDA:0,(anonymous_9)
FNDA:0,(anonymous_10)
FNDA:0,(anonymous_11)
DA:6,2
DA:7,2
DA:8,2
DA:9,2
DA:11,2
DA:16,2
DA:17,0
DA:18,0
DA:19,0
DA:21,0
DA:24,0
DA:26,0
DA:27,0
DA:29,0
DA:32,0
DA:34,0
DA:43,0
DA:45,0
DA:46,0
DA:53,2
DA:54,0
DA:55,0
DA:63,0
DA:65,0
DA:66,0
DA:73,2
DA:74,0
DA:75,0
DA:76,0
DA:78,0
DA:79,0
DA:82,0
DA:88,0
DA:89,0
DA:91,0
DA:92,0
DA:99,2
DA:100,0
DA:102,0
DA:104,0
DA:108,2
DA:109,0
DA:111,0
DA:113,0
DA:120,2
DA:121,0
DA:123,0
DA:125,0
DA:129,2
DA:130,0
DA:132,0
DA:134,0
DA:141,2
DA:142,0
DA:143,0
DA:150,0
DA:152,0
DA:156,2
DA:157,0
DA:158,0
DA:165,0
DA:167,0
DA:172,2
DA:175,2
DA:176,0
DA:177,0
DA:178,0
DA:181,0
DA:182,0
DA:183,0
DA:185,0
DA:186,0
DA:187,0
DA:189,0
DA:194,0
DA:195,0
DA:197,0
DA:199,0
DA:206,0
DA:208,0
DA:209,0
DA:213,2
DA:214,0
DA:215,0
DA:216,0
DA:217,0
DA:218,0
DA:219,0
DA:221,0
DA:222,0
DA:226,2
DA:227,0
DA:228,0
DA:229,0
DA:230,0
DA:231,0
DA:232,0
DA:234,0
DA:235,0
DA:239,2
LF:100
LH:19
BRDA:19,0,0,0
BRDA:19,0,1,0
BRDA:24,1,0,0
BRDA:24,1,1,0
BRDA:27,2,0,0
BRDA:27,2,1,0
BRDA:32,3,0,0
BRDA:32,3,1,0
BRDA:63,4,0,0
BRDA:63,4,1,0
BRDA:63,5,0,0
BRDA:63,5,1,0
BRDA:78,6,0,0
BRDA:78,6,1,0
BRDA:178,7,0,0
BRDA:178,7,1,0
BRDA:183,8,0,0
BRDA:183,8,1,0
BRDA:185,9,0,0
BRDA:185,9,1,0
BRDA:185,10,0,0
BRDA:185,10,1,0
BRDA:185,10,2,0
BRDA:195,11,0,0
BRDA:195,11,1,0
BRDA:197,12,0,0
BRDA:197,12,1,0
BRDA:197,13,0,0
BRDA:197,13,1,0
BRDA:197,14,0,0
BRDA:197,14,1,0
BRDA:202,15,0,0
BRDA:202,15,1,0
BRDA:216,16,0,0
BRDA:216,16,1,0
BRDA:216,17,0,0
BRDA:216,17,1,0
BRDA:218,18,0,0
BRDA:218,18,1,0
BRDA:229,19,0,0
BRDA:229,19,1,0
BRDA:229,20,0,0
BRDA:229,20,1,0
BRDA:231,21,0,0
BRDA:231,21,1,0
BRF:45
BRH:0
end_of_record
TN:
SF:src/routes/adminRoutes.js
FN:25,(anonymous_0)
FN:61,(anonymous_1)
FN:86,(anonymous_2)
FN:117,(anonymous_3)
FN:140,(anonymous_4)
FN:178,(anonymous_5)
FN:200,(anonymous_6)
FN:232,(anonymous_7)
FN:281,(anonymous_8)
FN:303,(anonymous_9)
FN:325,(anonymous_10)
FN:338,(anonymous_11)
FN:344,(anonymous_12)
FNF:13
FNH:0
FNDA:0,(anonymous_0)
FNDA:0,(anonymous_1)
FNDA:0,(anonymous_2)
FNDA:0,(anonymous_3)
FNDA:0,(anonymous_4)
FNDA:0,(anonymous_5)
FNDA:0,(anonymous_6)
FNDA:0,(anonymous_7)
FNDA:0,(anonymous_8)
FNDA:0,(anonymous_9)
FNDA:0,(anonymous_10)
FNDA:0,(anonymous_11)
FNDA:0,(anonymous_12)
DA:12,1
DA:13,1
DA:14,1
DA:15,1
DA:16,1
DA:19,1
DA:25,1
DA:26,0
DA:27,0
DA:29,0
DA:30,0
DA:36,0
DA:45,0
DA:47,0
DA:52,0
DA:53,0
DA:61,1
DA:62,0
DA:63,0
DA:72,0
DA:77,0
DA:78,0
DA:86,1
DA:87,0
DA:88,0
DA:90,0
DA:101,0
DA:103,0
DA:108,0
DA:109,0
DA:117,1
DA:118,0
DA:119,0
DA:124,0
DA:126,0
DA:131,0
DA:132,0
DA:140,1
DA:141,0
DA:142,0
DA:144,0
DA:145,0
DA:151,0
DA:162,0
DA:164,0
DA:169,0
DA:170,0
DA:178,1
DA:179,0
DA:180,0
DA:185,0
DA:191,0
DA:192,0
DA:200,1
DA:201,0
DA:202,0
DA:204,0
DA:216,0
DA:218,0
DA:223,0
DA:224,0
DA:232,1
DA:233,0
DA:235,0
DA:238,0
DA:244,0
DA:250,0
DA:255,0
DA:258,0
DA:260,0
DA:272,0
DA:273,0
DA:281,1
DA:282,0
DA:283,0
DA:285,0
DA:286,0
DA:287,0
DA:288,0
DA:289,0
DA:292,0
DA:303,0
DA:305,0
DA:316,0
DA:317,0
DA:325,1
DA:326,0
DA:327,0
DA:338,0
DA:340,0
DA:344,0
DA:349,0
DA:350,0
DA:354,1
LF:94
LH:17
BRDA:29,0,0,0
BRDA:29,0,1,0
BRDA:29,1,0,0
BRDA:29,1,1,0
BRDA:40,2,0,0
BRDA:40,2,1,0
BRDA:41,3,0,0
BRDA:41,3,1,0
BRDA:97,4,0,0
BRDA:97,4,1,0
BRDA:144,5,0,0
BRDA:144,5,1,0
BRDA:144,6,0,0
BRDA:144,6,1,0
BRDA:144,6,2,0
BRDA:155,7,0,0
BRDA:155,7,1,0
BRDA:158,8,0,0
BRDA:158,8,1,0
BRDA:159,9,0,0
BRDA:159,9,1,0
BRDA:212,10,0,0
BRDA:212,10,1,0
BRDA:266,11,0,0
BRDA:266,11,1,0
BRDA:283,12,0,0
BRDA:286,13,0,0
BRDA:286,13,1,0
BRDA:288,14,0,0
BRDA:288,14,1,0
BRDA:303,15,0,0
BRDA:303,15,1,0
BRDA:312,16,0,0
BRDA:312,16,1,0
BRDA:338,17,0,0
BRDA:338,17,1,0
BRF:36
BRH:0
end_of_record
TN:
SF:src/routes/affiliateRoutes.js
FN:15,(anonymous_0)
FN:43,(anonymous_1)
FN:77,(anonymous_2)
FN:101,(anonymous_3)
FN:139,(anonymous_4)
FN:159,(anonymous_5)
FNF:6
FNH:0
FNDA:0,(anonymous_0)
FNDA:0,(anonymous_1)
FNDA:0,(anonymous_2)
FNDA:0,(anonymous_3)
FNDA:0,(anonymous_4)
FNDA:0,(anonymous_5)
DA:5,26
DA:6,26
DA:7,26
DA:9,26
DA:15,26
DA:16,0
DA:17,0
DA:18,0
DA:20,0
DA:25,0
DA:31,0
DA:43,1
DA:44,0
DA:45,0
DA:47,0
DA:48,0
DA:54,0
DA:60,0
DA:66,0
DA:77,1
DA:78,0
DA:79,0
DA:81,0
DA:83,0
DA:89,0
DA:101,1
DA:102,0
DA:103,0
DA:104,0
DA:106,0
DA:107,0
DA:114,0
DA:115,0
DA:121,0
DA:123,0
DA:125,0
DA:136,1
DA:140,0
DA:141,0
DA:143,0
DA:145,0
DA:147,0
DA:159,1
DA:160,0
DA:161,0
DA:163,0
DA:164,0
DA:166,0
DA:168,0
DA:176,0
DA:183,1
LF:51
LH:11
BRDA:22,0,0,0
BRDA:22,0,1,0
BRDA:47,1,0,0
BRDA:47,1,1,0
BRDA:47,2,0,0
BRDA:47,2,1,0
BRDA:47,2,2,0
BRDA:106,3,0,0
BRDA:106,3,1,0
BRDA:106,4,0,0
BRDA:106,4,1,0
BRDA:114,5,0,0
BRDA:114,5,1,0
BRDA:166,6,0,0
BRDA:166,6,1,0
BRF:15
BRH:0
end_of_record
TN:
SF:src/routes/analyticsRoutes.js
FN:8,(anonymous_0)
FN:19,(anonymous_1)
FN:31,(anonymous_2)
FN:42,(anonymous_3)
FN:54,(anonymous_4)
FN:66,(anonymous_5)
FNF:6
FNH:0
FNDA:0,(anonymous_0)
FNDA:0,(anonymous_1)
FNDA:0,(anonymous_2)
FNDA:0,(anonymous_3)
FNDA:0,(anonymous_4)
FNDA:0,(anonymous_5)
DA:1,1
DA:2,1
DA:3,1
DA:5,1
DA:8,1
DA:9,0
DA:10,0
DA:11,0
DA:13,0
DA:14,0
DA:19,1
DA:20,0
DA:21,0
DA:22,0
DA:23,0
DA:25,0
DA:26,0
DA:31,1
DA:32,0
DA:33,0
DA:34,0
DA:36,0
DA:37,0
DA:42,1
DA:43,0
DA:44,0
DA:45,0
DA:46,0
DA:48,0
DA:49,0
DA:54,1
DA:55,0
DA:56,0
DA:57,0
DA:58,0
DA:60,0
DA:61,0
DA:66,1
DA:67,0
DA:68,0
DA:69,0
DA:71,0
DA:72,0
DA:76,1
LF:44
LH:11
BRDA:21,0,0,0
BRDA:21,0,1,0
BRDA:44,1,0,0
BRDA:44,1,1,0
BRDA:56,2,0,0
BRDA:56,2,1,0
BRF:6
BRH:0
end_of_record
TN:
SF:src/routes/api.js
FN:17,(anonymous_0)
FN:20,(anonymous_1)
FN:33,(anonymous_2)
FN:66,(anonymous_3)
FN:70,(anonymous_4)
FN:74,(anonymous_5)
FN:78,(anonymous_6)
FN:82,(anonymous_7)
FN:88,(anonymous_8)
FN:92,(anonymous_9)
FN:96,(anonymous_10)
FN:100,(anonymous_11)
FN:105,(anonymous_12)
FN:109,(anonymous_13)
FN:114,(anonymous_14)
FN:116,(anonymous_15)
FN:120,(anonymous_16)
FN:124,(anonymous_17)
FN:128,(anonymous_18)
FN:133,(anonymous_19)
FN:137,(anonymous_20)
FN:141,(anonymous_21)
FN:146,(anonymous_22)
FN:151,(anonymous_23)
FN:155,(anonymous_24)
FN:159,(anonymous_25)
FN:163,(anonymous_26)
FN:168,(anonymous_27)
FN:172,(anonymous_28)
FN:176,(anonymous_29)
FN:180,(anonymous_30)
FN:184,(anonymous_31)
FN:188,(anonymous_32)
FN:192,(anonymous_33)
FN:197,(anonymous_34)
FN:201,(anonymous_35)
FN:205,(anonymous_36)
FN:209,(anonymous_37)
FN:213,(anonymous_38)
FN:217,(anonymous_39)
FN:221,(anonymous_40)
FN:226,(anonymous_41)
FN:230,(anonymous_42)
FN:234,(anonymous_43)
FN:238,(anonymous_44)
FN:243,(anonymous_45)
FN:247,(anonymous_46)
FN:251,(anonymous_47)
FN:255,(anonymous_48)
FN:260,(anonymous_49)
FN:264,(anonymous_50)
FN:268,(anonymous_51)
FN:272,(anonymous_52)
FN:280,(anonymous_53)
FN:285,(anonymous_54)
FN:289,(anonymous_55)
FN:294,(anonymous_56)
FN:298,(anonymous_57)
FN:303,(anonymous_58)
FN:307,(anonymous_59)
FN:311,(anonymous_60)
FN:318,(anonymous_61)
FN:322,(anonymous_62)
FN:326,(anonymous_63)
FN:330,(anonymous_64)
FN:334,(anonymous_65)
FN:363,(anonymous_66)
FN:367,(anonymous_67)
FN:371,(anonymous_68)
FN:375,(anonymous_69)
FN:379,(anonymous_70)
FN:383,(anonymous_71)
FN:388,(anonymous_72)
FN:392,(anonymous_73)
FN:396,(anonymous_74)
FN:400,(anonymous_75)
FN:404,(anonymous_76)
FN:408,(anonymous_77)
FN:412,(anonymous_78)
FN:416,(anonymous_79)
FN:420,(anonymous_80)
FN:424,(anonymous_81)
FN:428,(anonymous_82)
FN:433,(anonymous_83)
[...]
DA:236,0
DA:237,0
DA:239,0
DA:246,0
DA:248,0
DA:249,0
DA:250,0
DA:251,0
DA:252,0
DA:253,0
DA:254,0
DA:255,0
DA:256,0
DA:257,0
DA:260,0
DA:267,0
DA:268,0
DA:271,0
DA:272,0
DA:273,0
DA:275,0
DA:290,0
DA:302,0
DA:304,0
DA:311,0
DA:312,0
DA:314,0
DA:315,0
DA:317,0
DA:340,1
LF:86
LH:6
BRDA:39,0,0,0
BRDA:39,0,1,0
BRDA:87,1,0,0
BRDA:87,1,1,0
BRDA:98,2,0,0
BRDA:98,2,1,0
BRDA:114,3,0,0
BRDA:114,3,1,0
BRDA:123,4,0,0
BRDA:123,4,1,0
BRDA:141,5,0,0
BRDA:141,5,1,0
BRDA:142,6,0,0
BRDA:142,6,1,0
BRDA:143,7,0,0
BRDA:143,7,1,0
BRDA:144,8,0,0
BRDA:144,8,1,0
BRDA:145,9,0,0
BRDA:145,9,1,0
BRDA:149,10,0,0
BRDA:149,10,1,0
BRDA:157,11,0,0
BRDA:157,11,1,0
BRDA:177,12,0,0
BRDA:177,12,1,0
BRDA:229,13,0,0
BRDA:229,13,1,0
BRDA:235,14,0,0
BRDA:237,15,0,0
BRDA:237,15,1,0
BRDA:248,16,0,0
BRDA:248,16,1,0
BRDA:252,17,0,0
BRDA:252,17,1,0
BRDA:255,18,0,0
BRDA:255,18,1,0
BRDA:266,19,0,0
BRDA:280,20,0,0
BRDA:280,20,1,0
BRDA:281,21,0,0
BRDA:281,21,1,0
BRDA:312,22,0,0
BRDA:312,22,1,0
BRDA:325,23,0,0
BRDA:325,23,1,0
BRDA:326,24,0,0
BRDA:326,24,1,0
BRDA:331,25,0,0
BRDA:331,25,1,0
BRDA:332,26,0,0
BRDA:332,26,1,0
BRDA:333,27,0,0
BRDA:333,27,1,0
BRF:54
BRH:0
end_of_record
TN:
SF:src/services/StripeService.js
FN:10,processPayment
FN:49,refundPayment
FN:55,constructEvent
FNF:3
FNH:0
FNDA:0,processPayment
FNDA:0,refundPayment
FNDA:0,constructEvent
DA:1,2
DA:2,2
DA:4,2
DA:5,1
DA:8,2
DA:11,0
DA:12,0
DA:13,0
DA:22,0
DA:23,0
DA:24,0
DA:35,0
DA:44,0
DA:45,0
DA:50,0
DA:51,0
DA:52,0
DA:56,0
DA:57,0
DA:60,2
LF:20
LH:6
BRDA:4,0,0,1
BRDA:4,0,1,1
BRDA:8,1,0,1
BRDA:8,1,1,1
BRDA:10,2,0,0
BRDA:11,3,0,0
BRDA:11,3,1,0
BRDA:30,4,0,0
BRDA:30,4,1,0
BRDA:40,5,0,0
BRDA:40,5,1,0
BRDA:50,6,0,0
BRDA:50,6,1,0
BRDA:56,7,0,0
BRDA:56,7,1,0
BRF:15
BRH:4
end_of_record
TN:
SF:src/services/SubscriptionService.js
FN:16,(anonymous_0)
FN:17,(anonymous_1)
FN:22,(anonymous_2)
FN:34,(anonymous_3)
FN:37,(anonymous_4)
FN:41,(anonymous_5)
FN:49,(anonymous_6)
FN:53,(anonymous_7)
FN:85,(anonymous_8)
FN:103,(anonymous_9)
FN:107,(anonymous_10)
FN:111,(anonymous_11)
FN:123,(anonymous_12)
FN:141,(anonymous_13)
FN:168,(anonymous_14)
FNF:15
FNH:0
FNDA:0,(anonymous_0)
FNDA:0,(anonymous_1)
FNDA:0,(anonymous_2)
FNDA:0,(anonymous_3)
FNDA:0,(anonymous_4)
FNDA:0,(anonymous_5)
FNDA:0,(anonymous_6)
FNDA:0,(anonymous_7)
FNDA:0,(anonymous_8)
FNDA:0,(anonymous_9)
FNDA:0,(anonymous_10)
FNDA:0,(anonymous_11)
FNDA:0,(anonymous_12)
FNDA:0,(anonymous_13)
FNDA:0,(anonymous_14)
DA:6,1
DA:7,1
DA:8,1
DA:10,1
DA:17,0
DA:18,0
DA:20,0
DA:23,0
DA:24,0
DA:25,0
DA:35,0
DA:37,0
DA:38,0
DA:42,0
DA:43,0
DA:44,0
DA:47,0
DA:49,0
DA:50,0
DA:53,0
DA:57,0
DA:59,0
DA:60,0
DA:65,0
DA:68,0
DA:75,0
DA:81,0
DA:86,0
DA:87,0
DA:88,0
DA:92,0
DA:93,0
DA:104,0
DA:105,0
DA:107,0
DA:108,0
DA:112,0
DA:113,0
DA:114,0
DA:117,0
DA:118,0
DA:120,0
DA:124,0
DA:125,0
DA:126,0
DA:130,0
DA:131,0
DA:137,0
DA:142,0
DA:144,0
DA:156,0
DA:169,0
DA:170,0
DA:171,0
DA:176,1
LF:55
LH:5
BRDA:24,0,0,0
BRDA:24,0,1,0
BRDA:42,1,0,0
BRDA:42,1,1,0
BRDA:42,2,0,0
BRDA:42,2,1,0
BRDA:53,3,0,0
BRDA:53,3,1,0
BRDA:59,4,0,0
BRDA:59,4,1,0
BRDA:87,5,0,0
BRDA:87,5,1,0
BRDA:112,6,0,0
BRDA:112,6,1,0
BRDA:112,7,0,0
BRDA:112,7,1,0
BRDA:125,8,0,0
BRDA:125,8,1,0
BRDA:169,9,0,0
BRDA:169,9,1,0
BRF:20
BRH:0
end_of_record
TN:
SF:src/services/TwoFactorService.js
FN:16,(anonymous_0)
FN:42,(anonymous_1)
FN:59,(anonymous_2)
FN:71,(anonymous_3)
FN:72,(anonymous_4)
FN:86,(anonymous_5)
FN:96,(anonymous_6)
FN:98,(anonymous_7)
FN:111,(anonymous_8)
FN:112,(anonymous_9)
FN:121,(anonymous_10)
FNF:11
FNH:0
FNDA:0,(anonymous_0)
FNDA:0,(anonymous_1)
FNDA:0,(anonymous_2)
FNDA:0,(anonymous_3)
FNDA:0,(anonymous_4)
FNDA:0,(anonymous_5)
FNDA:0,(anonymous_6)
FNDA:0,(anonymous_7)
FNDA:0,(anonymous_8)
FNDA:0,(anonymous_9)
FNDA:0,(anonymous_10)
DA:6,0
DA:7,0
DA:8,0
DA:9,0
DA:17,0
DA:18,0
DA:25,0
DA:27,0
DA:34,0
DA:35,0
DA:43,0
DA:44,0
DA:51,0
DA:52,0
DA:60,0
DA:61,0
DA:62,0
DA:63,0
DA:65,0
DA:72,0
DA:73,0
DA:74,0
DA:78,0
DA:80,0
DA:87,0
DA:97,0
DA:98,0
DA:100,0
DA:101,0
DA:104,0
DA:105,0
DA:112,0
DA:122,0
DA:134,0
LF:34
LH:0
BRDA:59,0,0,0
BRDA:73,1,0,0
BRDA:73,1,1,0
BRDA:100,2,0,0
BRDA:100,2,1,0
BRDA:121,3,0,0
BRDA:123,4,0,0
BRDA:123,4,1,0
BRF:8
BRH:0
end_of_record
TN:
SF:src/services/ValidationService.js
FN:14,(anonymous_0)
FN:30,(anonymous_1)
FN:41,(anonymous_2)
FN:52,(anonymous_3)
FN:75,(anonymous_4)
FN:86,(anonymous_5)
FN:100,(anonymous_6)
FN:111,(anonymous_7)
FN:122,(anonymous_8)
FN:133,(anonymous_9)
FN:155,(anonymous_10)
FN:167,(anonymous_11)
FN:175,(anonymous_12)
FN:214,(anonymous_13)
FN:219,(anonymous_14)
FN:224,(anonymous_15)
FN:228,(anonymous_16)
FN:232,(anonymous_17)
FN:236,(anonymous_18)
FN:240,(anonymous_19)
FN:243,(anonymous_20)
FN:253,(anonymous_21)
FN:258,(anonymous_22)
FN:263,(anonymous_23)
FN:267,(anonymous_24)
FN:270,(anonymous_25)
FN:280,(anonymous_26)
FN:285,(anonymous_27)
FN:289,(anonymous_28)
FN:293,(anonymous_29)
FN:308,(anonymous_30)
FNF:31
FNH:16
FNDA:1,(anonymous_0)
FNDA:0,(anonymous_1)
FNDA:1,(anonymous_2)
FNDA:7,(anonymous_3)
FNDA:1,(anonymous_4)
FNDA:10,(anonymous_5)
FNDA:2,(anonymous_6)
FNDA:0,(anonymous_7)
FNDA:1,(anonymous_8)
FNDA:0,(anonymous_9)
FNDA:0,(anonymous_10)
FNDA:0,(anonymous_11)
FNDA:8,(anonymous_12)
FNDA:8,(anonymous_13)
FNDA:1,(anonymous_14)
FNDA:1,(anonymous_15)
FNDA:7,(anonymous_16)
FNDA:1,(anonymous_17)
FNDA:1,(anonymous_18)
FNDA:1,(anonymous_19)
FNDA:8,(anonymous_20)
FNDA:0,(anonymous_21)
FNDA:0,(anonymous_22)
FNDA:0,(anonymous_23)
FNDA:0,(anonymous_24)
FNDA:0,(anonymous_25)
FNDA:0,(anonymous_26)
FNDA:0,(anonymous_27)
FNDA:0,(anonymous_28)
FNDA:0,(anonymous_29)
FNDA:0,(anonymous_30)
DA:7,5
DA:8,5
DA:15,1
DA:16,0
DA:18,1
DA:19,1
DA:21,0
DA:22,0
DA:24,0
DA:31,0
DA:32,0
DA:33,0
DA:35,0
DA:42,1
DA:43,1
DA:44,1
DA:46,0
DA:53,7
DA:54,0
DA:57,7
DA:58,7
DA:59,0
DA:62,7
DA:63,7
DA:65,7
DA:66,7
DA:69,0
DA:76,1
DA:77,1
DA:78,0
DA:80,1
DA:87,10
DA:88,10
DA:89,0
DA:91,10
DA:92,0
DA:94,10
DA:101,2
DA:102,2
DA:103,0
DA:105,2
DA:112,0
DA:113,0
DA:114,0
DA:116,0
DA:123,1
DA:124,0
DA:125,0
DA:127,0
DA:134,0
DA:135,0
DA:137,0
DA:138,0
DA:140,0
DA:141,0
DA:143,0
DA:144,0
DA:146,0
DA:147,0
DA:149,0
DA:156,0
DA:168,0
DA:169,0
DA:176,8
DA:178,8
DA:179,56
DA:180,56
DA:181,31
DA:184,25
DA:185,5
DA:188,20
DA:189,0
DA:192,20
DA:193,0
DA:196,20
DA:197,20
DA:200,45
DA:204,8
DA:205,8
DA:208,0
DA:215,8
DA:219,1
DA:224,1
DA:228,7
DA:232,1
DA:236,1
DA:240,1
DA:243,8
DA:247,8
DA:254,0
DA:258,0
DA:263,0
DA:267,0
DA:270,0
DA:274,0
DA:281,0
DA:285,0
DA:289,0
DA:294,0
DA:295,0
DA:296,0
DA:302,0
DA:309,0
DA:318,5
LF:104
LH:50
BRDA:14,0,0,0
BRDA:14,1,0,0
BRDA:15,2,0,0
BRDA:15,2,1,1
BRDA:18,3,0,1
BRDA:18,3,1,0
BRDA:21,4,0,0
BRDA:21,4,1,0
BRDA:32,5,0,0
BRDA:32,5,1,0
BRDA:32,6,0,0
BRDA:32,6,1,0
BRDA:43,7,0,1
BRDA:43,7,1,0
BRDA:43,8,0,1
BRDA:43,8,1,1
BRDA:53,9,0,0
BRDA:53,9,1,7
BRDA:58,10,0,0
BRDA:58,10,1,7
BRDA:65,11,0,7
BRDA:65,11,1,0
BRDA:77,12,0,0
BRDA:77,12,1,1
BRDA:77,13,0,1
BRDA:77,13,1,1
BRDA:86,14,0,0
BRDA:88,15,0,0
BRDA:88,15,1,10
BRDA:88,16,0,10
BRDA:88,16,1,10
BRDA:91,17,0,0
BRDA:91,17,1,10
BRDA:100,18,0,2
BRDA:102,19,0,0
BRDA:102,19,1,2
BRDA:113,20,0,0
BRDA:113,20,1,0
BRDA:113,21,0,0
BRDA:113,21,1,0
BRDA:124,22,0,0
BRDA:124,22,1,0
BRDA:134,23,0,0
BRDA:134,23,1,0
BRDA:134,24,0,0
BRDA:134,24,1,0
BRDA:137,25,0,0
BRDA:137,25,1,0
BRDA:140,26,0,0
BRDA:140,26,1,0
BRDA:143,27,0,0
BRDA:143,27,1,0
BRDA:146,28,0,0
BRDA:146,28,1,0
BRDA:168,29,0,0
BRDA:168,29,1,0
BRDA:180,30,0,31
BRDA:180,30,1,25
BRDA:180,31,0,56
BRDA:180,31,1,48
BRDA:184,32,0,5
BRDA:184,32,1,20
BRDA:184,33,0,25
BRDA:184,33,1,7
BRDA:188,34,0,0
BRDA:188,34,1,20
BRDA:188,35,0,20
BRDA:188,35,1,0
BRDA:192,36,0,0
BRDA:192,36,1,20
BRDA:192,37,0,20
BRDA:192,37,1,0
BRDA:196,38,0,20
BRDA:196,38,1,0
BRDA:196,39,0,20
BRDA:196,39,1,20
BRDA:204,40,0,8
BRDA:204,40,1,0
BRDA:243,41,0,8
BRDA:243,41,1,0
BRDA:270,42,0,0
BRDA:270,42,1,0
BRDA:295,43,0,0
BRDA:295,43,1,0
BRDA:308,44,0,0
BRF:85
BRH:34
end_of_record
TN:
SF:src/services/WebhookService.js
FN:10,(anonymous_0)
FN:21,(anonymous_1)
FN:58,(anonymous_2)
FN:92,(anonymous_3)
FN:114,(anonymous_4)
FN:159,(anonymous_5)
FN:200,(anonymous_6)
FN:221,(anonymous_7)
FN:238,(anonymous_8)
FN:252,(anonymous_9)
FN:259,(anonymous_10)
FN:277,(anonymous_11)
FN:290,(anonymous_12)
FN:302,(anonymous_13)
FN:335,(anonymous_14)
FN:346,(anonymous_15)
FN:357,(anonymous_16)
FN:383,(anonymous_17)
FN:393,(anonymous_18)
FN:397,(anonymous_19)
FNF:20
FNH:1
FNDA:1,(anonymous_0)
FNDA:0,(anonymous_1)
FNDA:0,(anonymous_2)
FNDA:0,(anonymous_3)
FNDA:0,(anonymous_4)
FNDA:0,(anonymous_5)
FNDA:0,(anonymous_6)
FNDA:0,(anonymous_7)
FNDA:0,(anonymous_8)
FNDA:0,(anonymous_9)
FNDA:0,(anonymous_10)
FNDA:0,(anonymous_11)
FNDA:0,(anonymous_12)
FNDA:0,(anonymous_13)
FNDA:0,(anonymous_14)
FNDA:0,(anonymous_15)
FNDA:0,(anonymous_16)
FNDA:0,(anonymous_17)
FNDA:0,(anonymous_18)
FNDA:0,(anonymous_19)
DA:6,1
DA:7,1
DA:11,1
DA:12,1
DA:13,1
DA:14,1
DA:15,1
DA:22,0
DA:23,0
DA:24,0
DA:26,0
DA:45,0
DA:47,0
DA:48,0
DA:50,0
DA:51,0
DA:59,0
DA:60,0
DA:69,0
DA:72,0
DA:73,0
DA:75,0
DA:77,0
DA:81,0
DA:82,0
DA:84,0
DA:85,0
DA:93,0
DA:94,0
DA:105,0
DA:107,0
DA:115,0
DA:116,0
DA:117,0
DA:119,0
DA:130,0
DA:137,0
DA:138,0
DA:139,0
DA:141,0
DA:142,0
DA:143,0
DA:144,0
DA:146,0
DA:147,0
DA:150,0
DA:151,0
DA:152,0
DA:160,0
DA:161,0
DA:163,0
DA:164,0
DA:166,0
DA:167,0
DA:168,0
DA:169,0
DA:171,0
DA:177,0
DA:180,0
DA:181,0
DA:188,0
DA:191,0
DA:193,0
DA:201,0
DA:202,0
DA:204,0
DA:205,0
DA:206,0
DA:208,0
DA:209,0
DA:214,0
DA:222,0
DA:223,0
DA:224,0
DA:226,0
DA:227,0
DA:228,0
DA:230,0
DA:231,0
DA:239,0
DA:240,0
DA:241,0
DA:242,0
DA:244,0
DA:245,0
DA:253,0
DA:260,0
DA:261,0
DA:262,0
DA:263,0
DA:264,0
DA:267,0
DA:269,0
DA:270,0
DA:278,0
DA:279,0
DA:280,0
DA:282,0
DA:283,0
DA:291,0
DA:292,0
DA:294,0
DA:295,0
DA:303,0
DA:304,0
DA:305,0
DA:307,0
DA:314,0
DA:324,0
DA:325,0
DA:327,0
DA:328,0
DA:336,0
DA:337,0
DA:347,0
DA:348,0
DA:358,0
DA:359,0
DA:372,0
DA:384,0
DA:385,0
DA:387,0
DA:394,0
DA:395,0
DA:397,0
DA:404,0
DA:405,0
DA:408,0
DA:410,0
DA:411,0
DA:416,1
LF:131
LH:8
BRDA:30,0,0,0
BRDA:30,0,1,0
BRDA:32,1,0,0
BRDA:32,1,1,0
BRDA:34,2,0,0
BRDA:34,2,1,0
BRDA:58,3,0,0
BRDA:73,4,0,0
BRDA:73,4,1,0
BRDA:75,5,0,0
BRDA:75,5,1,0
BRDA:75,6,0,0
BRDA:75,6,1,0
BRDA:137,7,0,0
BRDA:137,7,1,0
BRDA:141,8,0,0
BRDA:141,8,1,0
BRDA:161,9,0,0
BRDA:161,9,1,0
BRDA:205,10,0,0
BRDA:205,10,1,0
BRDA:208,11,0,0
BRDA:208,11,1,0
BRDA:224,12,0,0
BRDA:224,12,1,0
BRDA:263,13,0,0
BRDA:263,13,1,0
BRDA:277,14,0,0
BRDA:279,15,0,0
BRDA:279,15,1,0
BRDA:290,16,0,0
BRDA:305,17,0,0
BRDA:305,17,1,0
BRDA:336,18,0,0
BRDA:336,18,1,0
BRDA:358,19,0,0
BRDA:358,19,1,0
BRDA:384,20,0,0
BRDA:384,20,1,0
BRF:39
BRH:0
end_of_record
TN:
SF:src/utils/crypto.js
FN:7,getKey
FN:16,encrypt
FN:25,decrypt
FNF:3
FNH:0
FNDA:0,getKey
FNDA:0,encrypt
FNDA:0,decrypt
DA:1,0
DA:2,0
DA:4,0
DA:5,0
DA:8,0
DA:9,0
DA:10,0
DA:11,0
DA:13,0
DA:17,0
DA:18,0
DA:19,0
DA:20,0
DA:21,0
DA:22,0
DA:26,0
DA:27,0
DA:28,0
DA:29,0
DA:30,0
DA:31,0
DA:32,0
DA:33,0
DA:34,0
DA:35,0
DA:36,0
DA:38,0
DA:39,0
DA:43,0
LF:29
LH:0
BRDA:8,0,0,0
BRDA:8,0,1,0
BRDA:9,1,0,0
BRDA:9,1,1,0
BRDA:29,2,0,0
BRDA:29,2,1,0
BRDA:29,3,0,0
BRDA:29,3,1,0
BRDA:29,3,2,0
BRF:9
BRH:0
end_of_record
TN:
SF:src/utils/emailTemplates.js
FN:9,(anonymous_0)
FN:16,(anonymous_1)
FN:26,(anonymous_2)
FN:41,(anonymous_3)
FN:55,(anonymous_4)
FN:71,(anonymous_5)
FNF:6
FNH:6
FNDA:4,(anonymous_0)
FNDA:5,(anonymous_1)
FNDA:3,(anonymous_2)
FNDA:3,(anonymous_3)
FNDA:3,(anonymous_4)
FNDA:5,(anonymous_5)
DA:6,1
DA:9,4
DA:16,5
DA:26,3
DA:41,3
DA:55,3
DA:71,5
DA:81,1
LF:8
LH:8
BRF:0
BRH:0
end_of_record
TN:
SF:src/utils/health.js
FN:15,(anonymous_0)
FN:21,checkDatabase
FN:22,(anonymous_2)
FN:33,(anonymous_3)
FN:39,(anonymous_4)
FN:44,(anonymous_5)
FN:46,(anonymous_6)
FNF:7
FNH:3
FNDA:6,(anonymous_0)
FNDA:4,checkDatabase
FNDA:4,(anonymous_2)
FNDA:0,(anonymous_3)
FNDA:0,(anonymous_4)
FNDA:0,(anonymous_5)
FNDA:0,(anonymous_6)
DA:1,2
DA:2,2
DA:3,2
DA:4,2
DA:7,2
DA:15,6
DA:16,2
DA:18,1
DA:22,4
DA:23,4
DA:24,4
DA:25,4
DA:26,4
DA:27,4
DA:29,0
DA:30,0
DA:31,0
DA:33,0
DA:34,0
DA:35,0
DA:36,0
DA:39,0
DA:40,0
DA:41,0
DA:44,0
DA:45,0
DA:46,0
DA:47,0
DA:48,0
DA:49,0
DA:55,0
DA:56,0
DA:57,0
DA:62,2
LF:34
LH:15
BRDA:16,0,0,1
BRDA:16,0,1,1
BRDA:25,1,0,4
BRDA:25,1,1,0
BRDA:34,2,0,0
BRDA:34,2,1,0
BRDA:40,3,0,0
BRDA:40,3,1,0
BRDA:45,4,0,0
BRDA:45,4,1,0
BRDA:45,5,0,0
BRDA:45,5,1,0
BRDA:47,6,0,0
BRDA:47,6,1,0
BRDA:47,7,0,0
BRDA:47,7,1,0
BRF:16
BRH:3
end_of_record
TN:
SF:src/utils/joiSchemas.js
FN:29,(anonymous_0)
FN:283,validateSchema
FN:284,(anonymous_2)
FN:294,(anonymous_3)
FNF:4
FNH:3
FNDA:0,(anonymous_0)
FNDA:182,validateSchema
FNDA:1,(anonymous_2)
FNDA:2,(anonymous_3)
DA:7,6
DA:12,6
DA:30,0
DA:31,0
DA:32,0
DA:33,0
DA:34,0
DA:36,0
DA:111,6
DA:162,6
DA:187,6
DA:228,6
DA:256,6
DA:284,182
DA:285,1
DA:291,1
DA:292,1
DA:294,2
DA:303,0
DA:304,0
DA:308,6
LF:21
LH:13
BRDA:33,0,0,0
BRDA:33,0,1,0
BRDA:283,1,0,182
BRDA:291,2,0,1
BRDA:291,2,1,0
BRF:5
BRH:2
end_of_record
TN:
SF:src/utils/logger.js
FN:13,(anonymous_0)
FN:112,(anonymous_1)
FN:122,(anonymous_2)
FN:135,(anonymous_3)
FN:152,(anonymous_4)
FN:174,(anonymous_5)
FNF:6
FNH:1
FNDA:0,(anonymous_0)
FNDA:0,(anonymous_1)
FNDA:0,(anonymous_2)
FNDA:34,(anonymous_3)
FNDA:0,(anonymous_4)
FNDA:0,(anonymous_5)
DA:1,7
DA:2,7
DA:3,7
DA:4,7
DA:7,7
DA:8,7
DA:9,0
DA:13,7
DA:14,0
DA:15,0
DA:16,0
DA:17,0
DA:18,0
DA:19,0
DA:23,7
DA:30,7
DA:31,7
DA:33,0
DA:34,0
DA:38,7
DA:52,7
DA:53,7
DA:65,0
DA:77,7
DA:78,7
DA:90,0
DA:101,7
DA:112,7
DA:113,0
DA:122,7
DA:123,0
DA:124,0
DA:135,7
DA:136,34
DA:137,34
DA:152,7
DA:153,0
DA:154,0
DA:156,0
DA:157,0
DA:158,0
DA:161,0
DA:162,0
DA:163,0
DA:166,0
DA:167,0
DA:170,0
DA:174,7
DA:175,0
DA:182,7
LF:50
LH:24
BRDA:8,0,0,0
BRDA:8,0,1,7
BRDA:15,1,0,0
BRDA:15,1,1,0
BRDA:16,2,0,0
BRDA:16,2,1,0
BRDA:17,3,0,0
BRDA:17,3,1,0
BRDA:18,4,0,0
BRDA:18,4,1,0
BRDA:47,5,0,7
BRDA:47,5,1,0
BRDA:52,6,0,7
BRDA:52,6,1,0
BRDA:77,7,0,7
BRDA:77,7,1,0
BRDA:102,8,0,7
BRDA:102,8,1,0
BRDA:112,9,0,0
BRDA:122,10,0,0
BRDA:123,11,0,0
BRDA:123,11,1,0
BRDA:123,12,0,0
BRDA:123,12,1,0
BRDA:135,13,0,0
BRDA:136,14,0,0
BRDA:136,14,1,34
BRDA:136,15,0,32
BRDA:136,15,1,2
BRDA:153,16,0,0
BRDA:153,16,1,0
BRDA:156,17,0,0
BRDA:156,17,1,0
BRDA:156,18,0,0
BRDA:156,18,1,0
BRDA:161,19,0,0
BRDA:161,19,1,0
BRDA:166,20,0,0
BRDA:166,20,1,0
BRDA:166,21,0,0
BRDA:166,21,1,0
BRDA:170,22,0,0
BRDA:170,22,1,0
BRDA:177,23,0,0
BRDA:177,23,1,0
BRF:45
BRH:8
end_of_record
TN:
SF:src/utils/notifications.js
FN:13,(anonymous_0)
FN:20,(anonymous_1)
FN:27,(anonymous_2)
FN:36,(anonymous_3)
FN:43,(anonymous_4)
FNF:5
FNH:5
FNDA:11,(anonymous_0)
FNDA:8,(anonymous_1)
FNDA:9,(anonymous_2)
FNDA:10,(anonymous_3)
FNDA:8,(anonymous_4)
DA:6,2
DA:7,2
DA:14,11
DA:21,8
DA:28,9
DA:30,9
DA:37,10
DA:44,8
DA:48,2
LF:9
LH:9
BRF:0
BRH:0
end_of_record
TN:
SF:src/utils/priceCalculator.js
FN:12,[REDACTED_TOKEN]
FN:83,[REDACTED_TOKEN]
FN:109,[REDACTED_TOKEN]
FNF:3
FNH:3
FNDA:31,[REDACTED_TOKEN]
FNDA:10,[REDACTED_TOKEN]
FNDA:11,[REDACTED_TOKEN]
DA:13,31
DA:16,31
DA:17,31
DA:18,31
DA:21,31
DA:22,4
DA:24,27
DA:27,31
DA:30,31
DA:31,5
DA:32,5
DA:34,26
DA:38,31
DA:39,5
DA:40,5
DA:41,5
DA:43,26
DA:47,31
DA:48,4
DA:49,4
DA:50,4
DA:52,27
DA:56,31
DA:57,3
DA:60,31
DA:62,31
DA:84,10
DA:91,10
DA:92,3
DA:93,3
DA:94,3
DA:95,7
DA:96,2
DA:97,2
DA:99,5
DA:100,5
DA:103,10
DA:110,11
DA:112,11
DA:118,11
DA:119,11
DA:125,11
DA:126,2
DA:132,11
DA:133,2
DA:139,11
DA:140,2
DA:146,11
DA:152,11
DA:155,5
LF:50
LH:50
BRDA:16,0,0,31
BRDA:16,0,1,1
BRDA:17,1,0,31
BRDA:17,1,1,1
BRDA:18,2,0,31
BRDA:18,2,1,0
BRDA:21,3,0,4
BRDA:21,3,1,27
BRDA:30,4,0,5
BRDA:30,4,1,26
BRDA:38,5,0,5
BRDA:38,5,1,26
BRDA:39,6,0,5
BRDA:39,6,1,0
BRDA:47,7,0,4
BRDA:47,7,1,27
BRDA:48,8,0,4
BRDA:48,8,1,0
BRDA:56,9,0,3
BRDA:56,9,1,28
BRDA:56,10,0,31
BRDA:56,10,1,3
BRDA:85,11,0,10
BRDA:85,11,1,2
BRDA:91,12,0,3
BRDA:91,12,1,7
BRDA:91,13,0,10
BRDA:91,13,1,5
BRDA:95,14,0,2
BRDA:95,14,1,5
BRDA:118,15,0,11
BRDA:118,15,1,0
BRDA:125,16,0,2
BRDA:125,16,1,9
BRDA:132,17,0,2
BRDA:132,17,1,9
BRDA:139,18,0,2
BRDA:139,18,1,9
BRF:38
BRH:34
end_of_record
TN:
SF:src/utils/queueDashboard.js
FN:26,[REDACTED_TOKEN]
FNF:1
FNH:1
FNDA:1,[REDACTED_TOKEN]
DA:10,1
DA:11,1
DA:12,1
DA:13,1
DA:14,1
DA:27,1
DA:29,1
DA:34,1
DA:42,0
DA:44,0
DA:47,0
DA:49,1
DA:51,1
DA:55,1
LF:14
LH:11
BRDA:26,0,0,0
BRDA:44,1,0,0
BRDA:44,1,1,0
BRF:3
BRH:0
end_of_record
TN:
SF:src/utils/scheduler.js
FN:15,(anonymous_0)
FN:19,(anonymous_1)
FN:25,(anonymous_2)
FN:31,(anonymous_3)
FN:37,(anonymous_4)
FN:43,(anonymous_5)
FN:54,(anonymous_6)
FN:70,(anonymous_7)
FN:87,(anonymous_8)
FN:100,(anonymous_9)
FN:113,(anonymous_10)
FN:124,(anonymous_11)
FNF:12
FNH:0
FNDA:0,(anonymous_0)
FNDA:0,(anonymous_1)
FNDA:0,(anonymous_2)
FNDA:0,(anonymous_3)
FNDA:0,(anonymous_4)
FNDA:0,(anonymous_5)
FNDA:0,(anonymous_6)
FNDA:0,(anonymous_7)
FNDA:0,(anonymous_8)
FNDA:0,(anonymous_9)
FNDA:0,(anonymous_10)
FNDA:0,(anonymous_11)
DA:6,1
DA:7,1
DA:8,1
DA:9,1
DA:16,0
DA:19,0
DA:20,0
DA:21,0
DA:25,0
DA:26,0
DA:27,0
DA:31,0
DA:32,0
DA:33,0
DA:37,0
DA:38,0
DA:39,0
DA:43,0
DA:44,0
DA:45,0
DA:48,0
DA:55,0
DA:61,0
DA:63,0
DA:71,0
DA:78,0
DA:80,0
DA:88,0
DA:91,0
DA:93,0
DA:101,0
DA:104,0
DA:106,0
DA:114,0
DA:115,0
DA:116,0
DA:118,0
DA:125,0
DA:129,1
LF:39
LH:5
BRDA:118,0,0,0
BRDA:118,0,1,0
BRF:2
BRH:0
end_of_record
TN:
SF:src/utils/validation.js
FN:6,(anonymous_0)
FN:11,(anonymous_1)
FN:17,(anonymous_2)
FN:23,(anonymous_3)
FN:29,(anonymous_4)
FN:35,(anonymous_5)
FN:66,(anonymous_6)
FN:84,(anonymous_7)
FN:102,(anonymous_8)
FNF:9
FNH:0
FNDA:0,(anonymous_0)
FNDA:0,(anonymous_1)
FNDA:0,(anonymous_2)
FNDA:0,(anonymous_3)
FNDA:0,(anonymous_4)
FNDA:0,(anonymous_5)
FNDA:0,(anonymous_6)
FNDA:0,(anonymous_7)
FNDA:0,(anonymous_8)
DA:6,0
DA:7,0
DA:8,0
DA:11,0
DA:13,0
DA:14,0
DA:17,0
DA:19,0
DA:20,0
DA:23,0
DA:25,0
DA:26,0
DA:29,0
DA:31,0
DA:32,0
DA:35,0
DA:36,0
DA:38,0
DA:39,0
DA:42,0
DA:43,0
DA:45,0
DA:46,0
DA:47,0
DA:51,0
DA:52,0
DA:55,0
DA:56,0
DA:59,0
DA:60,0
DA:63,0
DA:66,0
DA:67,0
DA:69,0
DA:70,0
DA:73,0
DA:74,0
DA:77,0
DA:78,0
DA:81,0
DA:84,0
DA:85,0
DA:87,0
DA:88,0
DA:91,0
DA:92,0
DA:95,0
DA:96,0
DA:99,0
DA:102,0
DA:103,0
DA:105,0
DA:106,0
DA:109,0
DA:110,0
DA:113,0
DA:114,0
DA:117,0
DA:118,0
DA:121,0
DA:124,0
LF:61
LH:0
BRDA:38,0,0,0
BRDA:38,0,1,0
BRDA:38,1,0,0
BRDA:38,1,1,0
BRDA:42,2,0,0
BRDA:42,2,1,0
BRDA:46,3,0,0
BRDA:46,3,1,0
BRDA:51,4,0,0
BRDA:51,4,1,0
BRDA:51,5,0,0
BRDA:51,5,1,0
BRDA:55,6,0,0
BRDA:55,6,1,0
BRDA:55,7,0,0
BRDA:55,7,1,0
BRDA:59,8,0,0
BRDA:59,8,1,0
BRDA:59,9,0,0
BRDA:59,9,1,0
BRDA:69,10,0,0
BRDA:69,10,1,0
BRDA:69,11,0,0
BRDA:69,11,1,0
BRDA:73,12,0,0
BRDA:73,12,1,0
BRDA:73,13,0,0
BRDA:73,13,1,0
BRDA:77,14,0,0
BRDA:77,14,1,0
BRDA:87,15,0,0
BRDA:87,15,1,0
BRDA:87,16,0,0
BRDA:87,16,1,0
BRDA:91,17,0,0
BRDA:91,17,1,0
BRDA:91,18,0,0
BRDA:91,18,1,0
BRDA:91,18,2,0
BRDA:95,19,0,0
BRDA:95,19,1,0
BRDA:95,20,0,0
BRDA:95,20,1,0
BRDA:105,21,0,0
BRDA:105,21,1,0
BRDA:105,22,0,0
BRDA:105,22,1,0
BRDA:109,23,0,0
BRDA:109,23,1,0
BRDA:109,24,0,0
BRDA:109,24,1,0
BRDA:113,25,0,0
BRDA:113,25,1,0
BRDA:113,26,0,0
BRDA:113,26,1,0
BRDA:117,27,0,0
BRDA:117,27,1,0
BRDA:117,28,0,0
BRDA:117,28,1,0
BRDA:117,28,2,0
BRF:60
BRH:0
end_of_record
TN:
SF:src/workers/emailQueueWorker.js
FN:20,(anonymous_0)
FN:28,(anonymous_1)
FN:55,(anonymous_2)
FN:60,(anonymous_3)
FN:66,(anonymous_4)
FN:81,(anonymous_5)
FN:104,(anonymous_6)
FN:129,(anonymous_7)
FN:152,(anonymous_8)
FNF:9
FNH:0
FNDA:0,(anonymous_0)
FNDA:0,(anonymous_1)
FNDA:0,(anonymous_2)
FNDA:0,(anonymous_3)
FNDA:0,(anonymous_4)
FNDA:0,(anonymous_5)
FNDA:0,(anonymous_6)
FNDA:0,(anonymous_7)
FNDA:0,(anonymous_8)
DA:15,0
DA:16,0
DA:17,0
DA:21,0
DA:22,0
DA:29,0
DA:30,0
DA:33,0
DA:34,0
DA:35,0
DA:36,0
DA:38,0
DA:39,0
DA:42,0
DA:45,0
DA:46,0
DA:49,0
DA:51,0
DA:52,0
DA:55,0
DA:56,0
DA:57,0
DA:60,0
DA:61,0
DA:62,0
DA:66,0
DA:67,0
DA:70,0
DA:74,0
DA:82,0
DA:83,0
DA:84,0
DA:86,0
DA:87,0
DA:91,0
DA:93,0
DA:94,0
DA:96,0
DA:97,0
DA:105,0
DA:106,0
DA:109,0
DA:110,0
DA:113,0
DA:114,0
DA:118,0
DA:119,0
DA:122,0
DA:130,0
DA:131,0
DA:134,0
DA:135,0
DA:136,0
DA:145,0
DA:151,0
DA:152,0
DA:153,0
DA:154,0
DA:158,0
LF:59
LH:0
BRDA:86,0,0,0
BRDA:86,0,1,0
BRDA:109,1,0,0
BRDA:109,1,1,0
BRDA:113,2,0,0
BRDA:113,2,1,0
BRDA:118,3,0,0
BRDA:118,3,1,0
BRDA:118,4,0,0
BRDA:118,4,1,0
BRDA:118,4,2,0
BRDA:135,5,0,0
BRDA:135,5,1,0
BRF:13
BRH:0
end_of_record
